2025-08-15 11:17:48 INFO  c.d.factoraje.FactorajeApplication - Starting FactorajeApplication using Java 1.8.0_441 on SV03L000N3218 with PID 30304 (C:\Users\91737\Documents\Workplace\Desarrollo de software\Repositorios davicash\server-davicash\target\classes started by 91737 in C:\Users\91737\Documents\Workplace\Desarrollo de software\Repositorios davicash\server-davicash)
2025-08-15 11:17:48 INFO  c.d.factoraje.FactorajeApplication - No active profile set, falling back to 1 default profile: "default"
2025-08-15 11:17:48 INFO  o.s.b.d.e.DevToolsPropertyDefaultsPostProcessor - Devtools property defaults active! Set 'spring.devtools.add-properties' to 'false' to disable
2025-08-15 11:17:48 INFO  o.s.b.d.e.DevToolsPropertyDefaultsPostProcessor - For additional web related logging consider setting the 'logging.level.web' property to 'DEBUG'
2025-08-15 11:17:50 INFO  o.s.d.r.c.RepositoryConfigurationDelegate - Bootstrapping Spring Data JPA repositories in DEFAULT mode.
2025-08-15 11:17:51 INFO  o.s.d.r.c.RepositoryConfigurationDelegate - Finished Spring Data repository scanning in 384 ms. Found 8 JPA repository interfaces.
2025-08-15 11:17:54 INFO  o.s.b.w.e.tomcat.TomcatWebServer - Tomcat initialized with port(s): 8080 (http)
2025-08-15 11:17:54 INFO  o.a.catalina.core.StandardService - Starting service [Tomcat]
2025-08-15 11:17:54 INFO  o.a.catalina.core.StandardEngine - Starting Servlet engine: [Apache Tomcat/9.0.83]
2025-08-15 11:17:55 INFO  o.a.c.c.C.[Tomcat].[localhost].[/] - Initializing Spring embedded WebApplicationContext
2025-08-15 11:17:55 INFO  o.s.b.w.s.c.ServletWebServerApplicationContext - Root WebApplicationContext: initialization completed in 6594 ms
2025-08-15 11:17:55 INFO  com.zaxxer.hikari.HikariDataSource - HikariPool-1 - Starting...
2025-08-15 11:17:57 INFO  com.zaxxer.hikari.HikariDataSource - HikariPool-1 - Start completed.
2025-08-15 11:17:57 INFO  o.h.jpa.internal.util.LogHelper - HHH000204: Processing PersistenceUnitInfo [name: default]
2025-08-15 11:17:57 INFO  org.hibernate.Version - HHH000412: Hibernate ORM core version 5.6.15.Final
2025-08-15 11:17:57 INFO  o.h.annotations.common.Version - HCANN000001: Hibernate Commons Annotations {5.1.2.Final}
2025-08-15 11:17:57 INFO  org.hibernate.dialect.Dialect - HHH000400: Using dialect: org.hibernate.dialect.PostgreSQLDialect
2025-08-15 11:18:00 INFO  o.h.e.t.j.p.i.JtaPlatformInitiator - HHH000490: Using JtaPlatform implementation: [org.hibernate.engine.transaction.jta.platform.internal.NoJtaPlatform]
2025-08-15 11:18:00 INFO  o.s.o.j.LocalContainerEntityManagerFactoryBean - Initialized JPA EntityManagerFactory for persistence unit 'default'
2025-08-15 11:18:02 INFO  c.d.factoraje.service.RoleService - RoleService initialized
2025-08-15 11:18:02 INFO  c.d.factoraje.service.UserService - UserService initialized
2025-08-15 11:18:02 INFO  c.d.factoraje.service.EntityService - EntityService initialized
2025-08-15 11:18:02 INFO  c.d.f.service.DocumentService - DocumentService initialized
2025-08-15 11:18:02 INFO  c.d.f.service.AgreementService - AgreementService initialized
2025-08-15 11:18:02 INFO  c.d.f.controller.AgreementController - AgreementController initialized
2025-08-15 11:18:02 INFO  c.d.factoraje.service.EntornoService - EntornoController initialized
2025-08-15 11:18:02 INFO  c.d.f.controller.AuthController - AuthController initialized
2025-08-15 11:18:02 INFO  c.d.f.controller.DocumentController - DocumentController initialized
2025-08-15 11:18:02 INFO  c.d.f.controller.EntityController - EntityController initialized
2025-08-15 11:18:02 INFO  c.d.f.service.OperationsService - OperationsService ha sido instanciado.
2025-08-15 11:18:02 INFO  c.d.f.service.OperationsService - Iniciando carga de parámetros de la aplicación...
2025-08-15 11:18:02 INFO  c.d.f.service.OperationsService - Parámetros cargados y listos ? Interés=0.0, Comisión=0.0, Base=0
2025-08-15 11:18:02 INFO  c.d.f.c.OperationsController - OperationsController initialized
2025-08-15 11:18:02 INFO  c.d.f.service.PermissionService - PermissionService initialized
2025-08-15 11:18:02 INFO  c.d.f.c.PermissionController - PermissionController initialized
2025-08-15 11:18:02 INFO  c.d.f.c.ProcessFileController - ProcessFileController initialized
2025-08-15 11:18:02 INFO  c.d.f.controller.RoleController - RoleController initialized
2025-08-15 11:18:02 INFO  c.d.f.controller.DocumentController - UserController initialized
2025-08-15 11:18:03 INFO  c.d.factoraje.auth.InitEntorno - Inicio--------------
2025-08-15 11:18:03 INFO  c.d.factoraje.auth.InitEntorno - ------- Establenciendo conexion --------
2025-08-15 11:18:03 INFO  c.d.f.d.FabricaEntornoCoreSpring - parametro de conexion jndi: java:comp/env/jdbc/J2EntornoDB
2025-08-15 11:18:03 ERROR c.d.f.d.FabricaEntornoCoreSpring - FabricaEntornoCoreSpring||obtenerSpringDSConexion error en la configuracion del jndy: java:comp/env/jdbc/J2EntornoDB
javax.naming.NoInitialContextException: Need to specify class name in environment or system property, or as an applet parameter, or in an application resource file:  java.naming.factory.initial
	at javax.naming.spi.NamingManager.getInitialContext(NamingManager.java:672)
	at javax.naming.InitialContext.getDefaultInitCtx(InitialContext.java:313)
	at javax.naming.InitialContext.getURLOrDefaultInitCtx(InitialContext.java:350)
	at javax.naming.InitialContext.lookup(InitialContext.java:417)
	at org.springframework.jndi.JndiTemplate.lambda$lookup$0(JndiTemplate.java:157)
	at org.springframework.jndi.JndiTemplate.execute(JndiTemplate.java:92)
	at org.springframework.jndi.JndiTemplate.lookup(JndiTemplate.java:157)
	at org.springframework.jndi.JndiTemplate.lookup(JndiTemplate.java:179)
	at com.davivienda.factoraje.database.FabricaEntornoCoreSpring.obtenerSpringDSConexion(FabricaEntornoCoreSpring.java:46)
	at com.davivienda.factoraje.database.FabricaEntornoCoreSpring.conexionDefinida(FabricaEntornoCoreSpring.java:27)
	at com.davivienda.factoraje.auth.InitEntorno.arrancarJ2EntornoCliente(InitEntorno.java:40)
	at com.davivienda.factoraje.auth.InitEntorno$$EnhancerBySpringCGLIB$$64361760.CGLIB$arrancarJ2EntornoCliente$0(<generated>)
	at com.davivienda.factoraje.auth.InitEntorno$$EnhancerBySpringCGLIB$$64361760$$FastClassBySpringCGLIB$$612d6ac8.invoke(<generated>)
	at org.springframework.cglib.proxy.MethodProxy.invokeSuper(MethodProxy.java:244)
	at org.springframework.context.annotation.ConfigurationClassEnhancer$BeanMethodInterceptor.intercept(ConfigurationClassEnhancer.java:331)
	at com.davivienda.factoraje.auth.InitEntorno$$EnhancerBySpringCGLIB$$64361760.arrancarJ2EntornoCliente(<generated>)
	at sun.reflect.NativeMethodAccessorImpl.invoke0(Native Method)
	at sun.reflect.NativeMethodAccessorImpl.invoke(NativeMethodAccessorImpl.java:62)
	at sun.reflect.DelegatingMethodAccessorImpl.invoke(DelegatingMethodAccessorImpl.java:43)
	at java.lang.reflect.Method.invoke(Method.java:498)
	at org.springframework.beans.factory.support.SimpleInstantiationStrategy.instantiate(SimpleInstantiationStrategy.java:154)
	at org.springframework.beans.factory.support.ConstructorResolver.instantiate(ConstructorResolver.java:648)
	at org.springframework.beans.factory.support.ConstructorResolver.instantiateUsingFactoryMethod(ConstructorResolver.java:481)
	at org.springframework.beans.factory.support.AbstractAutowireCapableBeanFactory.instantiateUsingFactoryMethod(AbstractAutowireCapableBeanFactory.java:1352)
	at org.springframework.beans.factory.support.AbstractAutowireCapableBeanFactory.createBeanInstance(AbstractAutowireCapableBeanFactory.java:1195)
	at org.springframework.beans.factory.support.AbstractAutowireCapableBeanFactory.doCreateBean(AbstractAutowireCapableBeanFactory.java:582)
	at org.springframework.beans.factory.support.AbstractAutowireCapableBeanFactory.createBean(AbstractAutowireCapableBeanFactory.java:542)
	at org.springframework.beans.factory.support.AbstractBeanFactory.lambda$doGetBean$0(AbstractBeanFactory.java:335)
	at org.springframework.beans.factory.support.DefaultSingletonBeanRegistry.getSingleton(DefaultSingletonBeanRegistry.java:234)
	at org.springframework.beans.factory.support.AbstractBeanFactory.doGetBean(AbstractBeanFactory.java:333)
	at org.springframework.beans.factory.support.AbstractBeanFactory.getBean(AbstractBeanFactory.java:208)
	at org.springframework.beans.factory.support.DefaultListableBeanFactory.preInstantiateSingletons(DefaultListableBeanFactory.java:955)
	at org.springframework.context.support.AbstractApplicationContext.finishBeanFactoryInitialization(AbstractApplicationContext.java:929)
	at org.springframework.context.support.AbstractApplicationContext.refresh(AbstractApplicationContext.java:591)
	at org.springframework.boot.web.servlet.context.ServletWebServerApplicationContext.refresh(ServletWebServerApplicationContext.java:147)
	at org.springframework.boot.SpringApplication.refresh(SpringApplication.java:732)
	at org.springframework.boot.SpringApplication.refreshContext(SpringApplication.java:409)
	at org.springframework.boot.SpringApplication.run(SpringApplication.java:308)
	at org.springframework.boot.SpringApplication.run(SpringApplication.java:1300)
	at org.springframework.boot.SpringApplication.run(SpringApplication.java:1289)
	at com.davivienda.factoraje.FactorajeApplication.main(FactorajeApplication.java:12)
	at sun.reflect.NativeMethodAccessorImpl.invoke0(Native Method)
	at sun.reflect.NativeMethodAccessorImpl.invoke(NativeMethodAccessorImpl.java:62)
	at sun.reflect.DelegatingMethodAccessorImpl.invoke(DelegatingMethodAccessorImpl.java:43)
	at java.lang.reflect.Method.invoke(Method.java:498)
	at org.springframework.boot.devtools.restart.RestartLauncher.run(RestartLauncher.java:50)
2025-08-15 11:18:03 INFO  c.d.f.d.FabricaEntornoCoreSpring - parametro de conexion jndi: java:comp/env/jdbc/J2EntornoDB
2025-08-15 11:18:03 ERROR c.d.f.d.FabricaEntornoCoreSpring - FabricaEntornoCoreSpring||obtenerSpringDSConexion error en la configuracion del jndy: java:comp/env/jdbc/J2EntornoDB
javax.naming.NoInitialContextException: Need to specify class name in environment or system property, or as an applet parameter, or in an application resource file:  java.naming.factory.initial
	at javax.naming.spi.NamingManager.getInitialContext(NamingManager.java:672)
	at javax.naming.InitialContext.getDefaultInitCtx(InitialContext.java:313)
	at javax.naming.InitialContext.getURLOrDefaultInitCtx(InitialContext.java:350)
	at javax.naming.InitialContext.lookup(InitialContext.java:417)
	at org.springframework.jndi.JndiTemplate.lambda$lookup$0(JndiTemplate.java:157)
	at org.springframework.jndi.JndiTemplate.execute(JndiTemplate.java:92)
	at org.springframework.jndi.JndiTemplate.lookup(JndiTemplate.java:157)
	at org.springframework.jndi.JndiTemplate.lookup(JndiTemplate.java:179)
	at com.davivienda.factoraje.database.FabricaEntornoCoreSpring.obtenerSpringDSConexion(FabricaEntornoCoreSpring.java:46)
	at com.davivienda.factoraje.database.FabricaEntornoCoreSpring.conexionDefinida(FabricaEntornoCoreSpring.java:27)
	at com.hsbc.sv.desarrollo.interconexion.impl.jdbcbasico.ServicioJDBC.conexionActiva(ServicioJDBC.java:119)
	at com.hsbc.sv.desarrollo.interconexion.impl.jdbcbasico.ServicioJDBCResultSet.ejecutar(ServicioJDBCResultSet.java:41)
	at com.hsbc.sv.desarrollo.interconexion.Servicio.invocar(Servicio.java:146)
	at com.hsbc.sv.desarrollo.interconexion.FabricaServicios.operacion(FabricaServicios.java:410)
	at com.hsbc.sv.desarrollo.interconexion.FabricaServicios.obtenerDatos(FabricaServicios.java:357)
	at com.hsbc.sv.j2entorno.core.FabricaEntornoCore.arrancarJ2EntornoCliente(FabricaEntornoCore.java:92)
	at com.davivienda.factoraje.auth.InitEntorno.arrancarJ2EntornoCliente(InitEntorno.java:41)
	at com.davivienda.factoraje.auth.InitEntorno$$EnhancerBySpringCGLIB$$64361760.CGLIB$arrancarJ2EntornoCliente$0(<generated>)
	at com.davivienda.factoraje.auth.InitEntorno$$EnhancerBySpringCGLIB$$64361760$$FastClassBySpringCGLIB$$612d6ac8.invoke(<generated>)
	at org.springframework.cglib.proxy.MethodProxy.invokeSuper(MethodProxy.java:244)
	at org.springframework.context.annotation.ConfigurationClassEnhancer$BeanMethodInterceptor.intercept(ConfigurationClassEnhancer.java:331)
	at com.davivienda.factoraje.auth.InitEntorno$$EnhancerBySpringCGLIB$$64361760.arrancarJ2EntornoCliente(<generated>)
	at sun.reflect.NativeMethodAccessorImpl.invoke0(Native Method)
	at sun.reflect.NativeMethodAccessorImpl.invoke(NativeMethodAccessorImpl.java:62)
	at sun.reflect.DelegatingMethodAccessorImpl.invoke(DelegatingMethodAccessorImpl.java:43)
	at java.lang.reflect.Method.invoke(Method.java:498)
	at org.springframework.beans.factory.support.SimpleInstantiationStrategy.instantiate(SimpleInstantiationStrategy.java:154)
	at org.springframework.beans.factory.support.ConstructorResolver.instantiate(ConstructorResolver.java:648)
	at org.springframework.beans.factory.support.ConstructorResolver.instantiateUsingFactoryMethod(ConstructorResolver.java:481)
	at org.springframework.beans.factory.support.AbstractAutowireCapableBeanFactory.instantiateUsingFactoryMethod(AbstractAutowireCapableBeanFactory.java:1352)
	at org.springframework.beans.factory.support.AbstractAutowireCapableBeanFactory.createBeanInstance(AbstractAutowireCapableBeanFactory.java:1195)
	at org.springframework.beans.factory.support.AbstractAutowireCapableBeanFactory.doCreateBean(AbstractAutowireCapableBeanFactory.java:582)
	at org.springframework.beans.factory.support.AbstractAutowireCapableBeanFactory.createBean(AbstractAutowireCapableBeanFactory.java:542)
	at org.springframework.beans.factory.support.AbstractBeanFactory.lambda$doGetBean$0(AbstractBeanFactory.java:335)
	at org.springframework.beans.factory.support.DefaultSingletonBeanRegistry.getSingleton(DefaultSingletonBeanRegistry.java:234)
	at org.springframework.beans.factory.support.AbstractBeanFactory.doGetBean(AbstractBeanFactory.java:333)
	at org.springframework.beans.factory.support.AbstractBeanFactory.getBean(AbstractBeanFactory.java:208)
	at org.springframework.beans.factory.support.DefaultListableBeanFactory.preInstantiateSingletons(DefaultListableBeanFactory.java:955)
	at org.springframework.context.support.AbstractApplicationContext.finishBeanFactoryInitialization(AbstractApplicationContext.java:929)
	at org.springframework.context.support.AbstractApplicationContext.refresh(AbstractApplicationContext.java:591)
	at org.springframework.boot.web.servlet.context.ServletWebServerApplicationContext.refresh(ServletWebServerApplicationContext.java:147)
	at org.springframework.boot.SpringApplication.refresh(SpringApplication.java:732)
	at org.springframework.boot.SpringApplication.refreshContext(SpringApplication.java:409)
	at org.springframework.boot.SpringApplication.run(SpringApplication.java:308)
	at org.springframework.boot.SpringApplication.run(SpringApplication.java:1300)
	at org.springframework.boot.SpringApplication.run(SpringApplication.java:1289)
	at com.davivienda.factoraje.FactorajeApplication.main(FactorajeApplication.java:12)
	at sun.reflect.NativeMethodAccessorImpl.invoke0(Native Method)
	at sun.reflect.NativeMethodAccessorImpl.invoke(NativeMethodAccessorImpl.java:62)
	at sun.reflect.DelegatingMethodAccessorImpl.invoke(DelegatingMethodAccessorImpl.java:43)
	at java.lang.reflect.Method.invoke(Method.java:498)
	at org.springframework.boot.devtools.restart.RestartLauncher.run(RestartLauncher.java:50)
2025-08-15 11:18:03 INFO  c.d.factoraje.auth.InitEntorno - Codigo App Entorno: FactorajeAuthBEL
2025-08-15 11:18:03 INFO  c.d.factoraje.auth.InitEntorno - TotalFabricas:::1
2025-08-15 11:18:03 INFO  c.d.factoraje.auth.InitEntorno - Fin-----------------
2025-08-15 11:18:03 WARN  o.s.b.a.o.j.JpaBaseConfiguration$JpaWebConfiguration - spring.jpa.open-in-view is enabled by default. Therefore, database queries may be performed during view rendering. Explicitly configure spring.jpa.open-in-view to disable this warning
2025-08-15 11:18:04 INFO  o.s.b.d.a.OptionalLiveReloadServer - LiveReload server is running on port 35729
2025-08-15 11:18:04 INFO  o.s.b.w.e.tomcat.TomcatWebServer - Tomcat started on port(s): 8080 (http) with context path ''
2025-08-15 11:18:04 INFO  c.d.factoraje.FactorajeApplication - Started FactorajeApplication in 16.516 seconds (JVM running for 17.415)
2025-08-15 11:22:48 INFO  c.d.factoraje.FactorajeApplication - Starting FactorajeApplication using Java 1.8.0_441 on SV03L000N3218 with PID 16144 (C:\Users\91737\Documents\Workplace\Desarrollo de software\Repositorios davicash\server-davicash\target\classes started by 91737 in C:\Users\91737\Documents\Workplace\Desarrollo de software\Repositorios davicash\server-davicash)
2025-08-15 11:22:48 INFO  c.d.factoraje.FactorajeApplication - No active profile set, falling back to 1 default profile: "default"
2025-08-15 11:22:48 INFO  o.s.b.d.e.DevToolsPropertyDefaultsPostProcessor - Devtools property defaults active! Set 'spring.devtools.add-properties' to 'false' to disable
2025-08-15 11:22:48 INFO  o.s.b.d.e.DevToolsPropertyDefaultsPostProcessor - For additional web related logging consider setting the 'logging.level.web' property to 'DEBUG'
2025-08-15 11:22:50 INFO  o.s.d.r.c.RepositoryConfigurationDelegate - Bootstrapping Spring Data JPA repositories in DEFAULT mode.
2025-08-15 11:22:50 INFO  o.s.d.r.c.RepositoryConfigurationDelegate - Finished Spring Data repository scanning in 256 ms. Found 8 JPA repository interfaces.
2025-08-15 11:22:53 INFO  o.s.b.w.e.tomcat.TomcatWebServer - Tomcat initialized with port(s): 8080 (http)
2025-08-15 11:22:53 INFO  o.a.catalina.core.StandardService - Starting service [Tomcat]
2025-08-15 11:22:53 INFO  o.a.catalina.core.StandardEngine - Starting Servlet engine: [Apache Tomcat/9.0.83]
2025-08-15 11:22:53 INFO  o.a.c.c.C.[Tomcat].[localhost].[/] - Initializing Spring embedded WebApplicationContext
2025-08-15 11:22:53 INFO  o.s.b.w.s.c.ServletWebServerApplicationContext - Root WebApplicationContext: initialization completed in 4631 ms
2025-08-15 11:22:53 INFO  com.zaxxer.hikari.HikariDataSource - HikariPool-1 - Starting...
2025-08-15 11:22:55 INFO  com.zaxxer.hikari.HikariDataSource - HikariPool-1 - Start completed.
2025-08-15 11:22:55 INFO  o.h.jpa.internal.util.LogHelper - HHH000204: Processing PersistenceUnitInfo [name: default]
2025-08-15 11:22:55 INFO  org.hibernate.Version - HHH000412: Hibernate ORM core version 5.6.15.Final
2025-08-15 11:22:56 INFO  o.h.annotations.common.Version - HCANN000001: Hibernate Commons Annotations {5.1.2.Final}
2025-08-15 11:22:56 INFO  org.hibernate.dialect.Dialect - HHH000400: Using dialect: org.hibernate.dialect.PostgreSQLDialect
2025-08-15 11:22:59 INFO  o.h.e.t.j.p.i.JtaPlatformInitiator - HHH000490: Using JtaPlatform implementation: [org.hibernate.engine.transaction.jta.platform.internal.NoJtaPlatform]
2025-08-15 11:22:59 INFO  o.s.o.j.LocalContainerEntityManagerFactoryBean - Initialized JPA EntityManagerFactory for persistence unit 'default'
2025-08-15 11:23:01 INFO  c.d.factoraje.service.RoleService - RoleService initialized
2025-08-15 11:23:01 INFO  c.d.factoraje.service.UserService - UserService initialized
2025-08-15 11:23:01 INFO  c.d.factoraje.service.EntityService - EntityService initialized
2025-08-15 11:23:01 INFO  c.d.f.service.DocumentService - DocumentService initialized
2025-08-15 11:23:01 INFO  c.d.f.service.AgreementService - AgreementService initialized
2025-08-15 11:23:01 INFO  c.d.f.controller.AgreementController - AgreementController initialized
2025-08-15 11:23:01 INFO  c.d.factoraje.service.EntornoService - EntornoController initialized
2025-08-15 11:23:01 INFO  c.d.f.controller.AuthController - AuthController initialized
2025-08-15 11:23:01 INFO  c.d.f.controller.DocumentController - DocumentController initialized
2025-08-15 11:23:01 INFO  c.d.f.controller.EntityController - EntityController initialized
2025-08-15 11:23:01 INFO  c.d.f.service.OperationsService - OperationsService ha sido instanciado.
2025-08-15 11:23:01 INFO  c.d.f.service.OperationsService - Iniciando carga de parámetros de la aplicación...
2025-08-15 11:23:01 INFO  c.d.f.service.OperationsService - Parámetros cargados y listos ? Interés=0.0, Comisión=0.0, Base=0
2025-08-15 11:23:01 INFO  c.d.f.c.OperationsController - OperationsController initialized
2025-08-15 11:23:01 INFO  c.d.f.service.PermissionService - PermissionService initialized
2025-08-15 11:23:01 INFO  c.d.f.c.PermissionController - PermissionController initialized
2025-08-15 11:23:01 INFO  c.d.f.c.ProcessFileController - ProcessFileController initialized
2025-08-15 11:23:01 INFO  c.d.f.controller.RoleController - RoleController initialized
2025-08-15 11:23:01 INFO  c.d.f.controller.DocumentController - UserController initialized
2025-08-15 11:23:01 INFO  c.d.factoraje.auth.InitEntorno - Inicio--------------
2025-08-15 11:23:01 INFO  c.d.factoraje.auth.InitEntorno - ------- Establenciendo conexion --------
2025-08-15 11:23:01 INFO  c.d.f.d.FabricaEntornoCoreSpring - parametro de conexion jndi: java:comp/env/jdbc/J2EntornoDB
2025-08-15 11:23:01 ERROR c.d.f.d.FabricaEntornoCoreSpring - FabricaEntornoCoreSpring||obtenerSpringDSConexion error en la configuracion del jndy: java:comp/env/jdbc/J2EntornoDB
javax.naming.NoInitialContextException: Need to specify class name in environment or system property, or as an applet parameter, or in an application resource file:  java.naming.factory.initial
	at javax.naming.spi.NamingManager.getInitialContext(NamingManager.java:672)
	at javax.naming.InitialContext.getDefaultInitCtx(InitialContext.java:313)
	at javax.naming.InitialContext.getURLOrDefaultInitCtx(InitialContext.java:350)
	at javax.naming.InitialContext.lookup(InitialContext.java:417)
	at org.springframework.jndi.JndiTemplate.lambda$lookup$0(JndiTemplate.java:157)
	at org.springframework.jndi.JndiTemplate.execute(JndiTemplate.java:92)
	at org.springframework.jndi.JndiTemplate.lookup(JndiTemplate.java:157)
	at org.springframework.jndi.JndiTemplate.lookup(JndiTemplate.java:179)
	at com.davivienda.factoraje.database.FabricaEntornoCoreSpring.obtenerSpringDSConexion(FabricaEntornoCoreSpring.java:46)
	at com.davivienda.factoraje.database.FabricaEntornoCoreSpring.conexionDefinida(FabricaEntornoCoreSpring.java:27)
	at com.davivienda.factoraje.auth.InitEntorno.arrancarJ2EntornoCliente(InitEntorno.java:40)
	at com.davivienda.factoraje.auth.InitEntorno$$EnhancerBySpringCGLIB$$deca84db.CGLIB$arrancarJ2EntornoCliente$0(<generated>)
	at com.davivienda.factoraje.auth.InitEntorno$$EnhancerBySpringCGLIB$$deca84db$$FastClassBySpringCGLIB$$7ffe8be0.invoke(<generated>)
	at org.springframework.cglib.proxy.MethodProxy.invokeSuper(MethodProxy.java:244)
	at org.springframework.context.annotation.ConfigurationClassEnhancer$BeanMethodInterceptor.intercept(ConfigurationClassEnhancer.java:331)
	at com.davivienda.factoraje.auth.InitEntorno$$EnhancerBySpringCGLIB$$deca84db.arrancarJ2EntornoCliente(<generated>)
	at sun.reflect.NativeMethodAccessorImpl.invoke0(Native Method)
	at sun.reflect.NativeMethodAccessorImpl.invoke(NativeMethodAccessorImpl.java:62)
	at sun.reflect.DelegatingMethodAccessorImpl.invoke(DelegatingMethodAccessorImpl.java:43)
	at java.lang.reflect.Method.invoke(Method.java:498)
	at org.springframework.beans.factory.support.SimpleInstantiationStrategy.instantiate(SimpleInstantiationStrategy.java:154)
	at org.springframework.beans.factory.support.ConstructorResolver.instantiate(ConstructorResolver.java:648)
	at org.springframework.beans.factory.support.ConstructorResolver.instantiateUsingFactoryMethod(ConstructorResolver.java:481)
	at org.springframework.beans.factory.support.AbstractAutowireCapableBeanFactory.instantiateUsingFactoryMethod(AbstractAutowireCapableBeanFactory.java:1352)
	at org.springframework.beans.factory.support.AbstractAutowireCapableBeanFactory.createBeanInstance(AbstractAutowireCapableBeanFactory.java:1195)
	at org.springframework.beans.factory.support.AbstractAutowireCapableBeanFactory.doCreateBean(AbstractAutowireCapableBeanFactory.java:582)
	at org.springframework.beans.factory.support.AbstractAutowireCapableBeanFactory.createBean(AbstractAutowireCapableBeanFactory.java:542)
	at org.springframework.beans.factory.support.AbstractBeanFactory.lambda$doGetBean$0(AbstractBeanFactory.java:335)
	at org.springframework.beans.factory.support.DefaultSingletonBeanRegistry.getSingleton(DefaultSingletonBeanRegistry.java:234)
	at org.springframework.beans.factory.support.AbstractBeanFactory.doGetBean(AbstractBeanFactory.java:333)
	at org.springframework.beans.factory.support.AbstractBeanFactory.getBean(AbstractBeanFactory.java:208)
	at org.springframework.beans.factory.support.DefaultListableBeanFactory.preInstantiateSingletons(DefaultListableBeanFactory.java:955)
	at org.springframework.context.support.AbstractApplicationContext.finishBeanFactoryInitialization(AbstractApplicationContext.java:929)
	at org.springframework.context.support.AbstractApplicationContext.refresh(AbstractApplicationContext.java:591)
	at org.springframework.boot.web.servlet.context.ServletWebServerApplicationContext.refresh(ServletWebServerApplicationContext.java:147)
	at org.springframework.boot.SpringApplication.refresh(SpringApplication.java:732)
	at org.springframework.boot.SpringApplication.refreshContext(SpringApplication.java:409)
	at org.springframework.boot.SpringApplication.run(SpringApplication.java:308)
	at org.springframework.boot.SpringApplication.run(SpringApplication.java:1300)
	at org.springframework.boot.SpringApplication.run(SpringApplication.java:1289)
	at com.davivienda.factoraje.FactorajeApplication.main(FactorajeApplication.java:12)
	at sun.reflect.NativeMethodAccessorImpl.invoke0(Native Method)
	at sun.reflect.NativeMethodAccessorImpl.invoke(NativeMethodAccessorImpl.java:62)
	at sun.reflect.DelegatingMethodAccessorImpl.invoke(DelegatingMethodAccessorImpl.java:43)
	at java.lang.reflect.Method.invoke(Method.java:498)
	at org.springframework.boot.devtools.restart.RestartLauncher.run(RestartLauncher.java:50)
2025-08-15 11:23:01 INFO  c.d.f.d.FabricaEntornoCoreSpring - parametro de conexion jndi: java:comp/env/jdbc/J2EntornoDB
2025-08-15 11:23:01 ERROR c.d.f.d.FabricaEntornoCoreSpring - FabricaEntornoCoreSpring||obtenerSpringDSConexion error en la configuracion del jndy: java:comp/env/jdbc/J2EntornoDB
javax.naming.NoInitialContextException: Need to specify class name in environment or system property, or as an applet parameter, or in an application resource file:  java.naming.factory.initial
	at javax.naming.spi.NamingManager.getInitialContext(NamingManager.java:672)
	at javax.naming.InitialContext.getDefaultInitCtx(InitialContext.java:313)
	at javax.naming.InitialContext.getURLOrDefaultInitCtx(InitialContext.java:350)
	at javax.naming.InitialContext.lookup(InitialContext.java:417)
	at org.springframework.jndi.JndiTemplate.lambda$lookup$0(JndiTemplate.java:157)
	at org.springframework.jndi.JndiTemplate.execute(JndiTemplate.java:92)
	at org.springframework.jndi.JndiTemplate.lookup(JndiTemplate.java:157)
	at org.springframework.jndi.JndiTemplate.lookup(JndiTemplate.java:179)
	at com.davivienda.factoraje.database.FabricaEntornoCoreSpring.obtenerSpringDSConexion(FabricaEntornoCoreSpring.java:46)
	at com.davivienda.factoraje.database.FabricaEntornoCoreSpring.conexionDefinida(FabricaEntornoCoreSpring.java:27)
	at com.hsbc.sv.desarrollo.interconexion.impl.jdbcbasico.ServicioJDBC.conexionActiva(ServicioJDBC.java:119)
	at com.hsbc.sv.desarrollo.interconexion.impl.jdbcbasico.ServicioJDBCResultSet.ejecutar(ServicioJDBCResultSet.java:41)
	at com.hsbc.sv.desarrollo.interconexion.Servicio.invocar(Servicio.java:146)
	at com.hsbc.sv.desarrollo.interconexion.FabricaServicios.operacion(FabricaServicios.java:410)
	at com.hsbc.sv.desarrollo.interconexion.FabricaServicios.obtenerDatos(FabricaServicios.java:357)
	at com.hsbc.sv.j2entorno.core.FabricaEntornoCore.arrancarJ2EntornoCliente(FabricaEntornoCore.java:92)
	at com.davivienda.factoraje.auth.InitEntorno.arrancarJ2EntornoCliente(InitEntorno.java:41)
	at com.davivienda.factoraje.auth.InitEntorno$$EnhancerBySpringCGLIB$$deca84db.CGLIB$arrancarJ2EntornoCliente$0(<generated>)
	at com.davivienda.factoraje.auth.InitEntorno$$EnhancerBySpringCGLIB$$deca84db$$FastClassBySpringCGLIB$$7ffe8be0.invoke(<generated>)
	at org.springframework.cglib.proxy.MethodProxy.invokeSuper(MethodProxy.java:244)
	at org.springframework.context.annotation.ConfigurationClassEnhancer$BeanMethodInterceptor.intercept(ConfigurationClassEnhancer.java:331)
	at com.davivienda.factoraje.auth.InitEntorno$$EnhancerBySpringCGLIB$$deca84db.arrancarJ2EntornoCliente(<generated>)
	at sun.reflect.NativeMethodAccessorImpl.invoke0(Native Method)
	at sun.reflect.NativeMethodAccessorImpl.invoke(NativeMethodAccessorImpl.java:62)
	at sun.reflect.DelegatingMethodAccessorImpl.invoke(DelegatingMethodAccessorImpl.java:43)
	at java.lang.reflect.Method.invoke(Method.java:498)
	at org.springframework.beans.factory.support.SimpleInstantiationStrategy.instantiate(SimpleInstantiationStrategy.java:154)
	at org.springframework.beans.factory.support.ConstructorResolver.instantiate(ConstructorResolver.java:648)
	at org.springframework.beans.factory.support.ConstructorResolver.instantiateUsingFactoryMethod(ConstructorResolver.java:481)
	at org.springframework.beans.factory.support.AbstractAutowireCapableBeanFactory.instantiateUsingFactoryMethod(AbstractAutowireCapableBeanFactory.java:1352)
	at org.springframework.beans.factory.support.AbstractAutowireCapableBeanFactory.createBeanInstance(AbstractAutowireCapableBeanFactory.java:1195)
	at org.springframework.beans.factory.support.AbstractAutowireCapableBeanFactory.doCreateBean(AbstractAutowireCapableBeanFactory.java:582)
	at org.springframework.beans.factory.support.AbstractAutowireCapableBeanFactory.createBean(AbstractAutowireCapableBeanFactory.java:542)
	at org.springframework.beans.factory.support.AbstractBeanFactory.lambda$doGetBean$0(AbstractBeanFactory.java:335)
	at org.springframework.beans.factory.support.DefaultSingletonBeanRegistry.getSingleton(DefaultSingletonBeanRegistry.java:234)
	at org.springframework.beans.factory.support.AbstractBeanFactory.doGetBean(AbstractBeanFactory.java:333)
	at org.springframework.beans.factory.support.AbstractBeanFactory.getBean(AbstractBeanFactory.java:208)
	at org.springframework.beans.factory.support.DefaultListableBeanFactory.preInstantiateSingletons(DefaultListableBeanFactory.java:955)
	at org.springframework.context.support.AbstractApplicationContext.finishBeanFactoryInitialization(AbstractApplicationContext.java:929)
	at org.springframework.context.support.AbstractApplicationContext.refresh(AbstractApplicationContext.java:591)
	at org.springframework.boot.web.servlet.context.ServletWebServerApplicationContext.refresh(ServletWebServerApplicationContext.java:147)
	at org.springframework.boot.SpringApplication.refresh(SpringApplication.java:732)
	at org.springframework.boot.SpringApplication.refreshContext(SpringApplication.java:409)
	at org.springframework.boot.SpringApplication.run(SpringApplication.java:308)
	at org.springframework.boot.SpringApplication.run(SpringApplication.java:1300)
	at org.springframework.boot.SpringApplication.run(SpringApplication.java:1289)
	at com.davivienda.factoraje.FactorajeApplication.main(FactorajeApplication.java:12)
	at sun.reflect.NativeMethodAccessorImpl.invoke0(Native Method)
	at sun.reflect.NativeMethodAccessorImpl.invoke(NativeMethodAccessorImpl.java:62)
	at sun.reflect.DelegatingMethodAccessorImpl.invoke(DelegatingMethodAccessorImpl.java:43)
	at java.lang.reflect.Method.invoke(Method.java:498)
	at org.springframework.boot.devtools.restart.RestartLauncher.run(RestartLauncher.java:50)
2025-08-15 11:23:01 INFO  c.d.factoraje.auth.InitEntorno - Codigo App Entorno: FactorajeAuthBEL
2025-08-15 11:23:01 INFO  c.d.factoraje.auth.InitEntorno - TotalFabricas:::1
2025-08-15 11:23:01 INFO  c.d.factoraje.auth.InitEntorno - Fin-----------------
2025-08-15 11:23:02 WARN  o.s.b.a.o.j.JpaBaseConfiguration$JpaWebConfiguration - spring.jpa.open-in-view is enabled by default. Therefore, database queries may be performed during view rendering. Explicitly configure spring.jpa.open-in-view to disable this warning
2025-08-15 11:23:02 WARN  o.s.b.d.a.OptionalLiveReloadServer - Unable to start LiveReload server
2025-08-15 11:23:03 WARN  o.s.b.w.s.c.AnnotationConfigServletWebServerApplicationContext - Exception encountered during context initialization - cancelling refresh attempt: org.springframework.context.ApplicationContextException: Failed to start bean 'webServerStartStop'; nested exception is org.springframework.boot.web.server.PortInUseException: Port 8080 is already in use
2025-08-15 11:23:03 INFO  o.s.o.j.LocalContainerEntityManagerFactoryBean - Closing JPA EntityManagerFactory for persistence unit 'default'
2025-08-15 11:23:03 INFO  com.zaxxer.hikari.HikariDataSource - HikariPool-1 - Shutdown initiated...
2025-08-15 11:23:03 INFO  com.zaxxer.hikari.HikariDataSource - HikariPool-1 - Shutdown completed.
2025-08-15 11:23:03 INFO  o.a.catalina.core.StandardService - Stopping service [Tomcat]
2025-08-15 11:23:03 INFO  o.s.b.a.l.ConditionEvaluationReportLoggingListener - 

Error starting ApplicationContext. To display the conditions report re-run your application with 'debug' enabled.
2025-08-15 11:23:03 ERROR o.s.b.d.LoggingFailureAnalysisReporter - 

***************************
APPLICATION FAILED TO START
***************************

Description:

Web server failed to start. Port 8080 was already in use.

Action:

Identify and stop the process that's listening on port 8080 or configure this application to listen on another port.

2025-08-15 11:25:23 INFO  c.d.factoraje.FactorajeApplication - Starting FactorajeApplication using Java 1.8.0_441 on SV03L000N3218 with PID 34100 (C:\Users\91737\Documents\Workplace\Desarrollo de software\Repositorios davicash\server-davicash\target\classes started by 91737 in C:\Users\91737\Documents\Workplace\Desarrollo de software\Repositorios davicash\server-davicash)
2025-08-15 11:25:23 INFO  c.d.factoraje.FactorajeApplication - No active profile set, falling back to 1 default profile: "default"
2025-08-15 11:25:23 INFO  o.s.b.d.e.DevToolsPropertyDefaultsPostProcessor - Devtools property defaults active! Set 'spring.devtools.add-properties' to 'false' to disable
2025-08-15 11:25:23 INFO  o.s.b.d.e.DevToolsPropertyDefaultsPostProcessor - For additional web related logging consider setting the 'logging.level.web' property to 'DEBUG'
2025-08-15 11:25:24 INFO  o.s.d.r.c.RepositoryConfigurationDelegate - Bootstrapping Spring Data JPA repositories in DEFAULT mode.
2025-08-15 11:25:25 INFO  o.s.d.r.c.RepositoryConfigurationDelegate - Finished Spring Data repository scanning in 134 ms. Found 8 JPA repository interfaces.
2025-08-15 11:25:27 INFO  o.s.b.w.e.tomcat.TomcatWebServer - Tomcat initialized with port(s): 8080 (http)
2025-08-15 11:25:27 INFO  o.a.catalina.core.StandardService - Starting service [Tomcat]
2025-08-15 11:25:27 INFO  o.a.catalina.core.StandardEngine - Starting Servlet engine: [Apache Tomcat/9.0.83]
2025-08-15 11:25:27 INFO  o.a.c.c.C.[Tomcat].[localhost].[/] - Initializing Spring embedded WebApplicationContext
2025-08-15 11:25:27 INFO  o.s.b.w.s.c.ServletWebServerApplicationContext - Root WebApplicationContext: initialization completed in 4240 ms
2025-08-15 11:25:28 INFO  com.zaxxer.hikari.HikariDataSource - HikariPool-1 - Starting...
2025-08-15 11:25:29 INFO  com.zaxxer.hikari.HikariDataSource - HikariPool-1 - Start completed.
2025-08-15 11:25:29 INFO  o.h.jpa.internal.util.LogHelper - HHH000204: Processing PersistenceUnitInfo [name: default]
2025-08-15 11:25:29 INFO  org.hibernate.Version - HHH000412: Hibernate ORM core version 5.6.15.Final
2025-08-15 11:25:30 INFO  o.h.annotations.common.Version - HCANN000001: Hibernate Commons Annotations {5.1.2.Final}
2025-08-15 11:25:30 INFO  org.hibernate.dialect.Dialect - HHH000400: Using dialect: org.hibernate.dialect.PostgreSQLDialect
2025-08-15 11:25:31 INFO  o.h.e.t.j.p.i.JtaPlatformInitiator - HHH000490: Using JtaPlatform implementation: [org.hibernate.engine.transaction.jta.platform.internal.NoJtaPlatform]
2025-08-15 11:25:31 INFO  o.s.o.j.LocalContainerEntityManagerFactoryBean - Initialized JPA EntityManagerFactory for persistence unit 'default'
2025-08-15 11:25:32 INFO  c.d.factoraje.service.RoleService - RoleService initialized
2025-08-15 11:25:32 INFO  c.d.factoraje.service.UserService - UserService initialized
2025-08-15 11:25:32 INFO  c.d.factoraje.service.EntityService - EntityService initialized
2025-08-15 11:25:32 INFO  c.d.f.service.DocumentService - DocumentService initialized
2025-08-15 11:25:32 INFO  c.d.f.service.AgreementService - AgreementService initialized
2025-08-15 11:25:33 INFO  c.d.f.controller.AgreementController - AgreementController initialized
2025-08-15 11:25:33 INFO  c.d.factoraje.service.EntornoService - EntornoController initialized
2025-08-15 11:25:33 INFO  c.d.f.controller.AuthController - AuthController initialized
2025-08-15 11:25:33 INFO  c.d.f.controller.DocumentController - DocumentController initialized
2025-08-15 11:25:33 INFO  c.d.f.controller.EntityController - EntityController initialized
2025-08-15 11:25:33 INFO  c.d.f.service.OperationsService - OperationsService ha sido instanciado.
2025-08-15 11:25:33 INFO  c.d.f.service.OperationsService - Iniciando carga de parámetros de la aplicación...
2025-08-15 11:25:33 INFO  c.d.f.service.OperationsService - Parámetros cargados y listos ? Interés=0.0, Comisión=0.0, Base=0
2025-08-15 11:25:33 INFO  c.d.f.c.OperationsController - OperationsController initialized
2025-08-15 11:25:33 INFO  c.d.f.service.PermissionService - PermissionService initialized
2025-08-15 11:25:33 INFO  c.d.f.c.PermissionController - PermissionController initialized
2025-08-15 11:25:33 INFO  c.d.f.c.ProcessFileController - ProcessFileController initialized
2025-08-15 11:25:33 INFO  c.d.f.controller.RoleController - RoleController initialized
2025-08-15 11:25:33 INFO  c.d.f.controller.DocumentController - UserController initialized
2025-08-15 11:25:33 INFO  c.d.factoraje.auth.InitEntorno - Inicio--------------
2025-08-15 11:25:33 INFO  c.d.factoraje.auth.InitEntorno - ------- Establenciendo conexion --------
2025-08-15 11:25:33 INFO  c.d.f.d.FabricaEntornoCoreSpring - parametro de conexion jndi: java:comp/env/jdbc/J2EntornoDB
2025-08-15 11:25:33 ERROR c.d.f.d.FabricaEntornoCoreSpring - FabricaEntornoCoreSpring||obtenerSpringDSConexion error en la configuracion del jndy: java:comp/env/jdbc/J2EntornoDB
javax.naming.NoInitialContextException: Need to specify class name in environment or system property, or as an applet parameter, or in an application resource file:  java.naming.factory.initial
	at javax.naming.spi.NamingManager.getInitialContext(NamingManager.java:672)
	at javax.naming.InitialContext.getDefaultInitCtx(InitialContext.java:313)
	at javax.naming.InitialContext.getURLOrDefaultInitCtx(InitialContext.java:350)
	at javax.naming.InitialContext.lookup(InitialContext.java:417)
	at org.springframework.jndi.JndiTemplate.lambda$lookup$0(JndiTemplate.java:157)
	at org.springframework.jndi.JndiTemplate.execute(JndiTemplate.java:92)
	at org.springframework.jndi.JndiTemplate.lookup(JndiTemplate.java:157)
	at org.springframework.jndi.JndiTemplate.lookup(JndiTemplate.java:179)
	at com.davivienda.factoraje.database.FabricaEntornoCoreSpring.obtenerSpringDSConexion(FabricaEntornoCoreSpring.java:46)
	at com.davivienda.factoraje.database.FabricaEntornoCoreSpring.conexionDefinida(FabricaEntornoCoreSpring.java:27)
	at com.davivienda.factoraje.auth.InitEntorno.arrancarJ2EntornoCliente(InitEntorno.java:40)
	at com.davivienda.factoraje.auth.InitEntorno$$EnhancerBySpringCGLIB$$236137c0.CGLIB$arrancarJ2EntornoCliente$0(<generated>)
	at com.davivienda.factoraje.auth.InitEntorno$$EnhancerBySpringCGLIB$$236137c0$$FastClassBySpringCGLIB$$919b7e94.invoke(<generated>)
	at org.springframework.cglib.proxy.MethodProxy.invokeSuper(MethodProxy.java:244)
	at org.springframework.context.annotation.ConfigurationClassEnhancer$BeanMethodInterceptor.intercept(ConfigurationClassEnhancer.java:331)
	at com.davivienda.factoraje.auth.InitEntorno$$EnhancerBySpringCGLIB$$236137c0.arrancarJ2EntornoCliente(<generated>)
	at sun.reflect.NativeMethodAccessorImpl.invoke0(Native Method)
	at sun.reflect.NativeMethodAccessorImpl.invoke(NativeMethodAccessorImpl.java:62)
	at sun.reflect.DelegatingMethodAccessorImpl.invoke(DelegatingMethodAccessorImpl.java:43)
	at java.lang.reflect.Method.invoke(Method.java:498)
	at org.springframework.beans.factory.support.SimpleInstantiationStrategy.instantiate(SimpleInstantiationStrategy.java:154)
	at org.springframework.beans.factory.support.ConstructorResolver.instantiate(ConstructorResolver.java:648)
	at org.springframework.beans.factory.support.ConstructorResolver.instantiateUsingFactoryMethod(ConstructorResolver.java:481)
	at org.springframework.beans.factory.support.AbstractAutowireCapableBeanFactory.instantiateUsingFactoryMethod(AbstractAutowireCapableBeanFactory.java:1352)
	at org.springframework.beans.factory.support.AbstractAutowireCapableBeanFactory.createBeanInstance(AbstractAutowireCapableBeanFactory.java:1195)
	at org.springframework.beans.factory.support.AbstractAutowireCapableBeanFactory.doCreateBean(AbstractAutowireCapableBeanFactory.java:582)
	at org.springframework.beans.factory.support.AbstractAutowireCapableBeanFactory.createBean(AbstractAutowireCapableBeanFactory.java:542)
	at org.springframework.beans.factory.support.AbstractBeanFactory.lambda$doGetBean$0(AbstractBeanFactory.java:335)
	at org.springframework.beans.factory.support.DefaultSingletonBeanRegistry.getSingleton(DefaultSingletonBeanRegistry.java:234)
	at org.springframework.beans.factory.support.AbstractBeanFactory.doGetBean(AbstractBeanFactory.java:333)
	at org.springframework.beans.factory.support.AbstractBeanFactory.getBean(AbstractBeanFactory.java:208)
	at org.springframework.beans.factory.support.DefaultListableBeanFactory.preInstantiateSingletons(DefaultListableBeanFactory.java:955)
	at org.springframework.context.support.AbstractApplicationContext.finishBeanFactoryInitialization(AbstractApplicationContext.java:929)
	at org.springframework.context.support.AbstractApplicationContext.refresh(AbstractApplicationContext.java:591)
	at org.springframework.boot.web.servlet.context.ServletWebServerApplicationContext.refresh(ServletWebServerApplicationContext.java:147)
	at org.springframework.boot.SpringApplication.refresh(SpringApplication.java:732)
	at org.springframework.boot.SpringApplication.refreshContext(SpringApplication.java:409)
	at org.springframework.boot.SpringApplication.run(SpringApplication.java:308)
	at org.springframework.boot.SpringApplication.run(SpringApplication.java:1300)
	at org.springframework.boot.SpringApplication.run(SpringApplication.java:1289)
	at com.davivienda.factoraje.FactorajeApplication.main(FactorajeApplication.java:12)
	at sun.reflect.NativeMethodAccessorImpl.invoke0(Native Method)
	at sun.reflect.NativeMethodAccessorImpl.invoke(NativeMethodAccessorImpl.java:62)
	at sun.reflect.DelegatingMethodAccessorImpl.invoke(DelegatingMethodAccessorImpl.java:43)
	at java.lang.reflect.Method.invoke(Method.java:498)
	at org.springframework.boot.devtools.restart.RestartLauncher.run(RestartLauncher.java:50)
2025-08-15 11:25:33 INFO  c.d.f.d.FabricaEntornoCoreSpring - parametro de conexion jndi: java:comp/env/jdbc/J2EntornoDB
2025-08-15 11:25:33 ERROR c.d.f.d.FabricaEntornoCoreSpring - FabricaEntornoCoreSpring||obtenerSpringDSConexion error en la configuracion del jndy: java:comp/env/jdbc/J2EntornoDB
javax.naming.NoInitialContextException: Need to specify class name in environment or system property, or as an applet parameter, or in an application resource file:  java.naming.factory.initial
	at javax.naming.spi.NamingManager.getInitialContext(NamingManager.java:672)
	at javax.naming.InitialContext.getDefaultInitCtx(InitialContext.java:313)
	at javax.naming.InitialContext.getURLOrDefaultInitCtx(InitialContext.java:350)
	at javax.naming.InitialContext.lookup(InitialContext.java:417)
	at org.springframework.jndi.JndiTemplate.lambda$lookup$0(JndiTemplate.java:157)
	at org.springframework.jndi.JndiTemplate.execute(JndiTemplate.java:92)
	at org.springframework.jndi.JndiTemplate.lookup(JndiTemplate.java:157)
	at org.springframework.jndi.JndiTemplate.lookup(JndiTemplate.java:179)
	at com.davivienda.factoraje.database.FabricaEntornoCoreSpring.obtenerSpringDSConexion(FabricaEntornoCoreSpring.java:46)
	at com.davivienda.factoraje.database.FabricaEntornoCoreSpring.conexionDefinida(FabricaEntornoCoreSpring.java:27)
	at com.hsbc.sv.desarrollo.interconexion.impl.jdbcbasico.ServicioJDBC.conexionActiva(ServicioJDBC.java:119)
	at com.hsbc.sv.desarrollo.interconexion.impl.jdbcbasico.ServicioJDBCResultSet.ejecutar(ServicioJDBCResultSet.java:41)
	at com.hsbc.sv.desarrollo.interconexion.Servicio.invocar(Servicio.java:146)
	at com.hsbc.sv.desarrollo.interconexion.FabricaServicios.operacion(FabricaServicios.java:410)
	at com.hsbc.sv.desarrollo.interconexion.FabricaServicios.obtenerDatos(FabricaServicios.java:357)
	at com.hsbc.sv.j2entorno.core.FabricaEntornoCore.arrancarJ2EntornoCliente(FabricaEntornoCore.java:92)
	at com.davivienda.factoraje.auth.InitEntorno.arrancarJ2EntornoCliente(InitEntorno.java:41)
	at com.davivienda.factoraje.auth.InitEntorno$$EnhancerBySpringCGLIB$$236137c0.CGLIB$arrancarJ2EntornoCliente$0(<generated>)
	at com.davivienda.factoraje.auth.InitEntorno$$EnhancerBySpringCGLIB$$236137c0$$FastClassBySpringCGLIB$$919b7e94.invoke(<generated>)
	at org.springframework.cglib.proxy.MethodProxy.invokeSuper(MethodProxy.java:244)
	at org.springframework.context.annotation.ConfigurationClassEnhancer$BeanMethodInterceptor.intercept(ConfigurationClassEnhancer.java:331)
	at com.davivienda.factoraje.auth.InitEntorno$$EnhancerBySpringCGLIB$$236137c0.arrancarJ2EntornoCliente(<generated>)
	at sun.reflect.NativeMethodAccessorImpl.invoke0(Native Method)
	at sun.reflect.NativeMethodAccessorImpl.invoke(NativeMethodAccessorImpl.java:62)
	at sun.reflect.DelegatingMethodAccessorImpl.invoke(DelegatingMethodAccessorImpl.java:43)
	at java.lang.reflect.Method.invoke(Method.java:498)
	at org.springframework.beans.factory.support.SimpleInstantiationStrategy.instantiate(SimpleInstantiationStrategy.java:154)
	at org.springframework.beans.factory.support.ConstructorResolver.instantiate(ConstructorResolver.java:648)
	at org.springframework.beans.factory.support.ConstructorResolver.instantiateUsingFactoryMethod(ConstructorResolver.java:481)
	at org.springframework.beans.factory.support.AbstractAutowireCapableBeanFactory.instantiateUsingFactoryMethod(AbstractAutowireCapableBeanFactory.java:1352)
	at org.springframework.beans.factory.support.AbstractAutowireCapableBeanFactory.createBeanInstance(AbstractAutowireCapableBeanFactory.java:1195)
	at org.springframework.beans.factory.support.AbstractAutowireCapableBeanFactory.doCreateBean(AbstractAutowireCapableBeanFactory.java:582)
	at org.springframework.beans.factory.support.AbstractAutowireCapableBeanFactory.createBean(AbstractAutowireCapableBeanFactory.java:542)
	at org.springframework.beans.factory.support.AbstractBeanFactory.lambda$doGetBean$0(AbstractBeanFactory.java:335)
	at org.springframework.beans.factory.support.DefaultSingletonBeanRegistry.getSingleton(DefaultSingletonBeanRegistry.java:234)
	at org.springframework.beans.factory.support.AbstractBeanFactory.doGetBean(AbstractBeanFactory.java:333)
	at org.springframework.beans.factory.support.AbstractBeanFactory.getBean(AbstractBeanFactory.java:208)
	at org.springframework.beans.factory.support.DefaultListableBeanFactory.preInstantiateSingletons(DefaultListableBeanFactory.java:955)
	at org.springframework.context.support.AbstractApplicationContext.finishBeanFactoryInitialization(AbstractApplicationContext.java:929)
	at org.springframework.context.support.AbstractApplicationContext.refresh(AbstractApplicationContext.java:591)
	at org.springframework.boot.web.servlet.context.ServletWebServerApplicationContext.refresh(ServletWebServerApplicationContext.java:147)
	at org.springframework.boot.SpringApplication.refresh(SpringApplication.java:732)
	at org.springframework.boot.SpringApplication.refreshContext(SpringApplication.java:409)
	at org.springframework.boot.SpringApplication.run(SpringApplication.java:308)
	at org.springframework.boot.SpringApplication.run(SpringApplication.java:1300)
	at org.springframework.boot.SpringApplication.run(SpringApplication.java:1289)
	at com.davivienda.factoraje.FactorajeApplication.main(FactorajeApplication.java:12)
	at sun.reflect.NativeMethodAccessorImpl.invoke0(Native Method)
	at sun.reflect.NativeMethodAccessorImpl.invoke(NativeMethodAccessorImpl.java:62)
	at sun.reflect.DelegatingMethodAccessorImpl.invoke(DelegatingMethodAccessorImpl.java:43)
	at java.lang.reflect.Method.invoke(Method.java:498)
	at org.springframework.boot.devtools.restart.RestartLauncher.run(RestartLauncher.java:50)
2025-08-15 11:25:33 INFO  c.d.factoraje.auth.InitEntorno - Codigo App Entorno: FactorajeAuthBEL
2025-08-15 11:25:33 INFO  c.d.factoraje.auth.InitEntorno - TotalFabricas:::1
2025-08-15 11:25:33 INFO  c.d.factoraje.auth.InitEntorno - Fin-----------------
2025-08-15 11:25:33 WARN  o.s.b.a.o.j.JpaBaseConfiguration$JpaWebConfiguration - spring.jpa.open-in-view is enabled by default. Therefore, database queries may be performed during view rendering. Explicitly configure spring.jpa.open-in-view to disable this warning
2025-08-15 11:25:34 INFO  o.s.b.d.a.OptionalLiveReloadServer - LiveReload server is running on port 35729
2025-08-15 11:25:34 INFO  o.s.b.w.e.tomcat.TomcatWebServer - Tomcat started on port(s): 8080 (http) with context path ''
2025-08-15 11:25:34 INFO  c.d.factoraje.FactorajeApplication - Started FactorajeApplication in 11.938 seconds (JVM running for 12.681)
2025-08-15 11:55:59 INFO  o.s.b.d.a.LocalDevToolsAutoConfiguration$RestartingClassPathChangeChangedEventListener - Restarting due to 1 class path change (0 additions, 0 deletions, 1 modification)
2025-08-15 11:56:00 INFO  o.a.catalina.core.StandardService - Stopping service [Tomcat]
2025-08-15 11:56:00 INFO  o.s.o.j.LocalContainerEntityManagerFactoryBean - Closing JPA EntityManagerFactory for persistence unit 'default'
2025-08-15 11:56:00 INFO  com.zaxxer.hikari.HikariDataSource - HikariPool-1 - Shutdown initiated...
2025-08-15 11:56:04 INFO  com.zaxxer.hikari.HikariDataSource - HikariPool-1 - Shutdown completed.
2025-08-15 12:17:17 INFO  c.d.factoraje.FactorajeApplication - Starting FactorajeApplication using Java 1.8.0_441 on SV03L000N3218 with PID 30732 (C:\Users\91737\Documents\Workplace\Desarrollo de software\Repositorios davicash\server-davicash\target\classes started by 91737 in C:\Users\91737\Documents\Workplace\Desarrollo de software\Repositorios davicash\server-davicash)
2025-08-15 12:17:17 INFO  c.d.factoraje.FactorajeApplication - No active profile set, falling back to 1 default profile: "default"
2025-08-15 12:17:17 INFO  o.s.b.d.e.DevToolsPropertyDefaultsPostProcessor - Devtools property defaults active! Set 'spring.devtools.add-properties' to 'false' to disable
2025-08-15 12:17:17 INFO  o.s.b.d.e.DevToolsPropertyDefaultsPostProcessor - For additional web related logging consider setting the 'logging.level.web' property to 'DEBUG'
2025-08-15 12:17:20 INFO  o.s.d.r.c.RepositoryConfigurationDelegate - Bootstrapping Spring Data JPA repositories in DEFAULT mode.
2025-08-15 12:17:20 INFO  o.s.d.r.c.RepositoryConfigurationDelegate - Finished Spring Data repository scanning in 195 ms. Found 8 JPA repository interfaces.
2025-08-15 12:17:23 INFO  o.s.b.w.e.tomcat.TomcatWebServer - Tomcat initialized with port(s): 8080 (http)
2025-08-15 12:17:23 INFO  o.a.catalina.core.StandardService - Starting service [Tomcat]
2025-08-15 12:17:23 INFO  o.a.catalina.core.StandardEngine - Starting Servlet engine: [Apache Tomcat/9.0.83]
2025-08-15 12:17:23 INFO  o.a.c.c.C.[Tomcat].[localhost].[/] - Initializing Spring embedded WebApplicationContext
2025-08-15 12:17:23 INFO  o.s.b.w.s.c.ServletWebServerApplicationContext - Root WebApplicationContext: initialization completed in 5339 ms
2025-08-15 12:17:23 INFO  com.zaxxer.hikari.HikariDataSource - HikariPool-1 - Starting...
2025-08-15 12:17:24 INFO  com.zaxxer.hikari.HikariDataSource - HikariPool-1 - Start completed.
2025-08-15 12:17:24 INFO  o.h.jpa.internal.util.LogHelper - HHH000204: Processing PersistenceUnitInfo [name: default]
2025-08-15 12:17:25 INFO  org.hibernate.Version - HHH000412: Hibernate ORM core version 5.6.15.Final
2025-08-15 12:17:25 INFO  o.h.annotations.common.Version - HCANN000001: Hibernate Commons Annotations {5.1.2.Final}
2025-08-15 12:17:25 INFO  org.hibernate.dialect.Dialect - HHH000400: Using dialect: org.hibernate.dialect.PostgreSQLDialect
2025-08-15 12:17:28 INFO  o.h.e.t.j.p.i.JtaPlatformInitiator - HHH000490: Using JtaPlatform implementation: [org.hibernate.engine.transaction.jta.platform.internal.NoJtaPlatform]
2025-08-15 12:17:28 INFO  o.s.o.j.LocalContainerEntityManagerFactoryBean - Initialized JPA EntityManagerFactory for persistence unit 'default'
2025-08-15 12:17:29 INFO  c.d.factoraje.service.RoleService - RoleService initialized
2025-08-15 12:17:29 INFO  c.d.factoraje.service.UserService - UserService initialized
2025-08-15 12:17:29 INFO  c.d.factoraje.service.EntityService - EntityService initialized
2025-08-15 12:17:29 INFO  c.d.f.service.DocumentService - DocumentService initialized
2025-08-15 12:17:29 INFO  c.d.f.service.AgreementService - AgreementService initialized
2025-08-15 12:17:29 INFO  c.d.f.controller.AgreementController - AgreementController initialized
2025-08-15 12:17:29 INFO  c.d.factoraje.service.EntornoService - EntornoController initialized
2025-08-15 12:17:29 INFO  c.d.f.controller.AuthController - AuthController initialized
2025-08-15 12:17:29 INFO  c.d.f.controller.DocumentController - DocumentController initialized
2025-08-15 12:17:29 INFO  c.d.f.controller.EntityController - EntityController initialized
2025-08-15 12:17:29 INFO  c.d.f.service.OperationsService - OperationsService inicializado y listo para usar el servicio de parámetros en caché.
2025-08-15 12:17:29 INFO  c.d.f.c.OperationsController - OperationsController initialized
2025-08-15 12:17:29 INFO  c.d.f.service.PermissionService - PermissionService initialized
2025-08-15 12:17:29 INFO  c.d.f.c.PermissionController - PermissionController initialized
2025-08-15 12:17:29 INFO  c.d.f.c.ProcessFileController - ProcessFileController initialized
2025-08-15 12:17:29 INFO  c.d.f.controller.RoleController - RoleController initialized
2025-08-15 12:17:29 INFO  c.d.f.controller.DocumentController - UserController initialized
2025-08-15 12:17:30 INFO  c.d.factoraje.auth.InitEntorno - Inicio--------------
2025-08-15 12:17:30 INFO  c.d.factoraje.auth.InitEntorno - ------- Establenciendo conexion --------
2025-08-15 12:17:30 INFO  c.d.f.d.FabricaEntornoCoreSpring - parametro de conexion jndi: java:comp/env/jdbc/J2EntornoDB
2025-08-15 12:17:30 ERROR c.d.f.d.FabricaEntornoCoreSpring - FabricaEntornoCoreSpring||obtenerSpringDSConexion error en la configuracion del jndy: java:comp/env/jdbc/J2EntornoDB
javax.naming.NoInitialContextException: Need to specify class name in environment or system property, or as an applet parameter, or in an application resource file:  java.naming.factory.initial
	at javax.naming.spi.NamingManager.getInitialContext(NamingManager.java:672)
	at javax.naming.InitialContext.getDefaultInitCtx(InitialContext.java:313)
	at javax.naming.InitialContext.getURLOrDefaultInitCtx(InitialContext.java:350)
	at javax.naming.InitialContext.lookup(InitialContext.java:417)
	at org.springframework.jndi.JndiTemplate.lambda$lookup$0(JndiTemplate.java:157)
	at org.springframework.jndi.JndiTemplate.execute(JndiTemplate.java:92)
	at org.springframework.jndi.JndiTemplate.lookup(JndiTemplate.java:157)
	at org.springframework.jndi.JndiTemplate.lookup(JndiTemplate.java:179)
	at com.davivienda.factoraje.database.FabricaEntornoCoreSpring.obtenerSpringDSConexion(FabricaEntornoCoreSpring.java:46)
	at com.davivienda.factoraje.database.FabricaEntornoCoreSpring.conexionDefinida(FabricaEntornoCoreSpring.java:27)
	at com.davivienda.factoraje.auth.InitEntorno.arrancarJ2EntornoCliente(InitEntorno.java:40)
	at com.davivienda.factoraje.auth.InitEntorno$$EnhancerBySpringCGLIB$$a70ab734.CGLIB$arrancarJ2EntornoCliente$1(<generated>)
	at com.davivienda.factoraje.auth.InitEntorno$$EnhancerBySpringCGLIB$$a70ab734$$FastClassBySpringCGLIB$$700854a4.invoke(<generated>)
	at org.springframework.cglib.proxy.MethodProxy.invokeSuper(MethodProxy.java:244)
	at org.springframework.context.annotation.ConfigurationClassEnhancer$BeanMethodInterceptor.intercept(ConfigurationClassEnhancer.java:331)
	at com.davivienda.factoraje.auth.InitEntorno$$EnhancerBySpringCGLIB$$a70ab734.arrancarJ2EntornoCliente(<generated>)
	at sun.reflect.NativeMethodAccessorImpl.invoke0(Native Method)
	at sun.reflect.NativeMethodAccessorImpl.invoke(NativeMethodAccessorImpl.java:62)
	at sun.reflect.DelegatingMethodAccessorImpl.invoke(DelegatingMethodAccessorImpl.java:43)
	at java.lang.reflect.Method.invoke(Method.java:498)
	at org.springframework.beans.factory.support.SimpleInstantiationStrategy.instantiate(SimpleInstantiationStrategy.java:154)
	at org.springframework.beans.factory.support.ConstructorResolver.instantiate(ConstructorResolver.java:648)
	at org.springframework.beans.factory.support.ConstructorResolver.instantiateUsingFactoryMethod(ConstructorResolver.java:481)
	at org.springframework.beans.factory.support.AbstractAutowireCapableBeanFactory.instantiateUsingFactoryMethod(AbstractAutowireCapableBeanFactory.java:1352)
	at org.springframework.beans.factory.support.AbstractAutowireCapableBeanFactory.createBeanInstance(AbstractAutowireCapableBeanFactory.java:1195)
	at org.springframework.beans.factory.support.AbstractAutowireCapableBeanFactory.doCreateBean(AbstractAutowireCapableBeanFactory.java:582)
	at org.springframework.beans.factory.support.AbstractAutowireCapableBeanFactory.createBean(AbstractAutowireCapableBeanFactory.java:542)
	at org.springframework.beans.factory.support.AbstractBeanFactory.lambda$doGetBean$0(AbstractBeanFactory.java:335)
	at org.springframework.beans.factory.support.DefaultSingletonBeanRegistry.getSingleton(DefaultSingletonBeanRegistry.java:234)
	at org.springframework.beans.factory.support.AbstractBeanFactory.doGetBean(AbstractBeanFactory.java:333)
	at org.springframework.beans.factory.support.AbstractBeanFactory.getBean(AbstractBeanFactory.java:208)
	at org.springframework.beans.factory.support.DefaultListableBeanFactory.preInstantiateSingletons(DefaultListableBeanFactory.java:955)
	at org.springframework.context.support.AbstractApplicationContext.finishBeanFactoryInitialization(AbstractApplicationContext.java:929)
	at org.springframework.context.support.AbstractApplicationContext.refresh(AbstractApplicationContext.java:591)
	at org.springframework.boot.web.servlet.context.ServletWebServerApplicationContext.refresh(ServletWebServerApplicationContext.java:147)
	at org.springframework.boot.SpringApplication.refresh(SpringApplication.java:732)
	at org.springframework.boot.SpringApplication.refreshContext(SpringApplication.java:409)
	at org.springframework.boot.SpringApplication.run(SpringApplication.java:308)
	at org.springframework.boot.SpringApplication.run(SpringApplication.java:1300)
	at org.springframework.boot.SpringApplication.run(SpringApplication.java:1289)
	at com.davivienda.factoraje.FactorajeApplication.main(FactorajeApplication.java:14)
	at sun.reflect.NativeMethodAccessorImpl.invoke0(Native Method)
	at sun.reflect.NativeMethodAccessorImpl.invoke(NativeMethodAccessorImpl.java:62)
	at sun.reflect.DelegatingMethodAccessorImpl.invoke(DelegatingMethodAccessorImpl.java:43)
	at java.lang.reflect.Method.invoke(Method.java:498)
	at org.springframework.boot.devtools.restart.RestartLauncher.run(RestartLauncher.java:50)
2025-08-15 12:17:30 INFO  c.d.f.d.FabricaEntornoCoreSpring - parametro de conexion jndi: java:comp/env/jdbc/J2EntornoDB
2025-08-15 12:17:30 ERROR c.d.f.d.FabricaEntornoCoreSpring - FabricaEntornoCoreSpring||obtenerSpringDSConexion error en la configuracion del jndy: java:comp/env/jdbc/J2EntornoDB
javax.naming.NoInitialContextException: Need to specify class name in environment or system property, or as an applet parameter, or in an application resource file:  java.naming.factory.initial
	at javax.naming.spi.NamingManager.getInitialContext(NamingManager.java:672)
	at javax.naming.InitialContext.getDefaultInitCtx(InitialContext.java:313)
	at javax.naming.InitialContext.getURLOrDefaultInitCtx(InitialContext.java:350)
	at javax.naming.InitialContext.lookup(InitialContext.java:417)
	at org.springframework.jndi.JndiTemplate.lambda$lookup$0(JndiTemplate.java:157)
	at org.springframework.jndi.JndiTemplate.execute(JndiTemplate.java:92)
	at org.springframework.jndi.JndiTemplate.lookup(JndiTemplate.java:157)
	at org.springframework.jndi.JndiTemplate.lookup(JndiTemplate.java:179)
	at com.davivienda.factoraje.database.FabricaEntornoCoreSpring.obtenerSpringDSConexion(FabricaEntornoCoreSpring.java:46)
	at com.davivienda.factoraje.database.FabricaEntornoCoreSpring.conexionDefinida(FabricaEntornoCoreSpring.java:27)
	at com.hsbc.sv.desarrollo.interconexion.impl.jdbcbasico.ServicioJDBC.conexionActiva(ServicioJDBC.java:119)
	at com.hsbc.sv.desarrollo.interconexion.impl.jdbcbasico.ServicioJDBCResultSet.ejecutar(ServicioJDBCResultSet.java:41)
	at com.hsbc.sv.desarrollo.interconexion.Servicio.invocar(Servicio.java:146)
	at com.hsbc.sv.desarrollo.interconexion.FabricaServicios.operacion(FabricaServicios.java:410)
	at com.hsbc.sv.desarrollo.interconexion.FabricaServicios.obtenerDatos(FabricaServicios.java:357)
	at com.hsbc.sv.j2entorno.core.FabricaEntornoCore.arrancarJ2EntornoCliente(FabricaEntornoCore.java:92)
	at com.davivienda.factoraje.auth.InitEntorno.arrancarJ2EntornoCliente(InitEntorno.java:41)
	at com.davivienda.factoraje.auth.InitEntorno$$EnhancerBySpringCGLIB$$a70ab734.CGLIB$arrancarJ2EntornoCliente$1(<generated>)
	at com.davivienda.factoraje.auth.InitEntorno$$EnhancerBySpringCGLIB$$a70ab734$$FastClassBySpringCGLIB$$700854a4.invoke(<generated>)
	at org.springframework.cglib.proxy.MethodProxy.invokeSuper(MethodProxy.java:244)
	at org.springframework.context.annotation.ConfigurationClassEnhancer$BeanMethodInterceptor.intercept(ConfigurationClassEnhancer.java:331)
	at com.davivienda.factoraje.auth.InitEntorno$$EnhancerBySpringCGLIB$$a70ab734.arrancarJ2EntornoCliente(<generated>)
	at sun.reflect.NativeMethodAccessorImpl.invoke0(Native Method)
	at sun.reflect.NativeMethodAccessorImpl.invoke(NativeMethodAccessorImpl.java:62)
	at sun.reflect.DelegatingMethodAccessorImpl.invoke(DelegatingMethodAccessorImpl.java:43)
	at java.lang.reflect.Method.invoke(Method.java:498)
	at org.springframework.beans.factory.support.SimpleInstantiationStrategy.instantiate(SimpleInstantiationStrategy.java:154)
	at org.springframework.beans.factory.support.ConstructorResolver.instantiate(ConstructorResolver.java:648)
	at org.springframework.beans.factory.support.ConstructorResolver.instantiateUsingFactoryMethod(ConstructorResolver.java:481)
	at org.springframework.beans.factory.support.AbstractAutowireCapableBeanFactory.instantiateUsingFactoryMethod(AbstractAutowireCapableBeanFactory.java:1352)
	at org.springframework.beans.factory.support.AbstractAutowireCapableBeanFactory.createBeanInstance(AbstractAutowireCapableBeanFactory.java:1195)
	at org.springframework.beans.factory.support.AbstractAutowireCapableBeanFactory.doCreateBean(AbstractAutowireCapableBeanFactory.java:582)
	at org.springframework.beans.factory.support.AbstractAutowireCapableBeanFactory.createBean(AbstractAutowireCapableBeanFactory.java:542)
	at org.springframework.beans.factory.support.AbstractBeanFactory.lambda$doGetBean$0(AbstractBeanFactory.java:335)
	at org.springframework.beans.factory.support.DefaultSingletonBeanRegistry.getSingleton(DefaultSingletonBeanRegistry.java:234)
	at org.springframework.beans.factory.support.AbstractBeanFactory.doGetBean(AbstractBeanFactory.java:333)
	at org.springframework.beans.factory.support.AbstractBeanFactory.getBean(AbstractBeanFactory.java:208)
	at org.springframework.beans.factory.support.DefaultListableBeanFactory.preInstantiateSingletons(DefaultListableBeanFactory.java:955)
	at org.springframework.context.support.AbstractApplicationContext.finishBeanFactoryInitialization(AbstractApplicationContext.java:929)
	at org.springframework.context.support.AbstractApplicationContext.refresh(AbstractApplicationContext.java:591)
	at org.springframework.boot.web.servlet.context.ServletWebServerApplicationContext.refresh(ServletWebServerApplicationContext.java:147)
	at org.springframework.boot.SpringApplication.refresh(SpringApplication.java:732)
	at org.springframework.boot.SpringApplication.refreshContext(SpringApplication.java:409)
	at org.springframework.boot.SpringApplication.run(SpringApplication.java:308)
	at org.springframework.boot.SpringApplication.run(SpringApplication.java:1300)
	at org.springframework.boot.SpringApplication.run(SpringApplication.java:1289)
	at com.davivienda.factoraje.FactorajeApplication.main(FactorajeApplication.java:14)
	at sun.reflect.NativeMethodAccessorImpl.invoke0(Native Method)
	at sun.reflect.NativeMethodAccessorImpl.invoke(NativeMethodAccessorImpl.java:62)
	at sun.reflect.DelegatingMethodAccessorImpl.invoke(DelegatingMethodAccessorImpl.java:43)
	at java.lang.reflect.Method.invoke(Method.java:498)
	at org.springframework.boot.devtools.restart.RestartLauncher.run(RestartLauncher.java:50)
2025-08-15 12:17:30 INFO  c.d.factoraje.auth.InitEntorno - Codigo App Entorno: FactorajeAuthBEL
2025-08-15 12:17:30 INFO  c.d.factoraje.auth.InitEntorno - TotalFabricas:::1
2025-08-15 12:17:30 INFO  c.d.factoraje.auth.InitEntorno - Fin-----------------
2025-08-15 12:17:30 WARN  o.s.b.a.o.j.JpaBaseConfiguration$JpaWebConfiguration - spring.jpa.open-in-view is enabled by default. Therefore, database queries may be performed during view rendering. Explicitly configure spring.jpa.open-in-view to disable this warning
2025-08-15 12:17:31 INFO  o.s.b.d.a.OptionalLiveReloadServer - LiveReload server is running on port 35729
2025-08-15 12:17:31 INFO  o.s.b.w.e.tomcat.TomcatWebServer - Tomcat started on port(s): 8080 (http) with context path ''
2025-08-15 12:17:31 INFO  c.d.factoraje.FactorajeApplication - Started FactorajeApplication in 14.757 seconds (JVM running for 15.882)
2025-08-15 12:22:52 INFO  o.s.b.d.a.LocalDevToolsAutoConfiguration$RestartingClassPathChangeChangedEventListener - Restarting due to 1 class path change (0 additions, 0 deletions, 1 modification)
2025-08-15 12:22:52 INFO  o.a.catalina.core.StandardService - Stopping service [Tomcat]
2025-08-15 12:22:52 INFO  o.s.o.j.LocalContainerEntityManagerFactoryBean - Closing JPA EntityManagerFactory for persistence unit 'default'
2025-08-15 12:22:52 INFO  com.zaxxer.hikari.HikariDataSource - HikariPool-1 - Shutdown initiated...
2025-08-15 12:22:52 INFO  com.zaxxer.hikari.HikariDataSource - HikariPool-1 - Shutdown completed.
2025-08-15 12:22:58 INFO  c.d.factoraje.FactorajeApplication - Starting FactorajeApplication using Java 1.8.0_441 on SV03L000N3218 with PID 15736 (C:\Users\91737\Documents\Workplace\Desarrollo de software\Repositorios davicash\server-davicash\target\classes started by 91737 in C:\Users\91737\Documents\Workplace\Desarrollo de software\Repositorios davicash\server-davicash)
2025-08-15 12:22:58 INFO  c.d.factoraje.FactorajeApplication - No active profile set, falling back to 1 default profile: "default"
2025-08-15 12:22:58 INFO  o.s.b.d.e.DevToolsPropertyDefaultsPostProcessor - Devtools property defaults active! Set 'spring.devtools.add-properties' to 'false' to disable
2025-08-15 12:22:58 INFO  o.s.b.d.e.DevToolsPropertyDefaultsPostProcessor - For additional web related logging consider setting the 'logging.level.web' property to 'DEBUG'
2025-08-15 12:23:01 INFO  o.s.d.r.c.RepositoryConfigurationDelegate - Bootstrapping Spring Data JPA repositories in DEFAULT mode.
2025-08-15 12:23:01 INFO  o.s.d.r.c.RepositoryConfigurationDelegate - Finished Spring Data repository scanning in 262 ms. Found 8 JPA repository interfaces.
2025-08-15 12:23:04 INFO  o.s.b.w.e.tomcat.TomcatWebServer - Tomcat initialized with port(s): 8080 (http)
2025-08-15 12:23:05 INFO  o.a.catalina.core.StandardService - Starting service [Tomcat]
2025-08-15 12:23:05 INFO  o.a.catalina.core.StandardEngine - Starting Servlet engine: [Apache Tomcat/9.0.83]
2025-08-15 12:23:05 INFO  o.a.c.c.C.[Tomcat].[localhost].[/] - Initializing Spring embedded WebApplicationContext
2025-08-15 12:23:05 INFO  o.s.b.w.s.c.ServletWebServerApplicationContext - Root WebApplicationContext: initialization completed in 6221 ms
2025-08-15 12:23:05 INFO  com.zaxxer.hikari.HikariDataSource - HikariPool-1 - Starting...
2025-08-15 12:23:07 INFO  com.zaxxer.hikari.HikariDataSource - HikariPool-1 - Start completed.
2025-08-15 12:23:07 INFO  o.h.jpa.internal.util.LogHelper - HHH000204: Processing PersistenceUnitInfo [name: default]
2025-08-15 12:23:07 INFO  org.hibernate.Version - HHH000412: Hibernate ORM core version 5.6.15.Final
2025-08-15 12:23:08 INFO  o.h.annotations.common.Version - HCANN000001: Hibernate Commons Annotations {5.1.2.Final}
2025-08-15 12:23:08 INFO  org.hibernate.dialect.Dialect - HHH000400: Using dialect: org.hibernate.dialect.PostgreSQLDialect
2025-08-15 12:23:10 INFO  o.h.e.t.j.p.i.JtaPlatformInitiator - HHH000490: Using JtaPlatform implementation: [org.hibernate.engine.transaction.jta.platform.internal.NoJtaPlatform]
2025-08-15 12:23:10 INFO  o.s.o.j.LocalContainerEntityManagerFactoryBean - Initialized JPA EntityManagerFactory for persistence unit 'default'
2025-08-15 12:23:11 INFO  c.d.factoraje.service.RoleService - RoleService initialized
2025-08-15 12:23:11 INFO  c.d.factoraje.service.UserService - UserService initialized
2025-08-15 12:23:11 INFO  c.d.factoraje.service.EntityService - EntityService initialized
2025-08-15 12:23:11 INFO  c.d.f.service.DocumentService - DocumentService initialized
2025-08-15 12:23:11 INFO  c.d.f.service.AgreementService - AgreementService initialized
2025-08-15 12:23:11 INFO  c.d.f.controller.AgreementController - AgreementController initialized
2025-08-15 12:23:11 INFO  c.d.factoraje.service.EntornoService - EntornoController initialized
2025-08-15 12:23:11 INFO  c.d.f.controller.AuthController - AuthController initialized
2025-08-15 12:23:11 INFO  c.d.f.controller.DocumentController - DocumentController initialized
2025-08-15 12:23:11 INFO  c.d.f.controller.EntityController - EntityController initialized
2025-08-15 12:23:11 INFO  c.d.f.service.OperationsService - OperationsService inicializado y listo para usar el servicio de parámetros en caché.
2025-08-15 12:23:11 INFO  c.d.f.c.OperationsController - OperationsController initialized
2025-08-15 12:23:11 INFO  c.d.f.service.PermissionService - PermissionService initialized
2025-08-15 12:23:11 INFO  c.d.f.c.PermissionController - PermissionController initialized
2025-08-15 12:23:11 INFO  c.d.f.c.ProcessFileController - ProcessFileController initialized
2025-08-15 12:23:11 INFO  c.d.f.controller.RoleController - RoleController initialized
2025-08-15 12:23:11 INFO  c.d.f.controller.DocumentController - UserController initialized
2025-08-15 12:23:12 INFO  c.d.factoraje.auth.InitEntorno - Inicio--------------
2025-08-15 12:23:12 INFO  c.d.factoraje.auth.InitEntorno - ------- Establenciendo conexion --------
2025-08-15 12:23:12 INFO  c.d.f.d.FabricaEntornoCoreSpring - parametro de conexion jndi: java:comp/env/jdbc/J2EntornoDB
2025-08-15 12:23:12 ERROR c.d.f.d.FabricaEntornoCoreSpring - FabricaEntornoCoreSpring||obtenerSpringDSConexion error en la configuracion del jndy: java:comp/env/jdbc/J2EntornoDB
javax.naming.NoInitialContextException: Need to specify class name in environment or system property, or as an applet parameter, or in an application resource file:  java.naming.factory.initial
	at javax.naming.spi.NamingManager.getInitialContext(NamingManager.java:672)
	at javax.naming.InitialContext.getDefaultInitCtx(InitialContext.java:313)
	at javax.naming.InitialContext.getURLOrDefaultInitCtx(InitialContext.java:350)
	at javax.naming.InitialContext.lookup(InitialContext.java:417)
	at org.springframework.jndi.JndiTemplate.lambda$lookup$0(JndiTemplate.java:157)
	at org.springframework.jndi.JndiTemplate.execute(JndiTemplate.java:92)
	at org.springframework.jndi.JndiTemplate.lookup(JndiTemplate.java:157)
	at org.springframework.jndi.JndiTemplate.lookup(JndiTemplate.java:179)
	at com.davivienda.factoraje.database.FabricaEntornoCoreSpring.obtenerSpringDSConexion(FabricaEntornoCoreSpring.java:46)
	at com.davivienda.factoraje.database.FabricaEntornoCoreSpring.conexionDefinida(FabricaEntornoCoreSpring.java:27)
	at com.davivienda.factoraje.auth.InitEntorno.arrancarJ2EntornoCliente(InitEntorno.java:40)
	at com.davivienda.factoraje.auth.InitEntorno$$EnhancerBySpringCGLIB$$1ae98b86.CGLIB$arrancarJ2EntornoCliente$0(<generated>)
	at com.davivienda.factoraje.auth.InitEntorno$$EnhancerBySpringCGLIB$$1ae98b86$$FastClassBySpringCGLIB$$fbc05ab3.invoke(<generated>)
	at org.springframework.cglib.proxy.MethodProxy.invokeSuper(MethodProxy.java:244)
	at org.springframework.context.annotation.ConfigurationClassEnhancer$BeanMethodInterceptor.intercept(ConfigurationClassEnhancer.java:331)
	at com.davivienda.factoraje.auth.InitEntorno$$EnhancerBySpringCGLIB$$1ae98b86.arrancarJ2EntornoCliente(<generated>)
	at sun.reflect.NativeMethodAccessorImpl.invoke0(Native Method)
	at sun.reflect.NativeMethodAccessorImpl.invoke(NativeMethodAccessorImpl.java:62)
	at sun.reflect.DelegatingMethodAccessorImpl.invoke(DelegatingMethodAccessorImpl.java:43)
	at java.lang.reflect.Method.invoke(Method.java:498)
	at org.springframework.beans.factory.support.SimpleInstantiationStrategy.instantiate(SimpleInstantiationStrategy.java:154)
	at org.springframework.beans.factory.support.ConstructorResolver.instantiate(ConstructorResolver.java:648)
	at org.springframework.beans.factory.support.ConstructorResolver.instantiateUsingFactoryMethod(ConstructorResolver.java:481)
	at org.springframework.beans.factory.support.AbstractAutowireCapableBeanFactory.instantiateUsingFactoryMethod(AbstractAutowireCapableBeanFactory.java:1352)
	at org.springframework.beans.factory.support.AbstractAutowireCapableBeanFactory.createBeanInstance(AbstractAutowireCapableBeanFactory.java:1195)
	at org.springframework.beans.factory.support.AbstractAutowireCapableBeanFactory.doCreateBean(AbstractAutowireCapableBeanFactory.java:582)
	at org.springframework.beans.factory.support.AbstractAutowireCapableBeanFactory.createBean(AbstractAutowireCapableBeanFactory.java:542)
	at org.springframework.beans.factory.support.AbstractBeanFactory.lambda$doGetBean$0(AbstractBeanFactory.java:335)
	at org.springframework.beans.factory.support.DefaultSingletonBeanRegistry.getSingleton(DefaultSingletonBeanRegistry.java:234)
	at org.springframework.beans.factory.support.AbstractBeanFactory.doGetBean(AbstractBeanFactory.java:333)
	at org.springframework.beans.factory.support.AbstractBeanFactory.getBean(AbstractBeanFactory.java:208)
	at org.springframework.beans.factory.support.DefaultListableBeanFactory.preInstantiateSingletons(DefaultListableBeanFactory.java:955)
	at org.springframework.context.support.AbstractApplicationContext.finishBeanFactoryInitialization(AbstractApplicationContext.java:929)
	at org.springframework.context.support.AbstractApplicationContext.refresh(AbstractApplicationContext.java:591)
	at org.springframework.boot.web.servlet.context.ServletWebServerApplicationContext.refresh(ServletWebServerApplicationContext.java:147)
	at org.springframework.boot.SpringApplication.refresh(SpringApplication.java:732)
	at org.springframework.boot.SpringApplication.refreshContext(SpringApplication.java:409)
	at org.springframework.boot.SpringApplication.run(SpringApplication.java:308)
	at org.springframework.boot.SpringApplication.run(SpringApplication.java:1300)
	at org.springframework.boot.SpringApplication.run(SpringApplication.java:1289)
	at com.davivienda.factoraje.FactorajeApplication.main(FactorajeApplication.java:14)
	at sun.reflect.NativeMethodAccessorImpl.invoke0(Native Method)
	at sun.reflect.NativeMethodAccessorImpl.invoke(NativeMethodAccessorImpl.java:62)
	at sun.reflect.DelegatingMethodAccessorImpl.invoke(DelegatingMethodAccessorImpl.java:43)
	at java.lang.reflect.Method.invoke(Method.java:498)
	at org.springframework.boot.devtools.restart.RestartLauncher.run(RestartLauncher.java:50)
2025-08-15 12:23:12 INFO  c.d.f.d.FabricaEntornoCoreSpring - parametro de conexion jndi: java:comp/env/jdbc/J2EntornoDB
2025-08-15 12:23:12 ERROR c.d.f.d.FabricaEntornoCoreSpring - FabricaEntornoCoreSpring||obtenerSpringDSConexion error en la configuracion del jndy: java:comp/env/jdbc/J2EntornoDB
javax.naming.NoInitialContextException: Need to specify class name in environment or system property, or as an applet parameter, or in an application resource file:  java.naming.factory.initial
	at javax.naming.spi.NamingManager.getInitialContext(NamingManager.java:672)
	at javax.naming.InitialContext.getDefaultInitCtx(InitialContext.java:313)
	at javax.naming.InitialContext.getURLOrDefaultInitCtx(InitialContext.java:350)
	at javax.naming.InitialContext.lookup(InitialContext.java:417)
	at org.springframework.jndi.JndiTemplate.lambda$lookup$0(JndiTemplate.java:157)
	at org.springframework.jndi.JndiTemplate.execute(JndiTemplate.java:92)
	at org.springframework.jndi.JndiTemplate.lookup(JndiTemplate.java:157)
	at org.springframework.jndi.JndiTemplate.lookup(JndiTemplate.java:179)
	at com.davivienda.factoraje.database.FabricaEntornoCoreSpring.obtenerSpringDSConexion(FabricaEntornoCoreSpring.java:46)
	at com.davivienda.factoraje.database.FabricaEntornoCoreSpring.conexionDefinida(FabricaEntornoCoreSpring.java:27)
	at com.hsbc.sv.desarrollo.interconexion.impl.jdbcbasico.ServicioJDBC.conexionActiva(ServicioJDBC.java:119)
	at com.hsbc.sv.desarrollo.interconexion.impl.jdbcbasico.ServicioJDBCResultSet.ejecutar(ServicioJDBCResultSet.java:41)
	at com.hsbc.sv.desarrollo.interconexion.Servicio.invocar(Servicio.java:146)
	at com.hsbc.sv.desarrollo.interconexion.FabricaServicios.operacion(FabricaServicios.java:410)
	at com.hsbc.sv.desarrollo.interconexion.FabricaServicios.obtenerDatos(FabricaServicios.java:357)
	at com.hsbc.sv.j2entorno.core.FabricaEntornoCore.arrancarJ2EntornoCliente(FabricaEntornoCore.java:92)
	at com.davivienda.factoraje.auth.InitEntorno.arrancarJ2EntornoCliente(InitEntorno.java:41)
	at com.davivienda.factoraje.auth.InitEntorno$$EnhancerBySpringCGLIB$$1ae98b86.CGLIB$arrancarJ2EntornoCliente$0(<generated>)
	at com.davivienda.factoraje.auth.InitEntorno$$EnhancerBySpringCGLIB$$1ae98b86$$FastClassBySpringCGLIB$$fbc05ab3.invoke(<generated>)
	at org.springframework.cglib.proxy.MethodProxy.invokeSuper(MethodProxy.java:244)
	at org.springframework.context.annotation.ConfigurationClassEnhancer$BeanMethodInterceptor.intercept(ConfigurationClassEnhancer.java:331)
	at com.davivienda.factoraje.auth.InitEntorno$$EnhancerBySpringCGLIB$$1ae98b86.arrancarJ2EntornoCliente(<generated>)
	at sun.reflect.NativeMethodAccessorImpl.invoke0(Native Method)
	at sun.reflect.NativeMethodAccessorImpl.invoke(NativeMethodAccessorImpl.java:62)
	at sun.reflect.DelegatingMethodAccessorImpl.invoke(DelegatingMethodAccessorImpl.java:43)
	at java.lang.reflect.Method.invoke(Method.java:498)
	at org.springframework.beans.factory.support.SimpleInstantiationStrategy.instantiate(SimpleInstantiationStrategy.java:154)
	at org.springframework.beans.factory.support.ConstructorResolver.instantiate(ConstructorResolver.java:648)
	at org.springframework.beans.factory.support.ConstructorResolver.instantiateUsingFactoryMethod(ConstructorResolver.java:481)
	at org.springframework.beans.factory.support.AbstractAutowireCapableBeanFactory.instantiateUsingFactoryMethod(AbstractAutowireCapableBeanFactory.java:1352)
	at org.springframework.beans.factory.support.AbstractAutowireCapableBeanFactory.createBeanInstance(AbstractAutowireCapableBeanFactory.java:1195)
	at org.springframework.beans.factory.support.AbstractAutowireCapableBeanFactory.doCreateBean(AbstractAutowireCapableBeanFactory.java:582)
	at org.springframework.beans.factory.support.AbstractAutowireCapableBeanFactory.createBean(AbstractAutowireCapableBeanFactory.java:542)
	at org.springframework.beans.factory.support.AbstractBeanFactory.lambda$doGetBean$0(AbstractBeanFactory.java:335)
	at org.springframework.beans.factory.support.DefaultSingletonBeanRegistry.getSingleton(DefaultSingletonBeanRegistry.java:234)
	at org.springframework.beans.factory.support.AbstractBeanFactory.doGetBean(AbstractBeanFactory.java:333)
	at org.springframework.beans.factory.support.AbstractBeanFactory.getBean(AbstractBeanFactory.java:208)
	at org.springframework.beans.factory.support.DefaultListableBeanFactory.preInstantiateSingletons(DefaultListableBeanFactory.java:955)
	at org.springframework.context.support.AbstractApplicationContext.finishBeanFactoryInitialization(AbstractApplicationContext.java:929)
	at org.springframework.context.support.AbstractApplicationContext.refresh(AbstractApplicationContext.java:591)
	at org.springframework.boot.web.servlet.context.ServletWebServerApplicationContext.refresh(ServletWebServerApplicationContext.java:147)
	at org.springframework.boot.SpringApplication.refresh(SpringApplication.java:732)
	at org.springframework.boot.SpringApplication.refreshContext(SpringApplication.java:409)
	at org.springframework.boot.SpringApplication.run(SpringApplication.java:308)
	at org.springframework.boot.SpringApplication.run(SpringApplication.java:1300)
	at org.springframework.boot.SpringApplication.run(SpringApplication.java:1289)
	at com.davivienda.factoraje.FactorajeApplication.main(FactorajeApplication.java:14)
	at sun.reflect.NativeMethodAccessorImpl.invoke0(Native Method)
	at sun.reflect.NativeMethodAccessorImpl.invoke(NativeMethodAccessorImpl.java:62)
	at sun.reflect.DelegatingMethodAccessorImpl.invoke(DelegatingMethodAccessorImpl.java:43)
	at java.lang.reflect.Method.invoke(Method.java:498)
	at org.springframework.boot.devtools.restart.RestartLauncher.run(RestartLauncher.java:50)
2025-08-15 12:23:12 INFO  c.d.factoraje.auth.InitEntorno - Codigo App Entorno: FactorajeAuthBEL
2025-08-15 12:23:12 INFO  c.d.factoraje.auth.InitEntorno - TotalFabricas:::1
2025-08-15 12:23:12 INFO  c.d.factoraje.auth.InitEntorno - Fin-----------------
2025-08-15 12:23:12 WARN  o.s.b.a.o.j.JpaBaseConfiguration$JpaWebConfiguration - spring.jpa.open-in-view is enabled by default. Therefore, database queries may be performed during view rendering. Explicitly configure spring.jpa.open-in-view to disable this warning
2025-08-15 12:23:13 INFO  o.s.b.d.a.OptionalLiveReloadServer - LiveReload server is running on port 35729
2025-08-15 12:23:13 INFO  o.s.b.w.e.tomcat.TomcatWebServer - Tomcat started on port(s): 8080 (http) with context path ''
2025-08-15 12:23:13 INFO  c.d.factoraje.FactorajeApplication - Started FactorajeApplication in 16.205 seconds (JVM running for 18.382)
2025-08-15 12:28:21 INFO  o.a.c.c.C.[Tomcat].[localhost].[/] - Initializing Spring DispatcherServlet 'dispatcherServlet'
2025-08-15 12:28:21 INFO  o.s.web.servlet.DispatcherServlet - Initializing Servlet 'dispatcherServlet'
2025-08-15 12:28:21 INFO  o.s.web.servlet.DispatcherServlet - Completed initialization in 1 ms
2025-08-15 16:58:07 WARN  com.zaxxer.hikari.pool.HikariPool - HikariPool-1 - Thread starvation or clock leap detected (housekeeper delta=23m55s408ms525µs100ns).
