2025-08-05 10:47:39 INFO  c.d.factoraje.FactorajeApplication - Starting FactorajeApplication using Java 1.8.0_462 on MacBook-Air-de-Carlos.local with PID 38539 (/Users/ch/Documents/DEV/Davicash/server-davicash/target/classes started by ch in /Users/ch/Documents/DEV/Davicash/server-davicash)
2025-08-05 10:47:39 INFO  c.d.factoraje.FactorajeApplication - No active profile set, falling back to 1 default profile: "default"
2025-08-05 10:47:39 INFO  o.s.b.d.e.DevToolsPropertyDefaultsPostProcessor - Devtools property defaults active! Set 'spring.devtools.add-properties' to 'false' to disable
2025-08-05 10:47:39 INFO  o.s.b.d.e.DevToolsPropertyDefaultsPostProcessor - For additional web related logging consider setting the 'logging.level.web' property to 'DEBUG'
2025-08-05 10:47:39 INFO  o.s.d.r.c.RepositoryConfigurationDelegate - Bootstrapping Spring Data JPA repositories in DEFAULT mode.
2025-08-05 10:47:40 INFO  o.s.d.r.c.RepositoryConfigurationDelegate - Finished Spring Data repository scanning in 25 ms. Found 8 JPA repository interfaces.
2025-08-05 10:47:40 INFO  o.s.b.w.e.tomcat.TomcatWebServer - Tomcat initialized with port(s): 8080 (http)
2025-08-05 10:47:40 INFO  o.a.catalina.core.StandardService - Starting service [Tomcat]
2025-08-05 10:47:40 INFO  o.a.catalina.core.StandardEngine - Starting Servlet engine: [Apache Tomcat/9.0.83]
2025-08-05 10:47:40 INFO  o.a.c.c.C.[Tomcat].[localhost].[/] - Initializing Spring embedded WebApplicationContext
2025-08-05 10:47:40 INFO  o.s.b.w.s.c.ServletWebServerApplicationContext - Root WebApplicationContext: initialization completed in 665 ms
2025-08-05 10:47:40 INFO  o.h.jpa.internal.util.LogHelper - HHH000204: Processing PersistenceUnitInfo [name: default]
2025-08-05 10:47:40 INFO  org.hibernate.Version - HHH000412: Hibernate ORM core version 5.6.15.Final
2025-08-05 10:47:40 INFO  o.h.annotations.common.Version - HCANN000001: Hibernate Commons Annotations {5.1.2.Final}
2025-08-05 10:47:40 INFO  com.zaxxer.hikari.HikariDataSource - HikariPool-1 - Starting...
2025-08-05 10:47:40 INFO  com.zaxxer.hikari.HikariDataSource - HikariPool-1 - Start completed.
2025-08-05 10:47:40 INFO  org.hibernate.dialect.Dialect - HHH000400: Using dialect: org.hibernate.dialect.PostgreSQLDialect
2025-08-05 10:47:41 INFO  o.h.e.t.j.p.i.JtaPlatformInitiator - HHH000490: Using JtaPlatform implementation: [org.hibernate.engine.transaction.jta.platform.internal.NoJtaPlatform]
2025-08-05 10:47:41 INFO  o.s.o.j.LocalContainerEntityManagerFactoryBean - Initialized JPA EntityManagerFactory for persistence unit 'default'
2025-08-05 10:47:41 INFO  c.d.factoraje.service.RoleService - RoleService initialized
2025-08-05 10:47:41 INFO  c.d.factoraje.service.UserService - UserService initialized
2025-08-05 10:47:41 INFO  c.d.f.service.AgreementService - AgreementService initialized
2025-08-05 10:47:41 INFO  c.d.f.controller.AgreementController - AgreementController initialized
2025-08-05 10:47:41 INFO  c.d.factoraje.service.EntityService - EntityService initialized
2025-08-05 10:47:41 INFO  c.d.f.controller.AuthController - AuthController initialized
2025-08-05 10:47:41 INFO  c.d.f.service.DocumentService - DocumentService initialized
2025-08-05 10:47:41 INFO  c.d.f.controller.DocumentController - DocumentController initialized
2025-08-05 10:47:41 INFO  c.d.f.controller.EntityController - EntityController initialized
2025-08-05 10:47:41 INFO  c.d.f.c.OperationsController - OperationsController initialized
2025-08-05 10:47:41 INFO  c.d.f.service.PermissionService - PermissionService initialized
2025-08-05 10:47:41 INFO  c.d.f.c.PermissionController - PermissionController initialized
2025-08-05 10:47:41 INFO  c.d.f.c.ProcessFileController - ProcessFileController initialized
2025-08-05 10:47:41 INFO  c.d.f.controller.RoleController - RoleController initialized
2025-08-05 10:47:41 INFO  c.d.f.controller.DocumentController - UserController initialized
2025-08-05 10:47:41 WARN  o.s.b.a.o.j.JpaBaseConfiguration$JpaWebConfiguration - spring.jpa.open-in-view is enabled by default. Therefore, database queries may be performed during view rendering. Explicitly configure spring.jpa.open-in-view to disable this warning
2025-08-05 10:47:41 INFO  o.s.b.d.a.OptionalLiveReloadServer - LiveReload server is running on port 35729
2025-08-05 10:47:41 INFO  o.s.b.w.e.tomcat.TomcatWebServer - Tomcat started on port(s): 8080 (http) with context path ''
2025-08-05 10:47:41 INFO  c.d.factoraje.FactorajeApplication - Started FactorajeApplication in 2.22 seconds (JVM running for 2.434)
2025-08-05 10:48:04 INFO  o.a.c.c.C.[Tomcat].[localhost].[/] - Initializing Spring DispatcherServlet 'dispatcherServlet'
2025-08-05 10:48:04 INFO  o.s.web.servlet.DispatcherServlet - Initializing Servlet 'dispatcherServlet'
2025-08-05 10:48:04 INFO  o.s.web.servlet.DispatcherServlet - Completed initialization in 1 ms
2025-08-05 10:48:04 INFO  c.d.f.controller.DocumentController - GET /api/users/user - fetch logged user data
2025-08-05 10:48:04 INFO  c.d.f.controller.DocumentController - User found for DUI 063062817
2025-08-05 10:48:05 INFO  c.d.f.controller.EntityController - GET /api/entities/type?isEntityType=true
2025-08-05 10:48:05 INFO  c.d.f.controller.EntityController - Found 3 entities for type true
2025-08-05 10:48:05 INFO  c.d.f.controller.EntityController - GET /api/entities/type?isEntityType=true
2025-08-05 10:48:05 INFO  c.d.f.controller.EntityController - Found 3 entities for type true
2025-08-05 10:48:10 INFO  c.d.f.controller.EntityController - GET /api/entities/type?isEntityType=true
2025-08-05 10:48:10 INFO  c.d.f.controller.EntityController - Found 3 entities for type true
2025-08-05 10:48:10 INFO  c.d.f.controller.EntityController - GET /api/entities/type?isEntityType=true
2025-08-05 10:48:10 INFO  c.d.f.controller.EntityController - Found 3 entities for type true
2025-08-05 10:48:33 INFO  c.d.f.controller.EntityController - GET /api/entities/type?isEntityType=true
2025-08-05 10:48:33 INFO  c.d.f.controller.EntityController - Found 3 entities for type true
2025-08-05 10:48:33 INFO  c.d.f.controller.EntityController - GET /api/entities/type?isEntityType=true
2025-08-05 10:48:33 INFO  c.d.f.controller.EntityController - Found 3 entities for type true
2025-08-05 10:48:35 INFO  c.d.f.controller.EntityController - GET /api/entities/type?isEntityType=true
2025-08-05 10:48:35 INFO  c.d.f.controller.EntityController - Found 3 entities for type true
2025-08-05 10:48:35 INFO  c.d.f.controller.EntityController - GET /api/entities/type?isEntityType=true
2025-08-05 10:48:35 INFO  c.d.f.controller.EntityController - Found 3 entities for type true
2025-08-05 10:56:28 INFO  o.s.b.d.a.LocalDevToolsAutoConfiguration$RestartingClassPathChangeChangedEventListener - Restarting due to 1 class path change (0 additions, 0 deletions, 1 modification)
2025-08-05 10:56:28 INFO  o.a.catalina.core.StandardService - Stopping service [Tomcat]
2025-08-05 10:56:28 INFO  o.a.c.c.C.[Tomcat].[localhost].[/] - Destroying Spring FrameworkServlet 'dispatcherServlet'
2025-08-05 10:56:28 INFO  o.s.o.j.LocalContainerEntityManagerFactoryBean - Closing JPA EntityManagerFactory for persistence unit 'default'
2025-08-05 10:56:28 INFO  com.zaxxer.hikari.HikariDataSource - HikariPool-1 - Shutdown initiated...
2025-08-05 10:56:28 INFO  com.zaxxer.hikari.HikariDataSource - HikariPool-1 - Shutdown completed.
2025-08-05 10:56:42 INFO  c.d.factoraje.FactorajeApplication - Starting FactorajeApplication using Java 1.8.0_462 on MacBook-Air-de-Carlos.local with PID 39099 (/Users/ch/Documents/DEV/Davicash/server-davicash/target/classes started by ch in /Users/ch/Documents/DEV/Davicash/server-davicash)
2025-08-05 10:56:42 INFO  c.d.factoraje.FactorajeApplication - No active profile set, falling back to 1 default profile: "default"
2025-08-05 10:56:42 INFO  o.s.b.d.e.DevToolsPropertyDefaultsPostProcessor - Devtools property defaults active! Set 'spring.devtools.add-properties' to 'false' to disable
2025-08-05 10:56:42 INFO  o.s.b.d.e.DevToolsPropertyDefaultsPostProcessor - For additional web related logging consider setting the 'logging.level.web' property to 'DEBUG'
2025-08-05 10:56:42 INFO  o.s.d.r.c.RepositoryConfigurationDelegate - Bootstrapping Spring Data JPA repositories in DEFAULT mode.
2025-08-05 10:56:42 INFO  o.s.d.r.c.RepositoryConfigurationDelegate - Finished Spring Data repository scanning in 26 ms. Found 8 JPA repository interfaces.
2025-08-05 10:56:42 INFO  o.s.b.w.e.tomcat.TomcatWebServer - Tomcat initialized with port(s): 8080 (http)
2025-08-05 10:56:42 INFO  o.a.catalina.core.StandardService - Starting service [Tomcat]
2025-08-05 10:56:42 INFO  o.a.catalina.core.StandardEngine - Starting Servlet engine: [Apache Tomcat/9.0.83]
2025-08-05 10:56:42 INFO  o.a.c.c.C.[Tomcat].[localhost].[/] - Initializing Spring embedded WebApplicationContext
2025-08-05 10:56:42 INFO  o.s.b.w.s.c.ServletWebServerApplicationContext - Root WebApplicationContext: initialization completed in 658 ms
2025-08-05 10:56:42 INFO  o.h.jpa.internal.util.LogHelper - HHH000204: Processing PersistenceUnitInfo [name: default]
2025-08-05 10:56:42 INFO  org.hibernate.Version - HHH000412: Hibernate ORM core version 5.6.15.Final
2025-08-05 10:56:42 INFO  o.h.annotations.common.Version - HCANN000001: Hibernate Commons Annotations {5.1.2.Final}
2025-08-05 10:56:43 INFO  com.zaxxer.hikari.HikariDataSource - HikariPool-1 - Starting...
2025-08-05 10:56:43 INFO  com.zaxxer.hikari.HikariDataSource - HikariPool-1 - Start completed.
2025-08-05 10:56:43 INFO  org.hibernate.dialect.Dialect - HHH000400: Using dialect: org.hibernate.dialect.PostgreSQLDialect
2025-08-05 10:56:43 INFO  o.h.e.t.j.p.i.JtaPlatformInitiator - HHH000490: Using JtaPlatform implementation: [org.hibernate.engine.transaction.jta.platform.internal.NoJtaPlatform]
2025-08-05 10:56:43 INFO  o.s.o.j.LocalContainerEntityManagerFactoryBean - Initialized JPA EntityManagerFactory for persistence unit 'default'
2025-08-05 10:56:43 INFO  c.d.factoraje.service.RoleService - RoleService initialized
2025-08-05 10:56:43 INFO  c.d.factoraje.service.UserService - UserService initialized
2025-08-05 10:56:43 INFO  c.d.f.service.AgreementService - AgreementService initialized
2025-08-05 10:56:43 INFO  c.d.f.controller.AgreementController - AgreementController initialized
2025-08-05 10:56:43 INFO  c.d.factoraje.service.EntityService - EntityService initialized
2025-08-05 10:56:43 INFO  c.d.f.controller.AuthController - AuthController initialized
2025-08-05 10:56:43 INFO  c.d.f.service.DocumentService - DocumentService initialized
2025-08-05 10:56:43 INFO  c.d.f.controller.DocumentController - DocumentController initialized
2025-08-05 10:56:43 INFO  c.d.f.controller.EntityController - EntityController initialized
2025-08-05 10:56:43 INFO  c.d.f.c.OperationsController - OperationsController initialized
2025-08-05 10:56:43 INFO  c.d.f.service.PermissionService - PermissionService initialized
2025-08-05 10:56:43 INFO  c.d.f.c.PermissionController - PermissionController initialized
2025-08-05 10:56:43 INFO  c.d.f.c.ProcessFileController - ProcessFileController initialized
2025-08-05 10:56:43 INFO  c.d.f.controller.RoleController - RoleController initialized
2025-08-05 10:56:43 INFO  c.d.f.controller.DocumentController - UserController initialized
2025-08-05 10:56:43 WARN  o.s.b.a.o.j.JpaBaseConfiguration$JpaWebConfiguration - spring.jpa.open-in-view is enabled by default. Therefore, database queries may be performed during view rendering. Explicitly configure spring.jpa.open-in-view to disable this warning
2025-08-05 10:56:44 INFO  o.s.b.d.a.OptionalLiveReloadServer - LiveReload server is running on port 35729
2025-08-05 10:56:44 INFO  o.s.b.w.e.tomcat.TomcatWebServer - Tomcat started on port(s): 8080 (http) with context path ''
2025-08-05 10:56:44 INFO  c.d.factoraje.FactorajeApplication - Started FactorajeApplication in 2.116 seconds (JVM running for 2.307)
2025-08-05 11:02:11 INFO  o.a.c.c.C.[Tomcat].[localhost].[/] - Initializing Spring DispatcherServlet 'dispatcherServlet'
2025-08-05 11:02:11 INFO  o.s.web.servlet.DispatcherServlet - Initializing Servlet 'dispatcherServlet'
2025-08-05 11:02:11 INFO  o.s.web.servlet.DispatcherServlet - Completed initialization in 2 ms
2025-08-05 11:02:11 INFO  c.d.f.controller.DocumentController - GET /api/users/user - fetch logged user data
2025-08-05 11:02:11 INFO  c.d.f.controller.DocumentController - User found for DUI 063062817
2025-08-05 11:02:13 INFO  c.d.f.controller.EntityController - GET /api/entities/type?isEntityType=true
2025-08-05 11:02:13 INFO  c.d.f.controller.EntityController - Found 3 entities for type true
2025-08-05 11:02:13 INFO  c.d.f.controller.EntityController - GET /api/entities/type?isEntityType=true
2025-08-05 11:02:13 INFO  c.d.f.controller.EntityController - Found 3 entities for type true
2025-08-05 11:02:24 WARN  o.s.w.s.m.m.a.ExceptionHandlerExceptionResolver - Resolved [java.lang.IllegalArgumentException: When allowCredentials is true, allowedOrigins cannot contain the special value "*" since that cannot be set on the "Access-Control-Allow-Origin" response header. To allow credentials to a set of origins, list them explicitly or consider using "allowedOriginPatterns" instead.]
2025-08-05 11:03:13 INFO  o.s.b.d.a.LocalDevToolsAutoConfiguration$RestartingClassPathChangeChangedEventListener - Restarting due to 1 class path change (0 additions, 0 deletions, 1 modification)
2025-08-05 11:03:13 INFO  o.a.catalina.core.StandardService - Stopping service [Tomcat]
2025-08-05 11:03:13 INFO  o.a.c.c.C.[Tomcat].[localhost].[/] - Destroying Spring FrameworkServlet 'dispatcherServlet'
2025-08-05 11:03:13 INFO  o.s.o.j.LocalContainerEntityManagerFactoryBean - Closing JPA EntityManagerFactory for persistence unit 'default'
2025-08-05 11:03:13 INFO  com.zaxxer.hikari.HikariDataSource - HikariPool-1 - Shutdown initiated...
2025-08-05 11:03:13 INFO  com.zaxxer.hikari.HikariDataSource - HikariPool-1 - Shutdown completed.
2025-08-05 11:42:58 INFO  c.d.factoraje.FactorajeApplication - Starting FactorajeApplication using Java 1.8.0_462 on MacBook-Air-de-Carlos.local with PID 40752 (/Users/ch/Documents/DEV/Davicash/server-davicash/target/classes started by ch in /Users/ch/Documents/DEV/Davicash/server-davicash)
2025-08-05 11:42:58 INFO  c.d.factoraje.FactorajeApplication - No active profile set, falling back to 1 default profile: "default"
2025-08-05 11:42:58 INFO  o.s.b.d.e.DevToolsPropertyDefaultsPostProcessor - Devtools property defaults active! Set 'spring.devtools.add-properties' to 'false' to disable
2025-08-05 11:42:58 INFO  o.s.b.d.e.DevToolsPropertyDefaultsPostProcessor - For additional web related logging consider setting the 'logging.level.web' property to 'DEBUG'
2025-08-05 11:42:58 INFO  o.s.d.r.c.RepositoryConfigurationDelegate - Bootstrapping Spring Data JPA repositories in DEFAULT mode.
2025-08-05 11:42:58 INFO  o.s.d.r.c.RepositoryConfigurationDelegate - Finished Spring Data repository scanning in 25 ms. Found 8 JPA repository interfaces.
2025-08-05 11:42:58 INFO  o.s.b.w.e.tomcat.TomcatWebServer - Tomcat initialized with port(s): 8080 (http)
2025-08-05 11:42:58 INFO  o.a.catalina.core.StandardService - Starting service [Tomcat]
2025-08-05 11:42:58 INFO  o.a.catalina.core.StandardEngine - Starting Servlet engine: [Apache Tomcat/9.0.83]
2025-08-05 11:42:58 INFO  o.a.c.c.C.[Tomcat].[localhost].[/] - Initializing Spring embedded WebApplicationContext
2025-08-05 11:42:58 INFO  o.s.b.w.s.c.ServletWebServerApplicationContext - Root WebApplicationContext: initialization completed in 631 ms
2025-08-05 11:42:58 INFO  o.h.jpa.internal.util.LogHelper - HHH000204: Processing PersistenceUnitInfo [name: default]
2025-08-05 11:42:58 INFO  org.hibernate.Version - HHH000412: Hibernate ORM core version 5.6.15.Final
2025-08-05 11:42:59 INFO  o.h.annotations.common.Version - HCANN000001: Hibernate Commons Annotations {5.1.2.Final}
2025-08-05 11:42:59 INFO  com.zaxxer.hikari.HikariDataSource - HikariPool-1 - Starting...
2025-08-05 11:42:59 INFO  com.zaxxer.hikari.HikariDataSource - HikariPool-1 - Start completed.
2025-08-05 11:42:59 INFO  org.hibernate.dialect.Dialect - HHH000400: Using dialect: org.hibernate.dialect.PostgreSQLDialect
2025-08-05 11:42:59 INFO  o.h.e.t.j.p.i.JtaPlatformInitiator - HHH000490: Using JtaPlatform implementation: [org.hibernate.engine.transaction.jta.platform.internal.NoJtaPlatform]
2025-08-05 11:42:59 INFO  o.s.o.j.LocalContainerEntityManagerFactoryBean - Initialized JPA EntityManagerFactory for persistence unit 'default'
2025-08-05 11:42:59 INFO  c.d.factoraje.service.RoleService - RoleService initialized
2025-08-05 11:42:59 INFO  c.d.factoraje.service.UserService - UserService initialized
2025-08-05 11:42:59 INFO  c.d.f.service.AgreementService - AgreementService initialized
2025-08-05 11:42:59 INFO  c.d.f.controller.AgreementController - AgreementController initialized
2025-08-05 11:42:59 INFO  c.d.factoraje.service.EntityService - EntityService initialized
2025-08-05 11:42:59 INFO  c.d.f.controller.AuthController - AuthController initialized
2025-08-05 11:42:59 INFO  c.d.f.service.DocumentService - DocumentService initialized
2025-08-05 11:42:59 INFO  c.d.f.controller.DocumentController - DocumentController initialized
2025-08-05 11:42:59 INFO  c.d.f.controller.EntityController - EntityController initialized
2025-08-05 11:42:59 INFO  c.d.f.c.OperationsController - OperationsController initialized
2025-08-05 11:42:59 INFO  c.d.f.service.PermissionService - PermissionService initialized
2025-08-05 11:42:59 INFO  c.d.f.c.PermissionController - PermissionController initialized
2025-08-05 11:42:59 INFO  c.d.f.c.ProcessFileController - ProcessFileController initialized
2025-08-05 11:42:59 INFO  c.d.f.controller.RoleController - RoleController initialized
2025-08-05 11:42:59 INFO  c.d.f.controller.DocumentController - UserController initialized
2025-08-05 11:42:59 WARN  o.s.b.a.o.j.JpaBaseConfiguration$JpaWebConfiguration - spring.jpa.open-in-view is enabled by default. Therefore, database queries may be performed during view rendering. Explicitly configure spring.jpa.open-in-view to disable this warning
2025-08-05 11:43:00 INFO  o.s.b.d.a.OptionalLiveReloadServer - LiveReload server is running on port 35729
2025-08-05 11:43:00 INFO  o.s.b.w.e.tomcat.TomcatWebServer - Tomcat started on port(s): 8080 (http) with context path ''
2025-08-05 11:43:00 INFO  c.d.factoraje.FactorajeApplication - Started FactorajeApplication in 2.107 seconds (JVM running for 2.304)
2025-08-05 11:43:04 INFO  o.a.c.c.C.[Tomcat].[localhost].[/] - Initializing Spring DispatcherServlet 'dispatcherServlet'
2025-08-05 11:43:04 INFO  o.s.web.servlet.DispatcherServlet - Initializing Servlet 'dispatcherServlet'
2025-08-05 11:43:04 INFO  o.s.web.servlet.DispatcherServlet - Completed initialization in 1 ms
2025-08-05 11:43:05 INFO  c.d.f.controller.DocumentController - GET /api/users/user - fetch logged user data
2025-08-05 11:43:05 INFO  c.d.f.controller.DocumentController - User found for DUI 063062817
2025-08-05 11:43:05 INFO  c.d.f.controller.DocumentController - GET /api/users/user - fetch logged user data
2025-08-05 11:43:05 INFO  c.d.f.controller.DocumentController - User found for DUI 063062817
2025-08-05 11:43:05 INFO  c.d.f.controller.EntityController - GET /api/entities/type?isEntityType=true
2025-08-05 11:43:05 INFO  c.d.f.controller.EntityController - Found 3 entities for type true
2025-08-05 11:43:05 INFO  c.d.f.controller.EntityController - GET /api/entities/type?isEntityType=true
2025-08-05 11:43:05 INFO  c.d.f.controller.EntityController - Found 3 entities for type true
2025-08-05 11:43:13 INFO  c.d.f.c.ProcessFileController - POST /api/archivos/upload-excel - file=Pruebados.xlsx, payerId=5c3bbe6e-a2da-4022-aa1d-353a83a12d62, userId=a0717a38-2c87-4748-9ddf-1f60c06f05fa
2025-08-05 11:43:13 INFO  c.d.f.service.AgreementService - Agreement not found for identifier {}
2025-08-05 11:43:13 INFO  c.d.f.service.AgreementService - Agreement not found for identifier {}
2025-08-05 11:43:13 INFO  c.d.f.c.ProcessFileController - File processed successfully: Archivo procesado. 6 registros guardados en la base de datos. rows saved
2025-08-05 11:47:51 INFO  o.s.b.d.a.LocalDevToolsAutoConfiguration$RestartingClassPathChangeChangedEventListener - Restarting due to 1 class path change (0 additions, 0 deletions, 1 modification)
2025-08-05 11:47:51 INFO  o.a.catalina.core.StandardService - Stopping service [Tomcat]
2025-08-05 11:47:51 INFO  o.a.c.c.C.[Tomcat].[localhost].[/] - Destroying Spring FrameworkServlet 'dispatcherServlet'
2025-08-05 11:47:51 INFO  o.s.o.j.LocalContainerEntityManagerFactoryBean - Closing JPA EntityManagerFactory for persistence unit 'default'
2025-08-05 11:47:51 INFO  com.zaxxer.hikari.HikariDataSource - HikariPool-1 - Shutdown initiated...
2025-08-05 11:47:51 INFO  com.zaxxer.hikari.HikariDataSource - HikariPool-1 - Shutdown completed.
2025-08-05 14:40:41 INFO  c.d.factoraje.FactorajeApplication - Starting FactorajeApplication using Java 1.8.0_462 on MacBook-Air-de-Carlos.local with PID 41581 (/Users/ch/Documents/DEV/Davicash/server-davicash/target/classes started by ch in /Users/ch/Documents/DEV/Davicash/server-davicash)
2025-08-05 14:40:41 INFO  c.d.factoraje.FactorajeApplication - No active profile set, falling back to 1 default profile: "default"
2025-08-05 14:40:41 INFO  o.s.b.d.e.DevToolsPropertyDefaultsPostProcessor - Devtools property defaults active! Set 'spring.devtools.add-properties' to 'false' to disable
2025-08-05 14:40:41 INFO  o.s.b.d.e.DevToolsPropertyDefaultsPostProcessor - For additional web related logging consider setting the 'logging.level.web' property to 'DEBUG'
2025-08-05 14:40:42 INFO  o.s.d.r.c.RepositoryConfigurationDelegate - Bootstrapping Spring Data JPA repositories in DEFAULT mode.
2025-08-05 14:40:42 INFO  o.s.d.r.c.RepositoryConfigurationDelegate - Finished Spring Data repository scanning in 26 ms. Found 8 JPA repository interfaces.
2025-08-05 14:40:42 INFO  o.s.b.w.e.tomcat.TomcatWebServer - Tomcat initialized with port(s): 8080 (http)
2025-08-05 14:40:42 INFO  o.a.catalina.core.StandardService - Starting service [Tomcat]
2025-08-05 14:40:42 INFO  o.a.catalina.core.StandardEngine - Starting Servlet engine: [Apache Tomcat/9.0.83]
2025-08-05 14:40:42 INFO  o.a.c.c.C.[Tomcat].[localhost].[/] - Initializing Spring embedded WebApplicationContext
2025-08-05 14:40:42 INFO  o.s.b.w.s.c.ServletWebServerApplicationContext - Root WebApplicationContext: initialization completed in 608 ms
2025-08-05 14:40:42 INFO  o.h.jpa.internal.util.LogHelper - HHH000204: Processing PersistenceUnitInfo [name: default]
2025-08-05 14:40:42 INFO  org.hibernate.Version - HHH000412: Hibernate ORM core version 5.6.15.Final
2025-08-05 14:40:42 INFO  o.h.annotations.common.Version - HCANN000001: Hibernate Commons Annotations {5.1.2.Final}
2025-08-05 14:40:42 INFO  com.zaxxer.hikari.HikariDataSource - HikariPool-1 - Starting...
2025-08-05 14:40:42 INFO  com.zaxxer.hikari.HikariDataSource - HikariPool-1 - Start completed.
2025-08-05 14:40:42 INFO  org.hibernate.dialect.Dialect - HHH000400: Using dialect: org.hibernate.dialect.PostgreSQLDialect
2025-08-05 14:40:43 INFO  o.h.e.t.j.p.i.JtaPlatformInitiator - HHH000490: Using JtaPlatform implementation: [org.hibernate.engine.transaction.jta.platform.internal.NoJtaPlatform]
2025-08-05 14:40:43 INFO  o.s.o.j.LocalContainerEntityManagerFactoryBean - Initialized JPA EntityManagerFactory for persistence unit 'default'
2025-08-05 14:40:43 INFO  c.d.factoraje.service.RoleService - RoleService initialized
2025-08-05 14:40:43 INFO  c.d.factoraje.service.UserService - UserService initialized
2025-08-05 14:40:43 INFO  c.d.f.service.AgreementService - AgreementService initialized
2025-08-05 14:40:43 INFO  c.d.f.controller.AgreementController - AgreementController initialized
2025-08-05 14:40:43 INFO  c.d.factoraje.service.EntityService - EntityService initialized
2025-08-05 14:40:43 INFO  c.d.f.controller.AuthController - AuthController initialized
2025-08-05 14:40:43 INFO  c.d.f.service.DocumentService - DocumentService initialized
2025-08-05 14:40:43 INFO  c.d.f.controller.DocumentController - DocumentController initialized
2025-08-05 14:40:43 INFO  c.d.f.controller.EntityController - EntityController initialized
2025-08-05 14:40:43 INFO  c.d.f.c.OperationsController - OperationsController initialized
2025-08-05 14:40:43 INFO  c.d.f.service.PermissionService - PermissionService initialized
2025-08-05 14:40:43 INFO  c.d.f.c.PermissionController - PermissionController initialized
2025-08-05 14:40:43 INFO  c.d.f.c.ProcessFileController - ProcessFileController initialized
2025-08-05 14:40:43 INFO  c.d.f.controller.RoleController - RoleController initialized
2025-08-05 14:40:43 INFO  c.d.f.controller.DocumentController - UserController initialized
2025-08-05 14:40:43 WARN  o.s.b.a.o.j.JpaBaseConfiguration$JpaWebConfiguration - spring.jpa.open-in-view is enabled by default. Therefore, database queries may be performed during view rendering. Explicitly configure spring.jpa.open-in-view to disable this warning
2025-08-05 14:40:43 INFO  o.s.b.d.a.OptionalLiveReloadServer - LiveReload server is running on port 35729
2025-08-05 14:40:43 INFO  o.s.b.w.e.tomcat.TomcatWebServer - Tomcat started on port(s): 8080 (http) with context path ''
2025-08-05 14:40:43 INFO  c.d.factoraje.FactorajeApplication - Started FactorajeApplication in 2.042 seconds (JVM running for 2.196)
2025-08-05 14:41:00 INFO  o.a.c.c.C.[Tomcat].[localhost].[/] - Initializing Spring DispatcherServlet 'dispatcherServlet'
2025-08-05 14:41:00 INFO  o.s.web.servlet.DispatcherServlet - Initializing Servlet 'dispatcherServlet'
2025-08-05 14:41:00 INFO  o.s.web.servlet.DispatcherServlet - Completed initialization in 1 ms
2025-08-05 14:41:07 INFO  o.s.o.j.LocalContainerEntityManagerFactoryBean - Closing JPA EntityManagerFactory for persistence unit 'default'
2025-08-05 14:41:07 INFO  com.zaxxer.hikari.HikariDataSource - HikariPool-1 - Shutdown initiated...
2025-08-05 14:41:07 INFO  com.zaxxer.hikari.HikariDataSource - HikariPool-1 - Shutdown completed.
2025-08-05 15:54:53 INFO  c.d.factoraje.FactorajeApplication - Starting FactorajeApplication using Java 1.8.0_462 on MacBook-Air-de-Carlos.local with PID 42336 (/Users/ch/Documents/DEV/Davicash/server-davicash/target/classes started by ch in /Users/ch/Documents/DEV/Davicash/server-davicash)
2025-08-05 15:54:53 INFO  c.d.factoraje.FactorajeApplication - No active profile set, falling back to 1 default profile: "default"
2025-08-05 15:54:53 INFO  o.s.b.d.e.DevToolsPropertyDefaultsPostProcessor - Devtools property defaults active! Set 'spring.devtools.add-properties' to 'false' to disable
2025-08-05 15:54:53 INFO  o.s.b.d.e.DevToolsPropertyDefaultsPostProcessor - For additional web related logging consider setting the 'logging.level.web' property to 'DEBUG'
2025-08-05 15:54:54 INFO  o.s.d.r.c.RepositoryConfigurationDelegate - Bootstrapping Spring Data JPA repositories in DEFAULT mode.
2025-08-05 15:54:54 INFO  o.s.d.r.c.RepositoryConfigurationDelegate - Finished Spring Data repository scanning in 26 ms. Found 8 JPA repository interfaces.
2025-08-05 15:54:54 INFO  o.s.b.w.e.tomcat.TomcatWebServer - Tomcat initialized with port(s): 8080 (http)
2025-08-05 15:54:54 INFO  o.a.catalina.core.StandardService - Starting service [Tomcat]
2025-08-05 15:54:54 INFO  o.a.catalina.core.StandardEngine - Starting Servlet engine: [Apache Tomcat/9.0.83]
2025-08-05 15:54:54 INFO  o.a.c.c.C.[Tomcat].[localhost].[/] - Initializing Spring embedded WebApplicationContext
2025-08-05 15:54:54 INFO  o.s.b.w.s.c.ServletWebServerApplicationContext - Root WebApplicationContext: initialization completed in 669 ms
2025-08-05 15:54:54 INFO  o.h.jpa.internal.util.LogHelper - HHH000204: Processing PersistenceUnitInfo [name: default]
2025-08-05 15:54:54 INFO  org.hibernate.Version - HHH000412: Hibernate ORM core version 5.6.15.Final
2025-08-05 15:54:54 INFO  o.h.annotations.common.Version - HCANN000001: Hibernate Commons Annotations {5.1.2.Final}
2025-08-05 15:54:54 INFO  com.zaxxer.hikari.HikariDataSource - HikariPool-1 - Starting...
2025-08-05 15:54:54 INFO  com.zaxxer.hikari.HikariDataSource - HikariPool-1 - Start completed.
2025-08-05 15:54:54 INFO  org.hibernate.dialect.Dialect - HHH000400: Using dialect: org.hibernate.dialect.PostgreSQLDialect
2025-08-05 15:54:55 INFO  o.h.e.t.j.p.i.JtaPlatformInitiator - HHH000490: Using JtaPlatform implementation: [org.hibernate.engine.transaction.jta.platform.internal.NoJtaPlatform]
2025-08-05 15:54:55 INFO  o.s.o.j.LocalContainerEntityManagerFactoryBean - Initialized JPA EntityManagerFactory for persistence unit 'default'
2025-08-05 15:54:55 INFO  c.d.factoraje.service.RoleService - RoleService initialized
2025-08-05 15:54:55 INFO  c.d.factoraje.service.UserService - UserService initialized
2025-08-05 15:54:55 INFO  c.d.f.service.AgreementService - AgreementService initialized
2025-08-05 15:54:55 INFO  c.d.f.controller.AgreementController - AgreementController initialized
2025-08-05 15:54:55 INFO  c.d.factoraje.service.EntityService - EntityService initialized
2025-08-05 15:54:55 INFO  c.d.f.controller.AuthController - AuthController initialized
2025-08-05 15:54:55 INFO  c.d.f.service.DocumentService - DocumentService initialized
2025-08-05 15:54:55 INFO  c.d.f.controller.DocumentController - DocumentController initialized
2025-08-05 15:54:55 INFO  c.d.f.controller.EntityController - EntityController initialized
2025-08-05 15:54:55 INFO  c.d.f.c.OperationsController - OperationsController initialized
2025-08-05 15:54:55 INFO  c.d.f.service.PermissionService - PermissionService initialized
2025-08-05 15:54:55 INFO  c.d.f.c.PermissionController - PermissionController initialized
2025-08-05 15:54:55 INFO  c.d.f.c.ProcessFileController - ProcessFileController initialized
2025-08-05 15:54:55 INFO  c.d.f.controller.RoleController - RoleController initialized
2025-08-05 15:54:55 INFO  c.d.f.controller.DocumentController - UserController initialized
2025-08-05 15:54:55 WARN  o.s.b.a.o.j.JpaBaseConfiguration$JpaWebConfiguration - spring.jpa.open-in-view is enabled by default. Therefore, database queries may be performed during view rendering. Explicitly configure spring.jpa.open-in-view to disable this warning
2025-08-05 15:54:55 INFO  o.s.b.d.a.OptionalLiveReloadServer - LiveReload server is running on port 35729
2025-08-05 15:54:55 INFO  o.s.b.w.e.tomcat.TomcatWebServer - Tomcat started on port(s): 8080 (http) with context path ''
2025-08-05 15:54:55 INFO  c.d.factoraje.FactorajeApplication - Started FactorajeApplication in 2.191 seconds (JVM running for 2.449)
2025-08-05 15:55:02 INFO  o.a.c.c.C.[Tomcat].[localhost].[/] - Initializing Spring DispatcherServlet 'dispatcherServlet'
2025-08-05 15:55:02 INFO  o.s.web.servlet.DispatcherServlet - Initializing Servlet 'dispatcherServlet'
2025-08-05 15:55:02 INFO  o.s.web.servlet.DispatcherServlet - Completed initialization in 1 ms
2025-08-05 15:55:02 INFO  c.d.f.controller.DocumentController - GET /api/users/user - fetch logged user data
2025-08-05 15:55:02 INFO  c.d.f.controller.DocumentController - User found for DUI 063062817
2025-08-05 15:55:04 INFO  c.d.f.controller.EntityController - GET /api/entities/type?isEntityType=true
2025-08-05 15:55:04 INFO  c.d.f.controller.EntityController - Found 3 entities for type true
2025-08-05 15:55:04 INFO  c.d.f.controller.EntityController - GET /api/entities/type?isEntityType=true
2025-08-05 15:55:04 INFO  c.d.f.controller.EntityController - Found 3 entities for type true
2025-08-05 15:55:36 INFO  c.d.f.controller.DocumentController - GET /api/users/user - fetch logged user data
2025-08-05 15:55:36 INFO  c.d.f.controller.DocumentController - User found for DUI 063062817
2025-08-05 15:55:36 INFO  c.d.f.controller.DocumentController - GET /api/users/user - fetch logged user data
2025-08-05 15:55:36 INFO  c.d.f.controller.DocumentController - User found for DUI 063062817
2025-08-05 15:55:36 INFO  c.d.f.controller.EntityController - GET /api/entities/type?isEntityType=true
2025-08-05 15:55:36 INFO  c.d.f.controller.EntityController - Found 3 entities for type true
2025-08-05 15:55:36 INFO  c.d.f.controller.EntityController - GET /api/entities/type?isEntityType=true
2025-08-05 15:55:36 INFO  c.d.f.controller.EntityController - Found 3 entities for type true
2025-08-05 15:55:51 INFO  c.d.f.c.ProcessFileController - POST /api/archivos/upload-excel - file=Pruebados.xlsx, payerId=5c3bbe6e-a2da-4022-aa1d-353a83a12d62, userId=a0717a38-2c87-4748-9ddf-1f60c06f05fa
2025-08-05 15:55:51 INFO  c.d.f.service.AgreementService - Agreement not found for identifier {}
2025-08-05 15:55:51 INFO  c.d.f.service.AgreementService - Agreement not found for identifier {}
2025-08-05 15:55:51 INFO  c.d.f.c.ProcessFileController - File processed successfully: Archivo procesado. 6 registros guardados en la base de datos. rows saved
2025-08-05 15:57:13 INFO  o.s.b.d.a.LocalDevToolsAutoConfiguration$RestartingClassPathChangeChangedEventListener - Restarting due to 1 class path change (0 additions, 0 deletions, 1 modification)
2025-08-05 15:57:13 INFO  o.a.catalina.core.StandardService - Stopping service [Tomcat]
2025-08-05 15:57:13 INFO  o.a.c.c.C.[Tomcat].[localhost].[/] - Destroying Spring FrameworkServlet 'dispatcherServlet'
2025-08-05 15:57:13 INFO  o.s.o.j.LocalContainerEntityManagerFactoryBean - Closing JPA EntityManagerFactory for persistence unit 'default'
2025-08-05 15:57:13 INFO  com.zaxxer.hikari.HikariDataSource - HikariPool-1 - Shutdown initiated...
2025-08-05 15:57:13 INFO  com.zaxxer.hikari.HikariDataSource - HikariPool-1 - Shutdown completed.
2025-08-05 17:04:35 INFO  c.d.factoraje.FactorajeApplication - Starting FactorajeApplication using Java 1.8.0_462 on MacBook-Air-de-Carlos.local with PID 44688 (/Users/ch/Documents/DEV/Davicash/server-davicash/target/classes started by ch in /Users/ch/Documents/DEV/Davicash/server-davicash)
2025-08-05 17:04:35 INFO  c.d.factoraje.FactorajeApplication - No active profile set, falling back to 1 default profile: "default"
2025-08-05 17:04:36 INFO  o.s.b.d.e.DevToolsPropertyDefaultsPostProcessor - Devtools property defaults active! Set 'spring.devtools.add-properties' to 'false' to disable
2025-08-05 17:04:36 INFO  o.s.b.d.e.DevToolsPropertyDefaultsPostProcessor - For additional web related logging consider setting the 'logging.level.web' property to 'DEBUG'
2025-08-05 17:04:36 INFO  o.s.d.r.c.RepositoryConfigurationDelegate - Bootstrapping Spring Data JPA repositories in DEFAULT mode.
2025-08-05 17:04:36 INFO  o.s.d.r.c.RepositoryConfigurationDelegate - Finished Spring Data repository scanning in 39 ms. Found 8 JPA repository interfaces.
2025-08-05 17:04:36 INFO  o.s.b.w.e.tomcat.TomcatWebServer - Tomcat initialized with port(s): 8080 (http)
2025-08-05 17:04:36 INFO  o.a.catalina.core.StandardService - Starting service [Tomcat]
2025-08-05 17:04:36 INFO  o.a.catalina.core.StandardEngine - Starting Servlet engine: [Apache Tomcat/9.0.83]
2025-08-05 17:04:36 INFO  o.a.c.c.C.[Tomcat].[localhost].[/] - Initializing Spring embedded WebApplicationContext
2025-08-05 17:04:36 INFO  o.s.b.w.s.c.ServletWebServerApplicationContext - Root WebApplicationContext: initialization completed in 696 ms
2025-08-05 17:04:36 INFO  o.h.jpa.internal.util.LogHelper - HHH000204: Processing PersistenceUnitInfo [name: default]
2025-08-05 17:04:36 INFO  org.hibernate.Version - HHH000412: Hibernate ORM core version 5.6.15.Final
2025-08-05 17:04:36 INFO  o.h.annotations.common.Version - HCANN000001: Hibernate Commons Annotations {5.1.2.Final}
2025-08-05 17:04:36 INFO  com.zaxxer.hikari.HikariDataSource - HikariPool-1 - Starting...
2025-08-05 17:04:37 INFO  com.zaxxer.hikari.HikariDataSource - HikariPool-1 - Start completed.
2025-08-05 17:04:37 INFO  org.hibernate.dialect.Dialect - HHH000400: Using dialect: org.hibernate.dialect.PostgreSQLDialect
2025-08-05 17:04:37 INFO  o.h.e.t.j.p.i.JtaPlatformInitiator - HHH000490: Using JtaPlatform implementation: [org.hibernate.engine.transaction.jta.platform.internal.NoJtaPlatform]
2025-08-05 17:04:37 INFO  o.s.o.j.LocalContainerEntityManagerFactoryBean - Initialized JPA EntityManagerFactory for persistence unit 'default'
2025-08-05 17:04:37 INFO  c.d.factoraje.service.RoleService - RoleService initialized
2025-08-05 17:04:37 INFO  c.d.factoraje.service.UserService - UserService initialized
2025-08-05 17:04:37 INFO  c.d.factoraje.service.EntityService - EntityService initialized
2025-08-05 17:04:37 INFO  c.d.f.service.AgreementService - AgreementService initialized
2025-08-05 17:04:37 INFO  c.d.f.controller.AgreementController - AgreementController initialized
2025-08-05 17:04:37 INFO  c.d.f.controller.AuthController - AuthController initialized
2025-08-05 17:04:37 INFO  c.d.f.service.DocumentService - DocumentService initialized
2025-08-05 17:04:37 INFO  c.d.f.controller.DocumentController - DocumentController initialized
2025-08-05 17:04:37 INFO  c.d.f.controller.EntityController - EntityController initialized
2025-08-05 17:04:37 INFO  c.d.f.c.OperationsController - OperationsController initialized
2025-08-05 17:04:37 INFO  c.d.f.service.PermissionService - PermissionService initialized
2025-08-05 17:04:37 INFO  c.d.f.c.PermissionController - PermissionController initialized
2025-08-05 17:04:37 INFO  c.d.f.c.ProcessFileController - ProcessFileController initialized
2025-08-05 17:04:37 INFO  c.d.f.controller.RoleController - RoleController initialized
2025-08-05 17:04:37 INFO  c.d.f.controller.DocumentController - UserController initialized
2025-08-05 17:04:37 WARN  o.s.b.a.o.j.JpaBaseConfiguration$JpaWebConfiguration - spring.jpa.open-in-view is enabled by default. Therefore, database queries may be performed during view rendering. Explicitly configure spring.jpa.open-in-view to disable this warning
2025-08-05 17:04:38 INFO  o.s.b.d.a.OptionalLiveReloadServer - LiveReload server is running on port 35729
2025-08-05 17:04:38 INFO  o.s.b.w.e.tomcat.TomcatWebServer - Tomcat started on port(s): 8080 (http) with context path ''
2025-08-05 17:04:38 INFO  c.d.factoraje.FactorajeApplication - Started FactorajeApplication in 2.248 seconds (JVM running for 2.448)
2025-08-05 17:04:45 INFO  o.a.c.c.C.[Tomcat].[localhost].[/] - Initializing Spring DispatcherServlet 'dispatcherServlet'
2025-08-05 17:04:45 INFO  o.s.web.servlet.DispatcherServlet - Initializing Servlet 'dispatcherServlet'
2025-08-05 17:04:45 INFO  o.s.web.servlet.DispatcherServlet - Completed initialization in 0 ms
2025-08-05 17:04:45 INFO  c.d.f.controller.DocumentController - GET /api/users/user - fetch logged user data
2025-08-05 17:04:45 INFO  c.d.f.controller.DocumentController - User found for DUI 063062813
2025-08-05 17:04:45 INFO  c.d.f.controller.AgreementController - GET /api/agreement/bySupplier/27779d8e-1987-43b1-9682-7614761032a5 - fetch agreements by supplier
2025-08-05 17:04:45 INFO  c.d.f.controller.AgreementController - Found 1 agreements for supplier 27779d8e-1987-43b1-9682-7614761032a5
2025-08-05 17:04:45 INFO  c.d.f.controller.AgreementController - GET /api/agreement/bySupplier/27779d8e-1987-43b1-9682-7614761032a5 - fetch agreements by supplier
2025-08-05 17:04:45 INFO  c.d.f.controller.AgreementController - Found 1 agreements for supplier 27779d8e-1987-43b1-9682-7614761032a5
2025-08-05 17:04:52 INFO  c.d.f.controller.EntityController - GET /api/entities/27779d8e-1987-43b1-9682-7614761032a5 - get entity by id
2025-08-05 17:04:52 INFO  c.d.f.controller.EntityController - Entity found for id=27779d8e-1987-43b1-9682-7614761032a5
2025-08-05 17:04:52 INFO  c.d.f.c.OperationsController - POST /api/operations/calculate - Received 2 calculation items
2025-08-05 17:04:52 INFO  c.d.f.service.OperationsService - Starting calculate() for 2 items
2025-08-05 17:04:52 INFO  c.d.f.service.OperationsService - Calculating percentage for interestRate=0.18, base=360.0, days=49
2025-08-05 17:04:52 INFO  c.d.f.service.OperationsService - Calculating percentage for interestRate=0.18, base=360.0, days=49
2025-08-05 17:04:52 INFO  c.d.f.service.OperationsService - Calculation completed: totals - amountToFinance=12202.049780380674, interests=298.9502196193265, commissions=30.505124450951683, amountToBeDisbursed=12171.54465592972
2025-08-05 17:04:52 INFO  c.d.f.c.OperationsController - Calculation successful for 2 items
2025-08-05 17:04:52 INFO  c.d.f.controller.EntityController - GET /api/entities/27779d8e-1987-43b1-9682-7614761032a5 - get entity by id
2025-08-05 17:04:52 INFO  c.d.f.controller.EntityController - Entity found for id=27779d8e-1987-43b1-9682-7614761032a5
2025-08-05 17:07:35 INFO  c.d.f.controller.DocumentController - GET /api/users/user - fetch logged user data
2025-08-05 17:07:35 INFO  c.d.f.controller.DocumentController - User found for DUI 063062813
2025-08-05 17:07:35 INFO  c.d.f.controller.DocumentController - GET /api/users/user - fetch logged user data
2025-08-05 17:07:35 INFO  c.d.f.controller.DocumentController - User found for DUI 063062813
2025-08-05 17:07:35 INFO  c.d.f.c.OperationsController - POST /api/operations/calculate - Received 2 calculation items
2025-08-05 17:07:35 INFO  c.d.f.service.OperationsService - Starting calculate() for 2 items
2025-08-05 17:07:35 INFO  c.d.f.service.OperationsService - Calculating percentage for interestRate=0.18, base=360.0, days=49
2025-08-05 17:07:35 INFO  c.d.f.service.OperationsService - Calculating percentage for interestRate=0.18, base=360.0, days=49
2025-08-05 17:07:35 INFO  c.d.f.service.OperationsService - Calculation completed: totals - amountToFinance=12202.049780380674, interests=298.9502196193265, commissions=30.505124450951683, amountToBeDisbursed=12171.54465592972
2025-08-05 17:07:35 INFO  c.d.f.c.OperationsController - Calculation successful for 2 items
2025-08-05 17:07:35 INFO  c.d.f.controller.EntityController - GET /api/entities/27779d8e-1987-43b1-9682-7614761032a5 - get entity by id
2025-08-05 17:07:35 INFO  c.d.f.controller.EntityController - Entity found for id=27779d8e-1987-43b1-9682-7614761032a5
2025-08-05 17:07:35 INFO  c.d.f.controller.EntityController - GET /api/entities/27779d8e-1987-43b1-9682-7614761032a5 - get entity by id
2025-08-05 17:07:35 INFO  c.d.f.controller.EntityController - Entity found for id=27779d8e-1987-43b1-9682-7614761032a5
2025-08-05 17:07:48 INFO  c.d.f.controller.DocumentController - GET /api/users/user - fetch logged user data
2025-08-05 17:07:48 INFO  c.d.f.controller.DocumentController - User found for DUI 063062813
2025-08-05 17:07:48 INFO  c.d.f.controller.DocumentController - GET /api/users/user - fetch logged user data
2025-08-05 17:07:48 INFO  c.d.f.controller.DocumentController - User found for DUI 063062813
2025-08-05 17:07:48 INFO  c.d.f.controller.EntityController - GET /api/entities/27779d8e-1987-43b1-9682-7614761032a5 - get entity by id
2025-08-05 17:07:48 INFO  c.d.f.controller.EntityController - Entity found for id=27779d8e-1987-43b1-9682-7614761032a5
2025-08-05 17:07:48 INFO  c.d.f.c.OperationsController - POST /api/operations/calculate - Received 2 calculation items
2025-08-05 17:07:48 INFO  c.d.f.service.OperationsService - Starting calculate() for 2 items
2025-08-05 17:07:48 INFO  c.d.f.service.OperationsService - Calculating percentage for interestRate=0.18, base=360.0, days=49
2025-08-05 17:07:48 INFO  c.d.f.service.OperationsService - Calculating percentage for interestRate=0.18, base=360.0, days=49
2025-08-05 17:07:48 INFO  c.d.f.service.OperationsService - Calculation completed: totals - amountToFinance=12202.049780380674, interests=298.9502196193265, commissions=30.505124450951683, amountToBeDisbursed=12171.54465592972
2025-08-05 17:07:48 INFO  c.d.f.c.OperationsController - Calculation successful for 2 items
2025-08-05 17:07:48 INFO  c.d.f.controller.EntityController - GET /api/entities/27779d8e-1987-43b1-9682-7614761032a5 - get entity by id
2025-08-05 17:07:48 INFO  c.d.f.controller.EntityController - Entity found for id=27779d8e-1987-43b1-9682-7614761032a5
2025-08-05 17:07:51 INFO  c.d.f.c.OperationsController - POST /api/operations/calculate - Received 2 calculation items
2025-08-05 17:07:51 INFO  c.d.f.service.OperationsService - Starting calculate() for 2 items
2025-08-05 17:07:51 INFO  c.d.f.service.OperationsService - Calculating percentage for interestRate=0.18, base=360.0, days=49
2025-08-05 17:07:51 INFO  c.d.f.service.OperationsService - Calculating percentage for interestRate=0.18, base=360.0, days=49
2025-08-05 17:07:51 INFO  c.d.f.service.OperationsService - Calculation completed: totals - amountToFinance=12202.049780380674, interests=298.9502196193265, commissions=30.505124450951683, amountToBeDisbursed=12171.54465592972
2025-08-05 17:07:51 INFO  c.d.f.c.OperationsController - Calculation successful for 2 items
2025-08-05 17:07:55 INFO  c.d.f.controller.AgreementController - POST /api/agreement/updateDocuments/1cd0a093-f8df-4637-84a8-b5691303d6b7/SELECTED - update documents: UpdateDocumentsRequestDTO(documentIds=[3b8b87f1-0cd4-4708-bd21-f5b5ac1d733d, 8787ada9-0774-4db1-b5e0-b50ec1623d6b])
2025-08-05 17:07:55 INFO  c.d.f.controller.AgreementController - Documents updated for agreement 1cd0a093-f8df-4637-84a8-b5691303d6b7 with status SELECTED
2025-08-05 17:07:55 INFO  c.d.f.controller.AgreementController - GET /api/agreement/byId/1cd0a093-f8df-4637-84a8-b5691303d6b7 - fetch agreement by id
2025-08-05 17:07:55 INFO  c.d.f.controller.AgreementController - Agreement 1cd0a093-f8df-4637-84a8-b5691303d6b7 found
2025-08-05 17:07:55 INFO  c.d.f.controller.DocumentController - GET /api/users/user - fetch logged user data
2025-08-05 17:07:55 INFO  c.d.f.controller.DocumentController - User found for DUI 063062813
2025-08-05 17:07:55 INFO  c.d.f.controller.DocumentController - GET /api/users/user - fetch logged user data
2025-08-05 17:07:55 INFO  c.d.f.controller.DocumentController - User found for DUI 063062813
2025-08-05 17:07:55 WARN  o.s.w.s.m.m.a.ExceptionHandlerExceptionResolver - Resolved [org.springframework.web.method.annotation.MethodArgumentTypeMismatchException: Failed to convert value of type 'java.lang.String' to required type 'java.util.UUID'; nested exception is java.lang.IllegalArgumentException: Invalid UUID string: undefined]
2025-08-05 17:07:55 WARN  o.s.w.s.m.m.a.ExceptionHandlerExceptionResolver - Resolved [org.springframework.web.method.annotation.MethodArgumentTypeMismatchException: Failed to convert value of type 'java.lang.String' to required type 'java.util.UUID'; nested exception is java.lang.IllegalArgumentException: Invalid UUID string: undefined]
2025-08-05 17:13:19 INFO  o.s.o.j.LocalContainerEntityManagerFactoryBean - Closing JPA EntityManagerFactory for persistence unit 'default'
2025-08-05 17:13:19 INFO  com.zaxxer.hikari.HikariDataSource - HikariPool-1 - Shutdown initiated...
2025-08-05 17:13:19 INFO  com.zaxxer.hikari.HikariDataSource - HikariPool-1 - Shutdown completed.
2025-08-05 17:13:19 INFO  c.d.factoraje.FactorajeApplication - Starting FactorajeApplication using Java 1.8.0_462 on MacBook-Air-de-Carlos.local with PID 45228 (/Users/ch/Documents/DEV/Davicash/server-davicash/target/classes started by ch in /Users/ch/Documents/DEV/Davicash/server-davicash)
2025-08-05 17:13:19 INFO  c.d.factoraje.FactorajeApplication - No active profile set, falling back to 1 default profile: "default"
2025-08-05 17:13:19 INFO  o.s.b.d.e.DevToolsPropertyDefaultsPostProcessor - Devtools property defaults active! Set 'spring.devtools.add-properties' to 'false' to disable
2025-08-05 17:13:19 INFO  o.s.b.d.e.DevToolsPropertyDefaultsPostProcessor - For additional web related logging consider setting the 'logging.level.web' property to 'DEBUG'
2025-08-05 17:13:20 INFO  o.s.d.r.c.RepositoryConfigurationDelegate - Bootstrapping Spring Data JPA repositories in DEFAULT mode.
2025-08-05 17:13:20 INFO  o.s.d.r.c.RepositoryConfigurationDelegate - Finished Spring Data repository scanning in 26 ms. Found 8 JPA repository interfaces.
2025-08-05 17:13:20 INFO  o.s.b.w.e.tomcat.TomcatWebServer - Tomcat initialized with port(s): 8080 (http)
2025-08-05 17:13:20 INFO  o.a.catalina.core.StandardService - Starting service [Tomcat]
2025-08-05 17:13:20 INFO  o.a.catalina.core.StandardEngine - Starting Servlet engine: [Apache Tomcat/9.0.83]
2025-08-05 17:13:20 INFO  o.a.c.c.C.[Tomcat].[localhost].[/] - Initializing Spring embedded WebApplicationContext
2025-08-05 17:13:20 INFO  o.s.b.w.s.c.ServletWebServerApplicationContext - Root WebApplicationContext: initialization completed in 650 ms
2025-08-05 17:13:20 INFO  o.h.jpa.internal.util.LogHelper - HHH000204: Processing PersistenceUnitInfo [name: default]
2025-08-05 17:13:20 INFO  org.hibernate.Version - HHH000412: Hibernate ORM core version 5.6.15.Final
2025-08-05 17:13:20 INFO  o.h.annotations.common.Version - HCANN000001: Hibernate Commons Annotations {5.1.2.Final}
2025-08-05 17:13:20 INFO  com.zaxxer.hikari.HikariDataSource - HikariPool-1 - Starting...
2025-08-05 17:13:20 INFO  com.zaxxer.hikari.HikariDataSource - HikariPool-1 - Start completed.
2025-08-05 17:13:20 INFO  org.hibernate.dialect.Dialect - HHH000400: Using dialect: org.hibernate.dialect.PostgreSQLDialect
2025-08-05 17:13:21 INFO  o.h.e.t.j.p.i.JtaPlatformInitiator - HHH000490: Using JtaPlatform implementation: [org.hibernate.engine.transaction.jta.platform.internal.NoJtaPlatform]
2025-08-05 17:13:21 INFO  o.s.o.j.LocalContainerEntityManagerFactoryBean - Initialized JPA EntityManagerFactory for persistence unit 'default'
2025-08-05 17:13:21 INFO  c.d.factoraje.service.RoleService - RoleService initialized
2025-08-05 17:13:21 INFO  c.d.factoraje.service.UserService - UserService initialized
2025-08-05 17:13:21 INFO  c.d.factoraje.service.EntityService - EntityService initialized
2025-08-05 17:13:21 INFO  c.d.f.service.AgreementService - AgreementService initialized
2025-08-05 17:13:21 INFO  c.d.f.controller.AgreementController - AgreementController initialized
2025-08-05 17:13:21 INFO  c.d.f.controller.AuthController - AuthController initialized
2025-08-05 17:13:21 INFO  c.d.f.service.DocumentService - DocumentService initialized
2025-08-05 17:13:21 INFO  c.d.f.controller.DocumentController - DocumentController initialized
2025-08-05 17:13:21 INFO  c.d.f.controller.EntityController - EntityController initialized
2025-08-05 17:13:21 INFO  c.d.f.c.OperationsController - OperationsController initialized
2025-08-05 17:13:21 INFO  c.d.f.service.PermissionService - PermissionService initialized
2025-08-05 17:13:21 INFO  c.d.f.c.PermissionController - PermissionController initialized
2025-08-05 17:13:21 INFO  c.d.f.c.ProcessFileController - ProcessFileController initialized
2025-08-05 17:13:21 INFO  c.d.f.controller.RoleController - RoleController initialized
2025-08-05 17:13:21 INFO  c.d.f.controller.DocumentController - UserController initialized
2025-08-05 17:13:21 WARN  o.s.b.a.o.j.JpaBaseConfiguration$JpaWebConfiguration - spring.jpa.open-in-view is enabled by default. Therefore, database queries may be performed during view rendering. Explicitly configure spring.jpa.open-in-view to disable this warning
2025-08-05 17:13:21 INFO  o.s.b.d.a.OptionalLiveReloadServer - LiveReload server is running on port 35729
2025-08-05 17:13:21 INFO  o.s.b.w.e.tomcat.TomcatWebServer - Tomcat started on port(s): 8080 (http) with context path ''
2025-08-05 17:13:21 INFO  c.d.factoraje.FactorajeApplication - Started FactorajeApplication in 2.092 seconds (JVM running for 2.243)
2025-08-05 17:14:00 INFO  o.a.c.c.C.[Tomcat].[localhost].[/] - Initializing Spring DispatcherServlet 'dispatcherServlet'
2025-08-05 17:14:00 INFO  o.s.web.servlet.DispatcherServlet - Initializing Servlet 'dispatcherServlet'
2025-08-05 17:14:00 INFO  o.s.web.servlet.DispatcherServlet - Completed initialization in 1 ms
2025-08-05 17:14:08 INFO  c.d.f.controller.DocumentController - GET /api/users/user - fetch logged user data
2025-08-05 17:14:08 INFO  c.d.f.controller.DocumentController - User found for DUI 063062813
2025-08-05 17:14:08 INFO  c.d.f.controller.AgreementController - GET /api/agreement/bySupplier/27779d8e-1987-43b1-9682-7614761032a5 - fetch agreements by supplier
2025-08-05 17:14:08 INFO  c.d.f.controller.AgreementController - Found 1 agreements for supplier 27779d8e-1987-43b1-9682-7614761032a5
2025-08-05 17:14:09 INFO  c.d.f.controller.AgreementController - GET /api/agreement/bySupplier/27779d8e-1987-43b1-9682-7614761032a5 - fetch agreements by supplier
2025-08-05 17:14:09 INFO  c.d.f.controller.AgreementController - Found 1 agreements for supplier 27779d8e-1987-43b1-9682-7614761032a5
2025-08-05 17:14:11 INFO  c.d.f.controller.EntityController - GET /api/entities/27779d8e-1987-43b1-9682-7614761032a5 - get entity by id
2025-08-05 17:14:11 INFO  c.d.f.controller.EntityController - Entity found for id=27779d8e-1987-43b1-9682-7614761032a5
2025-08-05 17:14:11 INFO  c.d.f.c.OperationsController - POST /api/operations/calculate - Received 2 calculation items
2025-08-05 17:14:11 INFO  c.d.f.service.OperationsService - Starting calculate() for 2 items
2025-08-05 17:14:11 INFO  c.d.f.service.OperationsService - Calculating percentage for interestRate=0.18, base=360.0, days=49
2025-08-05 17:14:11 INFO  c.d.f.service.OperationsService - Calculating percentage for interestRate=0.18, base=360.0, days=49
2025-08-05 17:14:11 INFO  c.d.f.service.OperationsService - Calculation completed: totals - amountToFinance=12202.049780380674, interests=298.9502196193265, commissions=30.505124450951683, amountToBeDisbursed=12171.54465592972
2025-08-05 17:14:11 INFO  c.d.f.c.OperationsController - Calculation successful for 2 items
2025-08-05 17:14:11 INFO  c.d.f.controller.EntityController - GET /api/entities/27779d8e-1987-43b1-9682-7614761032a5 - get entity by id
2025-08-05 17:14:11 INFO  c.d.f.controller.EntityController - Entity found for id=27779d8e-1987-43b1-9682-7614761032a5
2025-08-05 17:14:13 INFO  c.d.f.c.OperationsController - POST /api/operations/calculate - Received 2 calculation items
2025-08-05 17:14:13 INFO  c.d.f.service.OperationsService - Starting calculate() for 2 items
2025-08-05 17:14:13 INFO  c.d.f.service.OperationsService - Calculating percentage for interestRate=0.18, base=360.0, days=49
2025-08-05 17:14:13 INFO  c.d.f.service.OperationsService - Calculating percentage for interestRate=0.18, base=360.0, days=49
2025-08-05 17:14:13 INFO  c.d.f.service.OperationsService - Calculation completed: totals - amountToFinance=12202.049780380674, interests=298.9502196193265, commissions=30.505124450951683, amountToBeDisbursed=12171.54465592972
2025-08-05 17:14:13 INFO  c.d.f.c.OperationsController - Calculation successful for 2 items
2025-08-05 17:14:15 INFO  c.d.f.controller.AgreementController - POST /api/agreement/updateDocuments/1cd0a093-f8df-4637-84a8-b5691303d6b7/SELECTED - update documents: UpdateDocumentsRequestDTO(documentIds=[3b8b87f1-0cd4-4708-bd21-f5b5ac1d733d, 8787ada9-0774-4db1-b5e0-b50ec1623d6b])
2025-08-05 17:14:15 INFO  c.d.f.controller.AgreementController - Documents updated for agreement 1cd0a093-f8df-4637-84a8-b5691303d6b7 with status SELECTED
2025-08-05 17:14:16 INFO  c.d.f.controller.AgreementController - GET /api/agreement/byId/1cd0a093-f8df-4637-84a8-b5691303d6b7 - fetch agreement by id
2025-08-05 17:14:16 INFO  c.d.f.controller.AgreementController - Agreement 1cd0a093-f8df-4637-84a8-b5691303d6b7 found
2025-08-05 17:14:16 INFO  c.d.f.controller.DocumentController - GET /api/users/user - fetch logged user data
2025-08-05 17:14:16 INFO  c.d.f.controller.DocumentController - User found for DUI 063062813
2025-08-05 17:14:16 INFO  c.d.f.controller.DocumentController - GET /api/users/user - fetch logged user data
2025-08-05 17:14:16 INFO  c.d.f.controller.DocumentController - User found for DUI 063062813
2025-08-05 17:14:16 WARN  o.s.w.s.m.m.a.ExceptionHandlerExceptionResolver - Resolved [org.springframework.web.method.annotation.MethodArgumentTypeMismatchException: Failed to convert value of type 'java.lang.String' to required type 'java.util.UUID'; nested exception is java.lang.IllegalArgumentException: Invalid UUID string: undefined]
2025-08-05 17:14:16 WARN  o.s.w.s.m.m.a.ExceptionHandlerExceptionResolver - Resolved [org.springframework.web.method.annotation.MethodArgumentTypeMismatchException: Failed to convert value of type 'java.lang.String' to required type 'java.util.UUID'; nested exception is java.lang.IllegalArgumentException: Invalid UUID string: undefined]
2025-08-05 17:15:44 INFO  c.d.f.controller.DocumentController - GET /api/users/user - fetch logged user data
2025-08-05 17:15:44 INFO  c.d.f.controller.DocumentController - User found for DUI 063062813
2025-08-05 17:15:44 INFO  c.d.f.controller.DocumentController - GET /api/users/user - fetch logged user data
2025-08-05 17:15:44 INFO  c.d.f.controller.DocumentController - User found for DUI 063062813
2025-08-05 17:15:44 WARN  o.s.w.s.m.m.a.ExceptionHandlerExceptionResolver - Resolved [org.springframework.web.method.annotation.MethodArgumentTypeMismatchException: Failed to convert value of type 'java.lang.String' to required type 'java.util.UUID'; nested exception is java.lang.IllegalArgumentException: Invalid UUID string: undefined]
2025-08-05 17:15:44 WARN  o.s.w.s.m.m.a.ExceptionHandlerExceptionResolver - Resolved [org.springframework.web.method.annotation.MethodArgumentTypeMismatchException: Failed to convert value of type 'java.lang.String' to required type 'java.util.UUID'; nested exception is java.lang.IllegalArgumentException: Invalid UUID string: undefined]
2025-08-05 17:16:07 INFO  c.d.f.controller.DocumentController - GET /api/users/user - fetch logged user data
2025-08-05 17:16:07 INFO  c.d.f.controller.DocumentController - User found for DUI 063062813
2025-08-05 17:16:07 INFO  c.d.f.controller.DocumentController - GET /api/users/user - fetch logged user data
2025-08-05 17:16:07 INFO  c.d.f.controller.DocumentController - User found for DUI 063062813
2025-08-05 17:16:07 WARN  o.s.w.s.m.m.a.ExceptionHandlerExceptionResolver - Resolved [org.springframework.web.method.annotation.MethodArgumentTypeMismatchException: Failed to convert value of type 'java.lang.String' to required type 'java.util.UUID'; nested exception is java.lang.IllegalArgumentException: Invalid UUID string: undefined]
2025-08-05 17:16:07 WARN  o.s.w.s.m.m.a.ExceptionHandlerExceptionResolver - Resolved [org.springframework.web.method.annotation.MethodArgumentTypeMismatchException: Failed to convert value of type 'java.lang.String' to required type 'java.util.UUID'; nested exception is java.lang.IllegalArgumentException: Invalid UUID string: undefined]
2025-08-05 17:16:08 INFO  c.d.f.controller.DocumentController - GET /api/users/user - fetch logged user data
2025-08-05 17:16:08 INFO  c.d.f.controller.DocumentController - User found for DUI 063062813
2025-08-05 17:16:08 INFO  c.d.f.controller.DocumentController - GET /api/users/user - fetch logged user data
2025-08-05 17:16:08 INFO  c.d.f.controller.DocumentController - User found for DUI 063062813
2025-08-05 17:16:08 WARN  o.s.w.s.m.m.a.ExceptionHandlerExceptionResolver - Resolved [org.springframework.web.method.annotation.MethodArgumentTypeMismatchException: Failed to convert value of type 'java.lang.String' to required type 'java.util.UUID'; nested exception is java.lang.IllegalArgumentException: Invalid UUID string: undefined]
2025-08-05 17:16:08 WARN  o.s.w.s.m.m.a.ExceptionHandlerExceptionResolver - Resolved [org.springframework.web.method.annotation.MethodArgumentTypeMismatchException: Failed to convert value of type 'java.lang.String' to required type 'java.util.UUID'; nested exception is java.lang.IllegalArgumentException: Invalid UUID string: undefined]
2025-08-05 17:16:11 INFO  c.d.f.controller.DocumentController - GET /api/users/user - fetch logged user data
2025-08-05 17:16:11 INFO  c.d.f.controller.DocumentController - User found for DUI 063062813
2025-08-05 17:16:11 INFO  c.d.f.controller.DocumentController - GET /api/users/user - fetch logged user data
2025-08-05 17:16:11 INFO  c.d.f.controller.DocumentController - User found for DUI 063062813
2025-08-05 17:16:11 WARN  o.s.w.s.m.m.a.ExceptionHandlerExceptionResolver - Resolved [org.springframework.web.method.annotation.MethodArgumentTypeMismatchException: Failed to convert value of type 'java.lang.String' to required type 'java.util.UUID'; nested exception is java.lang.IllegalArgumentException: Invalid UUID string: undefined]
2025-08-05 17:16:11 WARN  o.s.w.s.m.m.a.ExceptionHandlerExceptionResolver - Resolved [org.springframework.web.method.annotation.MethodArgumentTypeMismatchException: Failed to convert value of type 'java.lang.String' to required type 'java.util.UUID'; nested exception is java.lang.IllegalArgumentException: Invalid UUID string: undefined]
2025-08-05 17:16:11 INFO  c.d.f.controller.DocumentController - GET /api/users/user - fetch logged user data
2025-08-05 17:16:11 INFO  c.d.f.controller.DocumentController - User found for DUI 063062813
2025-08-05 17:16:11 INFO  c.d.f.controller.DocumentController - GET /api/users/user - fetch logged user data
2025-08-05 17:16:11 INFO  c.d.f.controller.DocumentController - User found for DUI 063062813
2025-08-05 17:16:11 WARN  o.s.w.s.m.m.a.ExceptionHandlerExceptionResolver - Resolved [org.springframework.web.method.annotation.MethodArgumentTypeMismatchException: Failed to convert value of type 'java.lang.String' to required type 'java.util.UUID'; nested exception is java.lang.IllegalArgumentException: Invalid UUID string: undefined]
2025-08-05 17:16:11 WARN  o.s.w.s.m.m.a.ExceptionHandlerExceptionResolver - Resolved [org.springframework.web.method.annotation.MethodArgumentTypeMismatchException: Failed to convert value of type 'java.lang.String' to required type 'java.util.UUID'; nested exception is java.lang.IllegalArgumentException: Invalid UUID string: undefined]
2025-08-05 17:16:12 INFO  c.d.f.controller.DocumentController - GET /api/users/user - fetch logged user data
2025-08-05 17:16:12 INFO  c.d.f.controller.DocumentController - User found for DUI 063062813
2025-08-05 17:16:12 INFO  c.d.f.controller.DocumentController - GET /api/users/user - fetch logged user data
2025-08-05 17:16:12 INFO  c.d.f.controller.DocumentController - User found for DUI 063062813
2025-08-05 17:16:12 WARN  o.s.w.s.m.m.a.ExceptionHandlerExceptionResolver - Resolved [org.springframework.web.method.annotation.MethodArgumentTypeMismatchException: Failed to convert value of type 'java.lang.String' to required type 'java.util.UUID'; nested exception is java.lang.IllegalArgumentException: Invalid UUID string: undefined]
2025-08-05 17:16:12 WARN  o.s.w.s.m.m.a.ExceptionHandlerExceptionResolver - Resolved [org.springframework.web.method.annotation.MethodArgumentTypeMismatchException: Failed to convert value of type 'java.lang.String' to required type 'java.util.UUID'; nested exception is java.lang.IllegalArgumentException: Invalid UUID string: undefined]
2025-08-05 17:16:19 INFO  c.d.f.controller.DocumentController - GET /api/users/user - fetch logged user data
2025-08-05 17:16:19 INFO  c.d.f.controller.DocumentController - User found for DUI 063062813
2025-08-05 17:16:19 INFO  c.d.f.controller.DocumentController - GET /api/users/user - fetch logged user data
2025-08-05 17:16:19 INFO  c.d.f.controller.DocumentController - User found for DUI 063062813
2025-08-05 17:16:19 WARN  o.s.w.s.m.m.a.ExceptionHandlerExceptionResolver - Resolved [org.springframework.web.method.annotation.MethodArgumentTypeMismatchException: Failed to convert value of type 'java.lang.String' to required type 'java.util.UUID'; nested exception is java.lang.IllegalArgumentException: Invalid UUID string: undefined]
2025-08-05 17:16:19 WARN  o.s.w.s.m.m.a.ExceptionHandlerExceptionResolver - Resolved [org.springframework.web.method.annotation.MethodArgumentTypeMismatchException: Failed to convert value of type 'java.lang.String' to required type 'java.util.UUID'; nested exception is java.lang.IllegalArgumentException: Invalid UUID string: undefined]
2025-08-05 17:16:20 INFO  c.d.f.controller.DocumentController - GET /api/users/user - fetch logged user data
2025-08-05 17:16:20 INFO  c.d.f.controller.DocumentController - User found for DUI 063062813
2025-08-05 17:16:20 INFO  c.d.f.controller.DocumentController - GET /api/users/user - fetch logged user data
2025-08-05 17:16:20 INFO  c.d.f.controller.DocumentController - User found for DUI 063062813
2025-08-05 17:16:20 WARN  o.s.w.s.m.m.a.ExceptionHandlerExceptionResolver - Resolved [org.springframework.web.method.annotation.MethodArgumentTypeMismatchException: Failed to convert value of type 'java.lang.String' to required type 'java.util.UUID'; nested exception is java.lang.IllegalArgumentException: Invalid UUID string: undefined]
2025-08-05 17:16:20 WARN  o.s.w.s.m.m.a.ExceptionHandlerExceptionResolver - Resolved [org.springframework.web.method.annotation.MethodArgumentTypeMismatchException: Failed to convert value of type 'java.lang.String' to required type 'java.util.UUID'; nested exception is java.lang.IllegalArgumentException: Invalid UUID string: undefined]
2025-08-05 17:16:50 INFO  c.d.f.controller.AuthController - POST /api/auth/logout - logout attempt
2025-08-05 17:16:50 INFO  c.d.f.controller.AuthController - Logout successful
2025-08-05 17:16:59 INFO  c.d.f.controller.DocumentController - GET /api/users/user - fetch logged user data
2025-08-05 17:16:59 INFO  c.d.f.controller.DocumentController - User found for DUI 063062813
2025-08-05 17:16:59 INFO  c.d.f.controller.AgreementController - GET /api/agreement/bySupplier/27779d8e-1987-43b1-9682-7614761032a5 - fetch agreements by supplier
2025-08-05 17:16:59 INFO  c.d.f.controller.AgreementController - Found 1 agreements for supplier 27779d8e-1987-43b1-9682-7614761032a5
2025-08-05 17:16:59 INFO  c.d.f.controller.AgreementController - GET /api/agreement/bySupplier/27779d8e-1987-43b1-9682-7614761032a5 - fetch agreements by supplier
2025-08-05 17:16:59 INFO  c.d.f.controller.AgreementController - Found 1 agreements for supplier 27779d8e-1987-43b1-9682-7614761032a5
2025-08-05 17:17:01 INFO  c.d.f.controller.EntityController - GET /api/entities/27779d8e-1987-43b1-9682-7614761032a5 - get entity by id
2025-08-05 17:17:01 INFO  c.d.f.controller.EntityController - Entity found for id=27779d8e-1987-43b1-9682-7614761032a5
2025-08-05 17:17:01 INFO  c.d.f.controller.EntityController - GET /api/entities/27779d8e-1987-43b1-9682-7614761032a5 - get entity by id
2025-08-05 17:17:01 INFO  c.d.f.c.OperationsController - POST /api/operations/calculate - Received 2 calculation items
2025-08-05 17:17:01 INFO  c.d.f.service.OperationsService - Starting calculate() for 2 items
2025-08-05 17:17:01 INFO  c.d.f.service.OperationsService - Calculating percentage for interestRate=0.18, base=360.0, days=49
2025-08-05 17:17:01 INFO  c.d.f.service.OperationsService - Calculating percentage for interestRate=0.18, base=360.0, days=49
2025-08-05 17:17:01 INFO  c.d.f.service.OperationsService - Calculation completed: totals - amountToFinance=12202.049780380674, interests=298.9502196193265, commissions=30.505124450951683, amountToBeDisbursed=12171.54465592972
2025-08-05 17:17:01 INFO  c.d.f.c.OperationsController - Calculation successful for 2 items
2025-08-05 17:17:01 INFO  c.d.f.controller.EntityController - Entity found for id=27779d8e-1987-43b1-9682-7614761032a5
2025-08-05 17:17:05 INFO  c.d.f.c.OperationsController - POST /api/operations/calculate - Received 2 calculation items
2025-08-05 17:17:05 INFO  c.d.f.service.OperationsService - Starting calculate() for 2 items
2025-08-05 17:17:05 INFO  c.d.f.service.OperationsService - Calculating percentage for interestRate=0.18, base=360.0, days=49
2025-08-05 17:17:05 INFO  c.d.f.service.OperationsService - Calculating percentage for interestRate=0.18, base=360.0, days=49
2025-08-05 17:17:05 INFO  c.d.f.service.OperationsService - Calculation completed: totals - amountToFinance=12202.049780380674, interests=298.9502196193265, commissions=30.505124450951683, amountToBeDisbursed=12171.54465592972
2025-08-05 17:17:05 INFO  c.d.f.c.OperationsController - Calculation successful for 2 items
2025-08-05 17:17:06 INFO  c.d.f.controller.AgreementController - POST /api/agreement/updateDocuments/1cd0a093-f8df-4637-84a8-b5691303d6b7/SELECTED - update documents: UpdateDocumentsRequestDTO(documentIds=[3b8b87f1-0cd4-4708-bd21-f5b5ac1d733d, 8787ada9-0774-4db1-b5e0-b50ec1623d6b])
2025-08-05 17:17:06 INFO  c.d.f.controller.AgreementController - Documents updated for agreement 1cd0a093-f8df-4637-84a8-b5691303d6b7 with status SELECTED
2025-08-05 17:17:06 INFO  c.d.f.controller.AgreementController - GET /api/agreement/byId/1cd0a093-f8df-4637-84a8-b5691303d6b7 - fetch agreement by id
2025-08-05 17:17:06 INFO  c.d.f.controller.AgreementController - Agreement 1cd0a093-f8df-4637-84a8-b5691303d6b7 found
2025-08-05 17:17:06 INFO  c.d.f.controller.DocumentController - GET /api/users/user - fetch logged user data
2025-08-05 17:17:06 INFO  c.d.f.controller.DocumentController - User found for DUI 063062813
2025-08-05 17:17:06 INFO  c.d.f.controller.DocumentController - GET /api/users/user - fetch logged user data
2025-08-05 17:17:06 INFO  c.d.f.controller.DocumentController - User found for DUI 063062813
2025-08-05 17:17:06 WARN  o.s.w.s.m.m.a.ExceptionHandlerExceptionResolver - Resolved [org.springframework.web.method.annotation.MethodArgumentTypeMismatchException: Failed to convert value of type 'java.lang.String' to required type 'java.util.UUID'; nested exception is java.lang.IllegalArgumentException: Invalid UUID string: undefined]
2025-08-05 17:17:06 WARN  o.s.w.s.m.m.a.ExceptionHandlerExceptionResolver - Resolved [org.springframework.web.method.annotation.MethodArgumentTypeMismatchException: Failed to convert value of type 'java.lang.String' to required type 'java.util.UUID'; nested exception is java.lang.IllegalArgumentException: Invalid UUID string: undefined]
2025-08-05 17:19:47 INFO  o.s.b.d.a.LocalDevToolsAutoConfiguration$RestartingClassPathChangeChangedEventListener - Restarting due to 1 class path change (0 additions, 0 deletions, 1 modification)
2025-08-05 17:19:47 INFO  o.a.catalina.core.StandardService - Stopping service [Tomcat]
2025-08-05 17:19:47 INFO  o.a.c.c.C.[Tomcat].[localhost].[/] - Destroying Spring FrameworkServlet 'dispatcherServlet'
2025-08-05 17:19:47 INFO  o.s.o.j.LocalContainerEntityManagerFactoryBean - Closing JPA EntityManagerFactory for persistence unit 'default'
2025-08-05 17:19:47 INFO  com.zaxxer.hikari.HikariDataSource - HikariPool-1 - Shutdown initiated...
2025-08-05 17:19:47 INFO  com.zaxxer.hikari.HikariDataSource - HikariPool-1 - Shutdown completed.
2025-08-05 18:35:38 INFO  c.d.factoraje.FactorajeApplication - Starting FactorajeApplication using Java 1.8.0_462 on MacBook-Air-de-Carlos.local with PID 47111 (/Users/ch/Documents/DEV/Davicash/server-davicash/target/classes started by ch in /Users/ch/Documents/DEV/Davicash/server-davicash)
2025-08-05 18:35:38 INFO  c.d.factoraje.FactorajeApplication - No active profile set, falling back to 1 default profile: "default"
2025-08-05 18:35:38 INFO  o.s.b.d.e.DevToolsPropertyDefaultsPostProcessor - Devtools property defaults active! Set 'spring.devtools.add-properties' to 'false' to disable
2025-08-05 18:35:38 INFO  o.s.b.d.e.DevToolsPropertyDefaultsPostProcessor - For additional web related logging consider setting the 'logging.level.web' property to 'DEBUG'
2025-08-05 18:35:38 INFO  o.s.d.r.c.RepositoryConfigurationDelegate - Bootstrapping Spring Data JPA repositories in DEFAULT mode.
2025-08-05 18:35:38 INFO  o.s.d.r.c.RepositoryConfigurationDelegate - Finished Spring Data repository scanning in 26 ms. Found 8 JPA repository interfaces.
2025-08-05 18:35:39 INFO  o.s.b.w.e.tomcat.TomcatWebServer - Tomcat initialized with port(s): 8080 (http)
2025-08-05 18:35:39 INFO  o.a.catalina.core.StandardService - Starting service [Tomcat]
2025-08-05 18:35:39 INFO  o.a.catalina.core.StandardEngine - Starting Servlet engine: [Apache Tomcat/9.0.83]
2025-08-05 18:35:39 INFO  o.a.c.c.C.[Tomcat].[localhost].[/] - Initializing Spring embedded WebApplicationContext
2025-08-05 18:35:39 INFO  o.s.b.w.s.c.ServletWebServerApplicationContext - Root WebApplicationContext: initialization completed in 700 ms
2025-08-05 18:35:39 INFO  o.h.jpa.internal.util.LogHelper - HHH000204: Processing PersistenceUnitInfo [name: default]
2025-08-05 18:35:39 INFO  org.hibernate.Version - HHH000412: Hibernate ORM core version 5.6.15.Final
2025-08-05 18:35:39 INFO  o.h.annotations.common.Version - HCANN000001: Hibernate Commons Annotations {5.1.2.Final}
2025-08-05 18:35:39 INFO  com.zaxxer.hikari.HikariDataSource - HikariPool-1 - Starting...
2025-08-05 18:35:39 INFO  com.zaxxer.hikari.HikariDataSource - HikariPool-1 - Start completed.
2025-08-05 18:35:39 INFO  org.hibernate.dialect.Dialect - HHH000400: Using dialect: org.hibernate.dialect.PostgreSQLDialect
2025-08-05 18:35:39 INFO  o.h.e.t.j.p.i.JtaPlatformInitiator - HHH000490: Using JtaPlatform implementation: [org.hibernate.engine.transaction.jta.platform.internal.NoJtaPlatform]
2025-08-05 18:35:39 INFO  o.s.o.j.LocalContainerEntityManagerFactoryBean - Initialized JPA EntityManagerFactory for persistence unit 'default'
2025-08-05 18:35:40 INFO  c.d.factoraje.service.RoleService - RoleService initialized
2025-08-05 18:35:40 INFO  c.d.factoraje.service.UserService - UserService initialized
2025-08-05 18:35:40 INFO  c.d.factoraje.service.EntityService - EntityService initialized
2025-08-05 18:35:40 INFO  c.d.f.service.AgreementService - AgreementService initialized
2025-08-05 18:35:40 INFO  c.d.f.controller.AgreementController - AgreementController initialized
2025-08-05 18:35:40 INFO  c.d.f.controller.AuthController - AuthController initialized
2025-08-05 18:35:40 INFO  c.d.f.service.DocumentService - DocumentService initialized
2025-08-05 18:35:40 INFO  c.d.f.controller.DocumentController - DocumentController initialized
2025-08-05 18:35:40 INFO  c.d.f.controller.EntityController - EntityController initialized
2025-08-05 18:35:40 INFO  c.d.f.c.OperationsController - OperationsController initialized
2025-08-05 18:35:40 INFO  c.d.f.service.PermissionService - PermissionService initialized
2025-08-05 18:35:40 INFO  c.d.f.c.PermissionController - PermissionController initialized
2025-08-05 18:35:40 INFO  c.d.f.c.ProcessFileController - ProcessFileController initialized
2025-08-05 18:35:40 INFO  c.d.f.controller.RoleController - RoleController initialized
2025-08-05 18:35:40 INFO  c.d.f.controller.DocumentController - UserController initialized
2025-08-05 18:35:40 WARN  o.s.b.a.o.j.JpaBaseConfiguration$JpaWebConfiguration - spring.jpa.open-in-view is enabled by default. Therefore, database queries may be performed during view rendering. Explicitly configure spring.jpa.open-in-view to disable this warning
2025-08-05 18:35:40 INFO  o.s.b.d.a.OptionalLiveReloadServer - LiveReload server is running on port 35729
2025-08-05 18:35:40 INFO  o.s.b.w.e.tomcat.TomcatWebServer - Tomcat started on port(s): 8080 (http) with context path ''
2025-08-05 18:35:40 INFO  c.d.factoraje.FactorajeApplication - Started FactorajeApplication in 2.297 seconds (JVM running for 2.517)
2025-08-05 18:35:59 INFO  o.a.c.c.C.[Tomcat].[localhost].[/] - Initializing Spring DispatcherServlet 'dispatcherServlet'
2025-08-05 18:35:59 INFO  o.s.web.servlet.DispatcherServlet - Initializing Servlet 'dispatcherServlet'
2025-08-05 18:35:59 INFO  o.s.web.servlet.DispatcherServlet - Completed initialization in 0 ms
2025-08-05 18:35:59 INFO  c.d.f.controller.DocumentController - GET /api/users/user - fetch logged user data
2025-08-05 18:35:59 INFO  c.d.f.controller.DocumentController - User found for DUI 063062811
2025-08-05 18:35:59 INFO  c.d.f.controller.AgreementController - GET /api/agreement/byPayer/5c3bbe6e-a2da-4022-aa1d-353a83a12d62 - fetch agreements by payer
2025-08-05 18:35:59 INFO  c.d.f.controller.AgreementController - Found 2 agreements for payer 5c3bbe6e-a2da-4022-aa1d-353a83a12d62
2025-08-05 18:35:59 INFO  c.d.f.controller.AgreementController - GET /api/agreement/byPayer/5c3bbe6e-a2da-4022-aa1d-353a83a12d62 - fetch agreements by payer
2025-08-05 18:35:59 INFO  c.d.f.controller.AgreementController - Found 2 agreements for payer 5c3bbe6e-a2da-4022-aa1d-353a83a12d62
2025-08-05 18:39:09 INFO  c.d.f.controller.DocumentController - GET /api/users/user - fetch logged user data
2025-08-05 18:39:09 INFO  c.d.f.controller.DocumentController - User found for DUI 063062811
2025-08-05 18:39:09 INFO  c.d.f.controller.DocumentController - GET /api/users/user - fetch logged user data
2025-08-05 18:39:09 INFO  c.d.f.controller.DocumentController - User found for DUI 063062811
2025-08-05 18:39:09 INFO  c.d.f.controller.AgreementController - GET /api/agreement/byPayer/5c3bbe6e-a2da-4022-aa1d-353a83a12d62 - fetch agreements by payer
2025-08-05 18:39:09 INFO  c.d.f.controller.AgreementController - Found 2 agreements for payer 5c3bbe6e-a2da-4022-aa1d-353a83a12d62
2025-08-05 18:39:09 INFO  c.d.f.controller.AgreementController - GET /api/agreement/byPayer/5c3bbe6e-a2da-4022-aa1d-353a83a12d62 - fetch agreements by payer
2025-08-05 18:39:09 INFO  c.d.f.controller.AgreementController - Found 2 agreements for payer 5c3bbe6e-a2da-4022-aa1d-353a83a12d62
2025-08-05 18:39:09 INFO  c.d.f.controller.AgreementController - GET /api/agreement/byPayer/5c3bbe6e-a2da-4022-aa1d-353a83a12d62 - fetch agreements by payer
2025-08-05 18:39:09 INFO  c.d.f.controller.AgreementController - Found 2 agreements for payer 5c3bbe6e-a2da-4022-aa1d-353a83a12d62
2025-08-05 18:39:12 INFO  c.d.f.controller.AgreementController - GET /api/agreement/byPayer/5c3bbe6e-a2da-4022-aa1d-353a83a12d62 - fetch agreements by payer
2025-08-05 18:39:12 INFO  c.d.f.controller.AgreementController - Found 2 agreements for payer 5c3bbe6e-a2da-4022-aa1d-353a83a12d62
2025-08-05 18:39:12 INFO  c.d.f.controller.AgreementController - GET /api/agreement/byPayer/5c3bbe6e-a2da-4022-aa1d-353a83a12d62 - fetch agreements by payer
2025-08-05 18:39:12 INFO  c.d.f.controller.AgreementController - Found 2 agreements for payer 5c3bbe6e-a2da-4022-aa1d-353a83a12d62
2025-08-05 18:39:15 INFO  c.d.f.controller.DocumentController - GET /api/users/user - fetch logged user data
2025-08-05 18:39:15 INFO  c.d.f.controller.DocumentController - User found for DUI 063062811
2025-08-05 18:39:15 INFO  c.d.f.controller.DocumentController - GET /api/users/user - fetch logged user data
2025-08-05 18:39:15 INFO  c.d.f.controller.AgreementController - GET /api/agreement/byPayer/5c3bbe6e-a2da-4022-aa1d-353a83a12d62 - fetch agreements by payer
2025-08-05 18:39:15 INFO  c.d.f.controller.DocumentController - User found for DUI 063062811
2025-08-05 18:39:15 INFO  c.d.f.controller.AgreementController - Found 2 agreements for payer 5c3bbe6e-a2da-4022-aa1d-353a83a12d62
2025-08-05 18:39:15 INFO  c.d.f.controller.AgreementController - GET /api/agreement/byPayer/5c3bbe6e-a2da-4022-aa1d-353a83a12d62 - fetch agreements by payer
2025-08-05 18:39:15 INFO  c.d.f.controller.AgreementController - Found 2 agreements for payer 5c3bbe6e-a2da-4022-aa1d-353a83a12d62
2025-08-05 18:39:15 INFO  c.d.f.controller.AgreementController - GET /api/agreement/byPayer/5c3bbe6e-a2da-4022-aa1d-353a83a12d62 - fetch agreements by payer
2025-08-05 18:39:15 INFO  c.d.f.controller.AgreementController - Found 2 agreements for payer 5c3bbe6e-a2da-4022-aa1d-353a83a12d62
2025-08-05 18:39:22 INFO  c.d.f.controller.DocumentController - GET /api/users/user - fetch logged user data
2025-08-05 18:39:22 INFO  c.d.f.controller.DocumentController - User found for DUI 063062811
2025-08-05 18:39:22 INFO  c.d.f.controller.DocumentController - GET /api/users/user - fetch logged user data
2025-08-05 18:39:22 INFO  c.d.f.controller.DocumentController - User found for DUI 063062811
2025-08-05 18:39:22 INFO  c.d.f.controller.AgreementController - GET /api/agreement/byPayer/5c3bbe6e-a2da-4022-aa1d-353a83a12d62 - fetch agreements by payer
2025-08-05 18:39:22 INFO  c.d.f.controller.AgreementController - Found 2 agreements for payer 5c3bbe6e-a2da-4022-aa1d-353a83a12d62
2025-08-05 18:39:22 INFO  c.d.f.controller.AgreementController - GET /api/agreement/byPayer/5c3bbe6e-a2da-4022-aa1d-353a83a12d62 - fetch agreements by payer
2025-08-05 18:39:22 INFO  c.d.f.controller.AgreementController - Found 2 agreements for payer 5c3bbe6e-a2da-4022-aa1d-353a83a12d62
2025-08-05 18:39:22 INFO  c.d.f.controller.AgreementController - GET /api/agreement/byPayer/5c3bbe6e-a2da-4022-aa1d-353a83a12d62 - fetch agreements by payer
2025-08-05 18:39:22 INFO  c.d.f.controller.AgreementController - Found 2 agreements for payer 5c3bbe6e-a2da-4022-aa1d-353a83a12d62
2025-08-05 18:40:40 INFO  c.d.f.controller.DocumentController - GET /api/users/user - fetch logged user data
2025-08-05 18:40:40 INFO  c.d.f.controller.DocumentController - User found for DUI 063062811
2025-08-05 18:40:40 INFO  c.d.f.controller.DocumentController - GET /api/users/user - fetch logged user data
2025-08-05 18:40:40 INFO  c.d.f.controller.DocumentController - User found for DUI 063062811
2025-08-05 18:40:40 INFO  c.d.f.controller.AgreementController - GET /api/agreement/byPayer/5c3bbe6e-a2da-4022-aa1d-353a83a12d62 - fetch agreements by payer
2025-08-05 18:40:40 INFO  c.d.f.controller.AgreementController - Found 2 agreements for payer 5c3bbe6e-a2da-4022-aa1d-353a83a12d62
2025-08-05 18:40:40 INFO  c.d.f.controller.AgreementController - GET /api/agreement/byPayer/5c3bbe6e-a2da-4022-aa1d-353a83a12d62 - fetch agreements by payer
2025-08-05 18:40:40 INFO  c.d.f.controller.AgreementController - Found 2 agreements for payer 5c3bbe6e-a2da-4022-aa1d-353a83a12d62
2025-08-05 18:40:40 INFO  c.d.f.controller.AgreementController - GET /api/agreement/byPayer/5c3bbe6e-a2da-4022-aa1d-353a83a12d62 - fetch agreements by payer
2025-08-05 18:40:40 INFO  c.d.f.controller.AgreementController - Found 2 agreements for payer 5c3bbe6e-a2da-4022-aa1d-353a83a12d62
2025-08-05 18:41:15 INFO  c.d.f.controller.DocumentController - GET /api/users/user - fetch logged user data
2025-08-05 18:41:15 INFO  c.d.f.controller.DocumentController - User found for DUI 063062811
2025-08-05 18:41:15 INFO  c.d.f.controller.AgreementController - GET /api/agreement/byPayer/5c3bbe6e-a2da-4022-aa1d-353a83a12d62 - fetch agreements by payer
2025-08-05 18:41:15 INFO  c.d.f.controller.AgreementController - Found 2 agreements for payer 5c3bbe6e-a2da-4022-aa1d-353a83a12d62
2025-08-05 18:41:15 INFO  c.d.f.controller.AgreementController - GET /api/agreement/byPayer/5c3bbe6e-a2da-4022-aa1d-353a83a12d62 - fetch agreements by payer
2025-08-05 18:41:15 INFO  c.d.f.controller.AgreementController - Found 2 agreements for payer 5c3bbe6e-a2da-4022-aa1d-353a83a12d62
2025-08-05 18:44:10 INFO  c.d.f.controller.DocumentController - GET /api/users/user - fetch logged user data
2025-08-05 18:44:10 INFO  c.d.f.controller.DocumentController - User found for DUI 063062811
2025-08-05 18:44:10 INFO  c.d.f.controller.DocumentController - GET /api/users/user - fetch logged user data
2025-08-05 18:44:10 INFO  c.d.f.controller.DocumentController - User found for DUI 063062811
2025-08-05 18:44:10 INFO  c.d.f.controller.AgreementController - GET /api/agreement/byPayer/5c3bbe6e-a2da-4022-aa1d-353a83a12d62 - fetch agreements by payer
2025-08-05 18:44:10 INFO  c.d.f.controller.AgreementController - Found 2 agreements for payer 5c3bbe6e-a2da-4022-aa1d-353a83a12d62
2025-08-05 18:44:10 INFO  c.d.f.controller.AgreementController - GET /api/agreement/byPayer/5c3bbe6e-a2da-4022-aa1d-353a83a12d62 - fetch agreements by payer
2025-08-05 18:44:10 INFO  c.d.f.controller.AgreementController - Found 2 agreements for payer 5c3bbe6e-a2da-4022-aa1d-353a83a12d62
2025-08-05 18:44:10 INFO  c.d.f.controller.AgreementController - GET /api/agreement/byPayer/5c3bbe6e-a2da-4022-aa1d-353a83a12d62 - fetch agreements by payer
2025-08-05 18:44:10 INFO  c.d.f.controller.AgreementController - Found 2 agreements for payer 5c3bbe6e-a2da-4022-aa1d-353a83a12d62
2025-08-05 18:53:25 INFO  o.s.b.d.a.LocalDevToolsAutoConfiguration$RestartingClassPathChangeChangedEventListener - Restarting due to 1 class path change (0 additions, 0 deletions, 1 modification)
2025-08-05 18:53:25 INFO  o.a.catalina.core.StandardService - Stopping service [Tomcat]
2025-08-05 18:53:25 INFO  o.a.c.c.C.[Tomcat].[localhost].[/] - Destroying Spring FrameworkServlet 'dispatcherServlet'
2025-08-05 18:53:25 INFO  o.s.o.j.LocalContainerEntityManagerFactoryBean - Closing JPA EntityManagerFactory for persistence unit 'default'
2025-08-05 18:53:25 INFO  com.zaxxer.hikari.HikariDataSource - HikariPool-1 - Shutdown initiated...
2025-08-05 18:53:25 INFO  com.zaxxer.hikari.HikariDataSource - HikariPool-1 - Shutdown completed.
