2025-08-06 08:11:05 INFO  c.d.factoraje.FactorajeApplication - Starting FactorajeApplication using Java 1.8.0_462 on MacBook-Air-de-Carlos.local with PID 53854 (/Users/ch/Documents/DEV/Davicash/server-davicash/target/classes started by ch in /Users/ch/Documents/DEV/Davicash/server-davicash)
2025-08-06 08:11:05 INFO  c.d.factoraje.FactorajeApplication - No active profile set, falling back to 1 default profile: "default"
2025-08-06 08:11:05 INFO  o.s.b.d.e.DevToolsPropertyDefaultsPostProcessor - Devtools property defaults active! Set 'spring.devtools.add-properties' to 'false' to disable
2025-08-06 08:11:05 INFO  o.s.b.d.e.DevToolsPropertyDefaultsPostProcessor - For additional web related logging consider setting the 'logging.level.web' property to 'DEBUG'
2025-08-06 08:11:06 INFO  o.s.d.r.c.RepositoryConfigurationDelegate - Bootstrapping Spring Data JPA repositories in DEFAULT mode.
2025-08-06 08:11:06 INFO  o.s.d.r.c.RepositoryConfigurationDelegate - Finished Spring Data repository scanning in 29 ms. Found 8 JPA repository interfaces.
2025-08-06 08:11:06 INFO  o.s.b.w.e.tomcat.TomcatWebServer - Tomcat initialized with port(s): 8080 (http)
2025-08-06 08:11:06 INFO  o.a.catalina.core.StandardService - Starting service [Tomcat]
2025-08-06 08:11:06 INFO  o.a.catalina.core.StandardEngine - Starting Servlet engine: [Apache Tomcat/9.0.83]
2025-08-06 08:11:06 INFO  o.a.c.c.C.[Tomcat].[localhost].[/] - Initializing Spring embedded WebApplicationContext
2025-08-06 08:11:06 INFO  o.s.b.w.s.c.ServletWebServerApplicationContext - Root WebApplicationContext: initialization completed in 697 ms
2025-08-06 08:11:06 INFO  o.h.jpa.internal.util.LogHelper - HHH000204: Processing PersistenceUnitInfo [name: default]
2025-08-06 08:11:06 INFO  org.hibernate.Version - HHH000412: Hibernate ORM core version 5.6.15.Final
2025-08-06 08:11:06 INFO  o.h.annotations.common.Version - HCANN000001: Hibernate Commons Annotations {5.1.2.Final}
2025-08-06 08:11:06 INFO  com.zaxxer.hikari.HikariDataSource - HikariPool-1 - Starting...
2025-08-06 08:11:06 INFO  com.zaxxer.hikari.HikariDataSource - HikariPool-1 - Start completed.
2025-08-06 08:11:06 INFO  org.hibernate.dialect.Dialect - HHH000400: Using dialect: org.hibernate.dialect.PostgreSQLDialect
2025-08-06 08:11:07 INFO  o.h.e.t.j.p.i.JtaPlatformInitiator - HHH000490: Using JtaPlatform implementation: [org.hibernate.engine.transaction.jta.platform.internal.NoJtaPlatform]
2025-08-06 08:11:07 INFO  o.s.o.j.LocalContainerEntityManagerFactoryBean - Initialized JPA EntityManagerFactory for persistence unit 'default'
2025-08-06 08:11:07 INFO  c.d.factoraje.service.RoleService - RoleService initialized
2025-08-06 08:11:07 INFO  c.d.factoraje.service.UserService - UserService initialized
2025-08-06 08:11:07 INFO  c.d.factoraje.service.EntityService - EntityService initialized
2025-08-06 08:11:07 INFO  c.d.f.service.DocumentService - DocumentService initialized
2025-08-06 08:11:07 INFO  c.d.f.service.AgreementService - AgreementService initialized
2025-08-06 08:11:07 INFO  c.d.f.controller.AgreementController - AgreementController initialized
2025-08-06 08:11:07 INFO  c.d.f.controller.AuthController - AuthController initialized
2025-08-06 08:11:07 INFO  c.d.f.controller.DocumentController - DocumentController initialized
2025-08-06 08:11:07 INFO  c.d.f.controller.EntityController - EntityController initialized
2025-08-06 08:11:07 INFO  c.d.f.c.OperationsController - OperationsController initialized
2025-08-06 08:11:07 INFO  c.d.f.service.PermissionService - PermissionService initialized
2025-08-06 08:11:07 INFO  c.d.f.c.PermissionController - PermissionController initialized
2025-08-06 08:11:07 INFO  c.d.f.c.ProcessFileController - ProcessFileController initialized
2025-08-06 08:11:07 INFO  c.d.f.controller.RoleController - RoleController initialized
2025-08-06 08:11:07 INFO  c.d.f.controller.DocumentController - UserController initialized
2025-08-06 08:11:07 WARN  o.s.b.a.o.j.JpaBaseConfiguration$JpaWebConfiguration - spring.jpa.open-in-view is enabled by default. Therefore, database queries may be performed during view rendering. Explicitly configure spring.jpa.open-in-view to disable this warning
2025-08-06 08:11:07 INFO  o.s.b.d.a.OptionalLiveReloadServer - LiveReload server is running on port 35729
2025-08-06 08:11:07 INFO  o.s.b.w.e.tomcat.TomcatWebServer - Tomcat started on port(s): 8080 (http) with context path ''
2025-08-06 08:11:07 INFO  c.d.factoraje.FactorajeApplication - Started FactorajeApplication in 2.25 seconds (JVM running for 2.461)
2025-08-06 08:11:24 INFO  o.a.c.c.C.[Tomcat].[localhost].[/] - Initializing Spring DispatcherServlet 'dispatcherServlet'
2025-08-06 08:11:24 INFO  o.s.web.servlet.DispatcherServlet - Initializing Servlet 'dispatcherServlet'
2025-08-06 08:11:24 INFO  o.s.web.servlet.DispatcherServlet - Completed initialization in 1 ms
2025-08-06 08:11:24 INFO  c.d.f.controller.DocumentController - GET /api/users/user - fetch logged user data
2025-08-06 08:11:24 INFO  c.d.f.controller.DocumentController - User found for DUI 063062817
2025-08-06 08:11:29 INFO  c.d.f.controller.EntityController - GET /api/entities/type?isEntityType=true
2025-08-06 08:11:29 INFO  c.d.f.controller.EntityController - Found 3 entities for type true
2025-08-06 08:11:35 INFO  c.d.f.controller.AgreementController - GET /api/agreement/getAll - fetching all agreements
2025-08-06 08:11:35 INFO  c.d.f.controller.AgreementController - Found 2 agreements
2025-08-06 08:11:38 INFO  c.d.f.controller.EntityController - GET /api/entities/type?isEntityType=true
2025-08-06 08:11:38 INFO  c.d.f.controller.EntityController - Found 3 entities for type true
2025-08-06 08:12:47 INFO  c.d.f.controller.DocumentController - GET /api/users/user - fetch logged user data
2025-08-06 08:12:47 INFO  c.d.f.controller.DocumentController - User found for DUI 063062817
2025-08-06 08:12:47 INFO  c.d.f.controller.EntityController - GET /api/entities/type?isEntityType=true
2025-08-06 08:12:47 INFO  c.d.f.controller.EntityController - Found 3 entities for type true
2025-08-06 08:14:00 INFO  c.d.f.controller.DocumentController - GET /api/users/user - fetch logged user data
2025-08-06 08:14:00 INFO  c.d.f.controller.DocumentController - User found for DUI 063062817
2025-08-06 08:14:00 INFO  c.d.f.controller.EntityController - GET /api/entities/type?isEntityType=true
2025-08-06 08:14:00 INFO  c.d.f.controller.EntityController - Found 3 entities for type true
2025-08-06 08:14:16 INFO  c.d.f.controller.DocumentController - GET /api/users/user - fetch logged user data
2025-08-06 08:14:16 INFO  c.d.f.controller.DocumentController - User found for DUI 063062817
2025-08-06 08:14:16 INFO  c.d.f.controller.EntityController - GET /api/entities/type?isEntityType=true
2025-08-06 08:14:16 INFO  c.d.f.controller.EntityController - Found 3 entities for type true
2025-08-06 08:15:02 INFO  c.d.f.controller.DocumentController - GET /api/users/user - fetch logged user data
2025-08-06 08:15:02 INFO  c.d.f.controller.DocumentController - User found for DUI 063062817
2025-08-06 08:15:03 INFO  c.d.f.controller.EntityController - GET /api/entities/type?isEntityType=true
2025-08-06 08:15:03 INFO  c.d.f.controller.EntityController - Found 3 entities for type true
2025-08-06 08:15:09 INFO  c.d.f.controller.DocumentController - GET /api/users/user - fetch logged user data
2025-08-06 08:15:09 INFO  c.d.f.controller.DocumentController - User found for DUI 063062817
2025-08-06 08:15:09 INFO  c.d.f.controller.EntityController - GET /api/entities/type?isEntityType=true
2025-08-06 08:15:09 INFO  c.d.f.controller.EntityController - Found 3 entities for type true
2025-08-06 08:15:26 INFO  c.d.f.controller.EntityController - GET /api/entities/type?isEntityType=true
2025-08-06 08:15:26 INFO  c.d.f.controller.EntityController - Found 3 entities for type true
2025-08-06 08:15:45 INFO  c.d.f.controller.EntityController - GET /api/entities/type?isEntityType=true
2025-08-06 08:15:45 INFO  c.d.f.controller.EntityController - Found 3 entities for type true
2025-08-06 08:16:06 INFO  c.d.f.controller.DocumentController - GET /api/users/user - fetch logged user data
2025-08-06 08:16:06 INFO  c.d.f.controller.DocumentController - User found for DUI 063062817
2025-08-06 08:16:06 INFO  c.d.f.controller.EntityController - GET /api/entities/type?isEntityType=true
2025-08-06 08:16:06 INFO  c.d.f.controller.EntityController - Found 3 entities for type true
2025-08-06 08:16:10 INFO  c.d.f.controller.DocumentController - GET /api/users/user - fetch logged user data
2025-08-06 08:16:10 INFO  c.d.f.controller.DocumentController - User found for DUI 063062817
2025-08-06 08:16:10 INFO  c.d.f.controller.EntityController - GET /api/entities/type?isEntityType=true
2025-08-06 08:16:10 INFO  c.d.f.controller.EntityController - Found 3 entities for type true
2025-08-06 08:16:21 INFO  c.d.f.controller.AgreementController - GET /api/agreement/getAll - fetching all agreements
2025-08-06 08:16:21 INFO  c.d.f.controller.AgreementController - Found 2 agreements
2025-08-06 08:16:42 INFO  c.d.f.controller.DocumentController - GET /api/users/user - fetch logged user data
2025-08-06 08:16:42 INFO  c.d.f.controller.DocumentController - User found for DUI 063062817
2025-08-06 08:16:45 INFO  c.d.f.controller.DocumentController - GET /api/users/getAllUsers - fetch all users via authService
2025-08-06 08:16:45 INFO  c.d.f.controller.EntityController - GET /api/entities/all - get all entities
2025-08-06 08:16:45 INFO  c.d.f.controller.DocumentController - Found 5 users via authService
2025-08-06 08:16:45 INFO  c.d.f.controller.EntityController - Found 7 entities
2025-08-06 08:16:45 INFO  c.d.f.controller.RoleController - GET /api/roles/get-roles - fetch all roles
2025-08-06 08:16:45 INFO  c.d.f.controller.RoleController - Found 6 roles
2025-08-06 08:17:29 INFO  c.d.f.controller.DocumentController - GET /api/users/user - fetch logged user data
2025-08-06 08:17:29 INFO  c.d.f.controller.DocumentController - User found for DUI 063062817
2025-08-06 08:17:30 INFO  c.d.f.controller.EntityController - GET /api/entities/all - get all entities
2025-08-06 08:17:30 INFO  c.d.f.controller.DocumentController - GET /api/users/getAllUsers - fetch all users via authService
2025-08-06 08:17:30 INFO  c.d.f.controller.EntityController - Found 7 entities
2025-08-06 08:17:30 INFO  c.d.f.controller.DocumentController - Found 5 users via authService
2025-08-06 08:17:30 INFO  c.d.f.controller.RoleController - GET /api/roles/get-roles - fetch all roles
2025-08-06 08:17:30 INFO  c.d.f.controller.RoleController - Found 6 roles
2025-08-06 08:20:26 INFO  c.d.f.controller.EntityController - GET /api/entities/all - get all entities
2025-08-06 08:20:26 INFO  c.d.f.controller.DocumentController - GET /api/users/getAllUsers - fetch all users via authService
2025-08-06 08:20:26 INFO  c.d.f.controller.EntityController - Found 7 entities
2025-08-06 08:20:26 INFO  c.d.f.controller.DocumentController - Found 5 users via authService
2025-08-06 08:20:26 INFO  c.d.f.controller.RoleController - GET /api/roles/get-roles - fetch all roles
2025-08-06 08:20:26 INFO  c.d.f.controller.RoleController - Found 6 roles
2025-08-06 08:20:29 INFO  c.d.f.controller.EntityController - GET /api/entities/type?isEntityType=true
2025-08-06 08:20:29 INFO  c.d.f.controller.EntityController - Found 3 entities for type true
2025-08-06 08:20:44 INFO  c.d.f.controller.EntityController - GET /api/entities/type?isEntityType=true
2025-08-06 08:20:44 INFO  c.d.f.controller.EntityController - Found 3 entities for type true
2025-08-06 08:20:47 INFO  c.d.f.controller.DocumentController - GET /api/users/getAllUsers - fetch all users via authService
2025-08-06 08:20:47 INFO  c.d.f.controller.EntityController - GET /api/entities/all - get all entities
2025-08-06 08:20:47 INFO  c.d.f.controller.EntityController - Found 7 entities
2025-08-06 08:20:47 INFO  c.d.f.controller.DocumentController - Found 5 users via authService
2025-08-06 08:20:47 INFO  c.d.f.controller.RoleController - GET /api/roles/get-roles - fetch all roles
2025-08-06 08:20:47 INFO  c.d.f.controller.RoleController - Found 6 roles
2025-08-06 08:20:53 INFO  c.d.f.controller.EntityController - GET /api/entities/type?isEntityType=true
2025-08-06 08:20:53 INFO  c.d.f.controller.EntityController - Found 3 entities for type true
2025-08-06 08:20:57 INFO  c.d.f.controller.EntityController - GET /api/entities/all - get all entities
2025-08-06 08:20:57 INFO  c.d.f.controller.DocumentController - GET /api/users/getAllUsers - fetch all users via authService
2025-08-06 08:20:57 INFO  c.d.f.controller.EntityController - Found 7 entities
2025-08-06 08:20:57 INFO  c.d.f.controller.DocumentController - Found 5 users via authService
2025-08-06 08:20:57 INFO  c.d.f.controller.RoleController - GET /api/roles/get-roles - fetch all roles
2025-08-06 08:20:57 INFO  c.d.f.controller.RoleController - Found 6 roles
2025-08-06 08:20:59 INFO  c.d.f.controller.AgreementController - GET /api/agreement/getAll - fetching all agreements
2025-08-06 08:20:59 INFO  c.d.f.controller.AgreementController - Found 2 agreements
2025-08-06 08:21:10 INFO  c.d.f.controller.EntityController - GET /api/entities/type?isEntityType=true
2025-08-06 08:21:10 INFO  c.d.f.controller.EntityController - Found 3 entities for type true
2025-08-06 08:23:30 INFO  c.d.f.controller.DocumentController - GET /api/users/user - fetch logged user data
2025-08-06 08:23:30 INFO  c.d.f.controller.DocumentController - User found for DUI 063062817
2025-08-06 08:23:33 INFO  c.d.f.controller.EntityController - GET /api/entities/type?isEntityType=true
2025-08-06 08:23:33 INFO  c.d.f.controller.EntityController - Found 3 entities for type true
2025-08-06 08:23:37 INFO  c.d.f.controller.EntityController - GET /api/entities/type?isEntityType=true
2025-08-06 08:23:37 INFO  c.d.f.controller.EntityController - Found 3 entities for type true
2025-08-06 08:24:47 INFO  c.d.f.controller.DocumentController - GET /api/users/user - fetch logged user data
2025-08-06 08:24:47 INFO  c.d.f.controller.DocumentController - User found for DUI 063062817
2025-08-06 08:24:47 INFO  c.d.f.controller.EntityController - GET /api/entities/type?isEntityType=true
2025-08-06 08:24:48 INFO  c.d.f.controller.EntityController - Found 3 entities for type true
2025-08-06 08:24:56 INFO  c.d.f.controller.DocumentController - GET /api/users/user - fetch logged user data
2025-08-06 08:24:56 INFO  c.d.f.controller.DocumentController - User found for DUI 063062817
2025-08-06 08:24:56 INFO  c.d.f.controller.EntityController - GET /api/entities/type?isEntityType=true
2025-08-06 08:24:56 INFO  c.d.f.controller.EntityController - Found 3 entities for type true
2025-08-06 08:25:09 INFO  c.d.f.controller.DocumentController - GET /api/users/user - fetch logged user data
2025-08-06 08:25:09 INFO  c.d.f.controller.DocumentController - User found for DUI 063062817
2025-08-06 08:25:09 INFO  c.d.f.controller.EntityController - GET /api/entities/type?isEntityType=true
2025-08-06 08:25:09 INFO  c.d.f.controller.EntityController - Found 3 entities for type true
2025-08-06 08:25:28 INFO  c.d.f.controller.DocumentController - GET /api/users/user - fetch logged user data
2025-08-06 08:25:28 INFO  c.d.f.controller.DocumentController - User found for DUI 063062817
2025-08-06 08:25:28 INFO  c.d.f.controller.EntityController - GET /api/entities/type?isEntityType=true
2025-08-06 08:25:28 INFO  c.d.f.controller.EntityController - Found 3 entities for type true
2025-08-06 08:25:51 INFO  c.d.f.controller.AgreementController - GET /api/agreement/getAll - fetching all agreements
2025-08-06 08:25:51 INFO  c.d.f.controller.AgreementController - Found 2 agreements
2025-08-06 08:25:54 INFO  c.d.f.controller.EntityController - GET /api/entities/type?isEntityType=true
2025-08-06 08:25:54 INFO  c.d.f.controller.EntityController - Found 3 entities for type true
2025-08-06 08:26:04 INFO  c.d.f.controller.DocumentController - GET /api/users/getAllUsers - fetch all users via authService
2025-08-06 08:26:04 INFO  c.d.f.controller.EntityController - GET /api/entities/all - get all entities
2025-08-06 08:26:04 INFO  c.d.f.controller.EntityController - Found 7 entities
2025-08-06 08:26:04 INFO  c.d.f.controller.DocumentController - Found 5 users via authService
2025-08-06 08:26:04 INFO  c.d.f.controller.RoleController - GET /api/roles/get-roles - fetch all roles
2025-08-06 08:26:04 INFO  c.d.f.controller.RoleController - Found 6 roles
2025-08-06 08:26:16 INFO  c.d.f.controller.EntityController - GET /api/entities/type?isEntityType=true
2025-08-06 08:26:16 INFO  c.d.f.controller.EntityController - Found 3 entities for type true
2025-08-06 08:28:26 INFO  c.d.f.controller.DocumentController - GET /api/users/user - fetch logged user data
2025-08-06 08:28:26 INFO  c.d.f.controller.DocumentController - User found for DUI 063062817
2025-08-06 08:29:00 INFO  c.d.f.controller.AuthController - POST /api/auth/logout - logout attempt
2025-08-06 08:29:00 INFO  c.d.f.controller.AuthController - Logout successful
2025-08-06 08:29:23 INFO  c.d.f.controller.DocumentController - GET /api/users/user - fetch logged user data
2025-08-06 08:29:23 INFO  c.d.f.controller.DocumentController - User found for DUI 063062817
2025-08-06 08:30:01 INFO  c.d.f.controller.DocumentController - GET /api/users/user - fetch logged user data
2025-08-06 08:30:01 INFO  c.d.f.controller.DocumentController - User found for DUI 063062817
2025-08-06 08:30:35 INFO  c.d.f.controller.DocumentController - GET /api/users/user - fetch logged user data
2025-08-06 08:30:35 INFO  c.d.f.controller.DocumentController - User found for DUI 063062817
2025-08-06 08:30:39 INFO  c.d.f.controller.DocumentController - GET /api/users/user - fetch logged user data
2025-08-06 08:30:39 INFO  c.d.f.controller.DocumentController - User found for DUI 063062817
2025-08-06 08:30:55 INFO  c.d.f.controller.DocumentController - GET /api/users/user - fetch logged user data
2025-08-06 08:30:55 INFO  c.d.f.controller.DocumentController - User found for DUI 063062817
2025-08-06 08:31:09 INFO  c.d.f.controller.DocumentController - GET /api/users/user - fetch logged user data
2025-08-06 08:31:09 INFO  c.d.f.controller.DocumentController - User found for DUI 063062817
2025-08-06 08:31:35 INFO  c.d.f.controller.DocumentController - GET /api/users/user - fetch logged user data
2025-08-06 08:31:35 INFO  c.d.f.controller.DocumentController - User found for DUI 063062817
2025-08-06 08:31:52 INFO  c.d.f.controller.AuthController - POST /api/auth/logout - logout attempt
2025-08-06 08:31:52 INFO  c.d.f.controller.AuthController - Logout successful
2025-08-06 08:40:37 INFO  c.d.f.controller.DocumentController - GET /api/users/user - fetch logged user data
2025-08-06 08:40:37 INFO  c.d.f.controller.DocumentController - User found for DUI 063062817
2025-08-06 08:40:39 INFO  c.d.f.controller.EntityController - GET /api/entities/type?isEntityType=true
2025-08-06 08:40:39 INFO  c.d.f.controller.EntityController - Found 3 entities for type true
2025-08-06 08:40:51 INFO  c.d.f.c.ProcessFileController - POST /api/archivos/upload-excel - file=Pruebados.xlsx, payerId=5c3bbe6e-a2da-4022-aa1d-353a83a12d62, userId=a0717a38-2c87-4748-9ddf-1f60c06f05fa
2025-08-06 08:40:51 INFO  c.d.f.service.AgreementService - Agreement not found for identifier {}
2025-08-06 08:40:51 INFO  c.d.f.service.AgreementService - Agreement not found for identifier {}
2025-08-06 08:40:51 INFO  c.d.f.c.ProcessFileController - File processed successfully: Archivo procesado. 18 registros guardados en la base de datos. rows saved
2025-08-06 08:41:07 INFO  c.d.f.controller.AuthController - POST /api/auth/logout - logout attempt
2025-08-06 08:41:07 INFO  c.d.f.controller.AuthController - Logout successful
2025-08-06 08:46:46 INFO  o.s.b.d.a.LocalDevToolsAutoConfiguration$RestartingClassPathChangeChangedEventListener - Restarting due to 1 class path change (0 additions, 0 deletions, 1 modification)
2025-08-06 08:46:46 INFO  o.a.catalina.core.StandardService - Stopping service [Tomcat]
2025-08-06 08:46:46 INFO  o.a.c.c.C.[Tomcat].[localhost].[/] - Destroying Spring FrameworkServlet 'dispatcherServlet'
2025-08-06 08:46:46 INFO  o.s.o.j.LocalContainerEntityManagerFactoryBean - Closing JPA EntityManagerFactory for persistence unit 'default'
2025-08-06 08:46:46 INFO  com.zaxxer.hikari.HikariDataSource - HikariPool-1 - Shutdown initiated...
2025-08-06 08:46:46 INFO  com.zaxxer.hikari.HikariDataSource - HikariPool-1 - Shutdown completed.
2025-08-06 10:21:06 INFO  c.d.factoraje.FactorajeApplication - Starting FactorajeApplication using Java 1.8.0_462 on MacBook-Air-de-Carlos.local with PID 57213 (/Users/ch/Documents/DEV/Davicash/server-davicash/target/classes started by ch in /Users/ch/Documents/DEV/Davicash/server-davicash)
2025-08-06 10:21:06 INFO  c.d.factoraje.FactorajeApplication - No active profile set, falling back to 1 default profile: "default"
2025-08-06 10:21:06 INFO  o.s.b.d.e.DevToolsPropertyDefaultsPostProcessor - Devtools property defaults active! Set 'spring.devtools.add-properties' to 'false' to disable
2025-08-06 10:21:06 INFO  o.s.b.d.e.DevToolsPropertyDefaultsPostProcessor - For additional web related logging consider setting the 'logging.level.web' property to 'DEBUG'
2025-08-06 10:21:06 INFO  o.s.d.r.c.RepositoryConfigurationDelegate - Bootstrapping Spring Data JPA repositories in DEFAULT mode.
2025-08-06 10:21:06 INFO  o.s.d.r.c.RepositoryConfigurationDelegate - Finished Spring Data repository scanning in 28 ms. Found 8 JPA repository interfaces.
2025-08-06 10:21:07 INFO  o.s.b.w.e.tomcat.TomcatWebServer - Tomcat initialized with port(s): 8080 (http)
2025-08-06 10:21:07 INFO  o.a.catalina.core.StandardService - Starting service [Tomcat]
2025-08-06 10:21:07 INFO  o.a.catalina.core.StandardEngine - Starting Servlet engine: [Apache Tomcat/9.0.83]
2025-08-06 10:21:07 INFO  o.a.c.c.C.[Tomcat].[localhost].[/] - Initializing Spring embedded WebApplicationContext
2025-08-06 10:21:07 INFO  o.s.b.w.s.c.ServletWebServerApplicationContext - Root WebApplicationContext: initialization completed in 678 ms
2025-08-06 10:21:07 INFO  o.h.jpa.internal.util.LogHelper - HHH000204: Processing PersistenceUnitInfo [name: default]
2025-08-06 10:21:07 INFO  org.hibernate.Version - HHH000412: Hibernate ORM core version 5.6.15.Final
2025-08-06 10:21:07 INFO  o.h.annotations.common.Version - HCANN000001: Hibernate Commons Annotations {5.1.2.Final}
2025-08-06 10:21:07 INFO  com.zaxxer.hikari.HikariDataSource - HikariPool-1 - Starting...
2025-08-06 10:21:07 INFO  com.zaxxer.hikari.HikariDataSource - HikariPool-1 - Start completed.
2025-08-06 10:21:07 INFO  org.hibernate.dialect.Dialect - HHH000400: Using dialect: org.hibernate.dialect.PostgreSQLDialect
2025-08-06 10:21:07 INFO  o.h.e.t.j.p.i.JtaPlatformInitiator - HHH000490: Using JtaPlatform implementation: [org.hibernate.engine.transaction.jta.platform.internal.NoJtaPlatform]
2025-08-06 10:21:07 INFO  o.s.o.j.LocalContainerEntityManagerFactoryBean - Initialized JPA EntityManagerFactory for persistence unit 'default'
2025-08-06 10:21:08 INFO  c.d.factoraje.service.RoleService - RoleService initialized
2025-08-06 10:21:08 INFO  c.d.factoraje.service.UserService - UserService initialized
2025-08-06 10:21:08 INFO  c.d.factoraje.service.EntityService - EntityService initialized
2025-08-06 10:21:08 INFO  c.d.f.service.DocumentService - DocumentService initialized
2025-08-06 10:21:08 INFO  c.d.f.service.AgreementService - AgreementService initialized
2025-08-06 10:21:08 INFO  c.d.f.controller.AgreementController - AgreementController initialized
2025-08-06 10:21:08 INFO  c.d.f.controller.AuthController - AuthController initialized
2025-08-06 10:21:08 INFO  c.d.f.controller.DocumentController - DocumentController initialized
2025-08-06 10:21:08 INFO  c.d.f.controller.EntityController - EntityController initialized
2025-08-06 10:21:08 INFO  c.d.f.c.OperationsController - OperationsController initialized
2025-08-06 10:21:08 INFO  c.d.f.service.PermissionService - PermissionService initialized
2025-08-06 10:21:08 INFO  c.d.f.c.PermissionController - PermissionController initialized
2025-08-06 10:21:08 INFO  c.d.f.c.ProcessFileController - ProcessFileController initialized
2025-08-06 10:21:08 INFO  c.d.f.controller.RoleController - RoleController initialized
2025-08-06 10:21:08 INFO  c.d.f.controller.DocumentController - UserController initialized
2025-08-06 10:21:08 WARN  o.s.b.a.o.j.JpaBaseConfiguration$JpaWebConfiguration - spring.jpa.open-in-view is enabled by default. Therefore, database queries may be performed during view rendering. Explicitly configure spring.jpa.open-in-view to disable this warning
2025-08-06 10:21:08 INFO  o.s.b.d.a.OptionalLiveReloadServer - LiveReload server is running on port 35729
2025-08-06 10:21:08 INFO  o.s.b.w.e.tomcat.TomcatWebServer - Tomcat started on port(s): 8080 (http) with context path ''
2025-08-06 10:21:08 INFO  c.d.factoraje.FactorajeApplication - Started FactorajeApplication in 2.169 seconds (JVM running for 2.363)
2025-08-06 10:22:08 INFO  o.s.o.j.LocalContainerEntityManagerFactoryBean - Closing JPA EntityManagerFactory for persistence unit 'default'
2025-08-06 10:22:08 INFO  com.zaxxer.hikari.HikariDataSource - HikariPool-1 - Shutdown initiated...
2025-08-06 10:22:08 INFO  com.zaxxer.hikari.HikariDataSource - HikariPool-1 - Shutdown completed.
2025-08-06 10:22:09 INFO  c.d.factoraje.FactorajeApplication - Starting FactorajeApplication using Java 1.8.0_462 on MacBook-Air-de-Carlos.local with PID 57561 (/Users/ch/Documents/DEV/Davicash/server-davicash/target/classes started by ch in /Users/ch/Documents/DEV/Davicash/server-davicash)
2025-08-06 10:22:09 INFO  c.d.factoraje.FactorajeApplication - No active profile set, falling back to 1 default profile: "default"
2025-08-06 10:22:09 INFO  o.s.b.d.e.DevToolsPropertyDefaultsPostProcessor - Devtools property defaults active! Set 'spring.devtools.add-properties' to 'false' to disable
2025-08-06 10:22:09 INFO  o.s.b.d.e.DevToolsPropertyDefaultsPostProcessor - For additional web related logging consider setting the 'logging.level.web' property to 'DEBUG'
2025-08-06 10:22:10 INFO  o.s.d.r.c.RepositoryConfigurationDelegate - Bootstrapping Spring Data JPA repositories in DEFAULT mode.
2025-08-06 10:22:10 INFO  o.s.d.r.c.RepositoryConfigurationDelegate - Finished Spring Data repository scanning in 25 ms. Found 8 JPA repository interfaces.
2025-08-06 10:22:10 INFO  o.s.b.w.e.tomcat.TomcatWebServer - Tomcat initialized with port(s): 8080 (http)
2025-08-06 10:22:10 INFO  o.a.catalina.core.StandardService - Starting service [Tomcat]
2025-08-06 10:22:10 INFO  o.a.catalina.core.StandardEngine - Starting Servlet engine: [Apache Tomcat/9.0.83]
2025-08-06 10:22:10 INFO  o.a.c.c.C.[Tomcat].[localhost].[/] - Initializing Spring embedded WebApplicationContext
2025-08-06 10:22:10 INFO  o.s.b.w.s.c.ServletWebServerApplicationContext - Root WebApplicationContext: initialization completed in 637 ms
2025-08-06 10:22:10 INFO  o.h.jpa.internal.util.LogHelper - HHH000204: Processing PersistenceUnitInfo [name: default]
2025-08-06 10:22:10 INFO  org.hibernate.Version - HHH000412: Hibernate ORM core version 5.6.15.Final
2025-08-06 10:22:10 INFO  o.h.annotations.common.Version - HCANN000001: Hibernate Commons Annotations {5.1.2.Final}
2025-08-06 10:22:10 INFO  com.zaxxer.hikari.HikariDataSource - HikariPool-1 - Starting...
2025-08-06 10:22:10 INFO  com.zaxxer.hikari.HikariDataSource - HikariPool-1 - Start completed.
2025-08-06 10:22:10 INFO  org.hibernate.dialect.Dialect - HHH000400: Using dialect: org.hibernate.dialect.PostgreSQLDialect
2025-08-06 10:22:11 INFO  o.h.e.t.j.p.i.JtaPlatformInitiator - HHH000490: Using JtaPlatform implementation: [org.hibernate.engine.transaction.jta.platform.internal.NoJtaPlatform]
2025-08-06 10:22:11 INFO  o.s.o.j.LocalContainerEntityManagerFactoryBean - Initialized JPA EntityManagerFactory for persistence unit 'default'
2025-08-06 10:22:11 INFO  c.d.factoraje.service.RoleService - RoleService initialized
2025-08-06 10:22:11 INFO  c.d.factoraje.service.UserService - UserService initialized
2025-08-06 10:22:11 INFO  c.d.factoraje.service.EntityService - EntityService initialized
2025-08-06 10:22:11 INFO  c.d.f.service.DocumentService - DocumentService initialized
2025-08-06 10:22:11 INFO  c.d.f.service.AgreementService - AgreementService initialized
2025-08-06 10:22:11 INFO  c.d.f.controller.AgreementController - AgreementController initialized
2025-08-06 10:22:11 INFO  c.d.f.controller.AuthController - AuthController initialized
2025-08-06 10:22:11 INFO  c.d.f.controller.DocumentController - DocumentController initialized
2025-08-06 10:22:11 INFO  c.d.f.controller.EntityController - EntityController initialized
2025-08-06 10:22:11 INFO  c.d.f.c.OperationsController - OperationsController initialized
2025-08-06 10:22:11 INFO  c.d.f.service.PermissionService - PermissionService initialized
2025-08-06 10:22:11 INFO  c.d.f.c.PermissionController - PermissionController initialized
2025-08-06 10:22:11 INFO  c.d.f.c.ProcessFileController - ProcessFileController initialized
2025-08-06 10:22:11 INFO  c.d.f.controller.RoleController - RoleController initialized
2025-08-06 10:22:11 INFO  c.d.f.controller.DocumentController - UserController initialized
2025-08-06 10:22:11 WARN  o.s.b.a.o.j.JpaBaseConfiguration$JpaWebConfiguration - spring.jpa.open-in-view is enabled by default. Therefore, database queries may be performed during view rendering. Explicitly configure spring.jpa.open-in-view to disable this warning
2025-08-06 10:22:11 INFO  o.s.b.d.a.OptionalLiveReloadServer - LiveReload server is running on port 35729
2025-08-06 10:22:11 INFO  o.s.b.w.e.tomcat.TomcatWebServer - Tomcat started on port(s): 8080 (http) with context path ''
2025-08-06 10:22:11 INFO  c.d.factoraje.FactorajeApplication - Started FactorajeApplication in 2.122 seconds (JVM running for 2.267)
2025-08-06 10:23:11 INFO  o.s.o.j.LocalContainerEntityManagerFactoryBean - Closing JPA EntityManagerFactory for persistence unit 'default'
2025-08-06 10:23:11 INFO  com.zaxxer.hikari.HikariDataSource - HikariPool-1 - Shutdown initiated...
2025-08-06 10:23:11 INFO  com.zaxxer.hikari.HikariDataSource - HikariPool-1 - Shutdown completed.
2025-08-06 10:23:12 INFO  c.d.factoraje.FactorajeApplication - Starting FactorajeApplication using Java 1.8.0_462 on MacBook-Air-de-Carlos.local with PID 57924 (/Users/ch/Documents/DEV/Davicash/server-davicash/target/classes started by ch in /Users/ch/Documents/DEV/Davicash/server-davicash)
2025-08-06 10:23:12 INFO  c.d.factoraje.FactorajeApplication - No active profile set, falling back to 1 default profile: "default"
2025-08-06 10:23:12 INFO  o.s.b.d.e.DevToolsPropertyDefaultsPostProcessor - Devtools property defaults active! Set 'spring.devtools.add-properties' to 'false' to disable
2025-08-06 10:23:12 INFO  o.s.b.d.e.DevToolsPropertyDefaultsPostProcessor - For additional web related logging consider setting the 'logging.level.web' property to 'DEBUG'
2025-08-06 10:23:12 INFO  o.s.d.r.c.RepositoryConfigurationDelegate - Bootstrapping Spring Data JPA repositories in DEFAULT mode.
2025-08-06 10:23:12 INFO  o.s.d.r.c.RepositoryConfigurationDelegate - Finished Spring Data repository scanning in 27 ms. Found 8 JPA repository interfaces.
2025-08-06 10:23:12 INFO  o.s.b.w.e.tomcat.TomcatWebServer - Tomcat initialized with port(s): 8080 (http)
2025-08-06 10:23:12 INFO  o.a.catalina.core.StandardService - Starting service [Tomcat]
2025-08-06 10:23:12 INFO  o.a.catalina.core.StandardEngine - Starting Servlet engine: [Apache Tomcat/9.0.83]
2025-08-06 10:23:12 INFO  o.a.c.c.C.[Tomcat].[localhost].[/] - Initializing Spring embedded WebApplicationContext
2025-08-06 10:23:12 INFO  o.s.b.w.s.c.ServletWebServerApplicationContext - Root WebApplicationContext: initialization completed in 586 ms
2025-08-06 10:23:12 INFO  o.h.jpa.internal.util.LogHelper - HHH000204: Processing PersistenceUnitInfo [name: default]
2025-08-06 10:23:12 INFO  org.hibernate.Version - HHH000412: Hibernate ORM core version 5.6.15.Final
2025-08-06 10:23:13 INFO  o.h.annotations.common.Version - HCANN000001: Hibernate Commons Annotations {5.1.2.Final}
2025-08-06 10:23:13 INFO  com.zaxxer.hikari.HikariDataSource - HikariPool-1 - Starting...
2025-08-06 10:23:13 INFO  com.zaxxer.hikari.HikariDataSource - HikariPool-1 - Start completed.
2025-08-06 10:23:13 INFO  org.hibernate.dialect.Dialect - HHH000400: Using dialect: org.hibernate.dialect.PostgreSQLDialect
2025-08-06 10:23:13 INFO  o.h.e.t.j.p.i.JtaPlatformInitiator - HHH000490: Using JtaPlatform implementation: [org.hibernate.engine.transaction.jta.platform.internal.NoJtaPlatform]
2025-08-06 10:23:13 INFO  o.s.o.j.LocalContainerEntityManagerFactoryBean - Initialized JPA EntityManagerFactory for persistence unit 'default'
2025-08-06 10:23:13 INFO  c.d.factoraje.service.RoleService - RoleService initialized
2025-08-06 10:23:13 INFO  c.d.factoraje.service.UserService - UserService initialized
2025-08-06 10:23:13 INFO  c.d.factoraje.service.EntityService - EntityService initialized
2025-08-06 10:23:13 INFO  c.d.f.service.DocumentService - DocumentService initialized
2025-08-06 10:23:13 INFO  c.d.f.service.AgreementService - AgreementService initialized
2025-08-06 10:23:13 INFO  c.d.f.controller.AgreementController - AgreementController initialized
2025-08-06 10:23:13 INFO  c.d.f.controller.AuthController - AuthController initialized
2025-08-06 10:23:13 INFO  c.d.f.controller.DocumentController - DocumentController initialized
2025-08-06 10:23:13 INFO  c.d.f.controller.EntityController - EntityController initialized
2025-08-06 10:23:13 INFO  c.d.f.c.OperationsController - OperationsController initialized
2025-08-06 10:23:13 INFO  c.d.f.service.PermissionService - PermissionService initialized
2025-08-06 10:23:13 INFO  c.d.f.c.PermissionController - PermissionController initialized
2025-08-06 10:23:13 INFO  c.d.f.c.ProcessFileController - ProcessFileController initialized
2025-08-06 10:23:13 INFO  c.d.f.controller.RoleController - RoleController initialized
2025-08-06 10:23:13 INFO  c.d.f.controller.DocumentController - UserController initialized
2025-08-06 10:23:13 WARN  o.s.b.a.o.j.JpaBaseConfiguration$JpaWebConfiguration - spring.jpa.open-in-view is enabled by default. Therefore, database queries may be performed during view rendering. Explicitly configure spring.jpa.open-in-view to disable this warning
2025-08-06 10:23:14 INFO  o.s.b.d.a.OptionalLiveReloadServer - LiveReload server is running on port 35729
2025-08-06 10:23:14 INFO  o.s.b.w.e.tomcat.TomcatWebServer - Tomcat started on port(s): 8080 (http) with context path ''
2025-08-06 10:23:14 INFO  c.d.factoraje.FactorajeApplication - Started FactorajeApplication in 1.965 seconds (JVM running for 2.109)
2025-08-06 10:24:08 INFO  o.a.c.c.C.[Tomcat].[localhost].[/] - Initializing Spring DispatcherServlet 'dispatcherServlet'
2025-08-06 10:24:08 INFO  o.s.web.servlet.DispatcherServlet - Initializing Servlet 'dispatcherServlet'
2025-08-06 10:24:08 INFO  o.s.web.servlet.DispatcherServlet - Completed initialization in 2 ms
2025-08-06 10:24:08 INFO  c.d.f.controller.DocumentController - GET /api/users/user - fetch logged user data
2025-08-06 10:24:08 INFO  c.d.f.controller.DocumentController - User found for DUI 063062817
2025-08-06 10:24:10 INFO  c.d.f.controller.AgreementController - GET /api/agreement/getAll - fetching all agreements
2025-08-06 10:24:10 INFO  c.d.f.controller.AgreementController - Found 2 agreements
2025-08-06 10:24:28 INFO  c.d.f.controller.AgreementController - GET /api/agreement/getAll - fetching all agreements
2025-08-06 10:24:28 INFO  c.d.f.controller.AgreementController - Found 0 agreements
2025-08-06 10:24:43 INFO  c.d.f.controller.DocumentController - GET /api/users/user - fetch logged user data
2025-08-06 10:24:43 INFO  c.d.f.controller.DocumentController - User found for DUI 063062817
2025-08-06 10:24:43 INFO  c.d.f.controller.AgreementController - GET /api/agreement/getAll - fetching all agreements
2025-08-06 10:24:43 INFO  c.d.f.controller.AgreementController - Found 0 agreements
2025-08-06 10:25:14 INFO  c.d.f.controller.EntityController - GET /api/entities/type?isEntityType=true
2025-08-06 10:25:14 INFO  c.d.f.controller.EntityController - Found 3 entities for type true
2025-08-06 10:25:24 INFO  c.d.f.c.ProcessFileController - POST /api/archivos/upload-excel - file=Pruebados.xlsx, payerId=5c3bbe6e-a2da-4022-aa1d-353a83a12d62, userId=a0717a38-2c87-4748-9ddf-1f60c06f05fa
2025-08-06 10:25:24 INFO  c.d.f.service.AgreementService - Agreement not found for identifier {}
2025-08-06 10:25:24 INFO  c.d.f.service.AgreementService - Agreement not found for identifier {}
2025-08-06 10:25:24 INFO  c.d.f.c.ProcessFileController - File processed successfully: Archivo procesado. 18 registros guardados en la base de datos. rows saved
2025-08-06 10:25:27 INFO  c.d.f.controller.AuthController - POST /api/auth/logout - logout attempt
2025-08-06 10:25:27 INFO  c.d.f.controller.AuthController - Logout successful
2025-08-06 10:25:34 INFO  c.d.f.controller.DocumentController - GET /api/users/user - fetch logged user data
2025-08-06 10:25:34 INFO  c.d.f.controller.DocumentController - User found for DUI 063062813
2025-08-06 10:25:34 INFO  c.d.f.controller.AgreementController - GET /api/agreement/bySupplier/27779d8e-1987-43b1-9682-7614761032a5 - fetch agreements by supplier
2025-08-06 10:25:34 INFO  c.d.f.controller.AgreementController - Found 1 agreements for supplier 27779d8e-1987-43b1-9682-7614761032a5
2025-08-06 10:25:38 INFO  c.d.f.controller.EntityController - GET /api/entities/27779d8e-1987-43b1-9682-7614761032a5 - get entity by id
2025-08-06 10:25:38 INFO  c.d.f.controller.EntityController - Entity found for id=27779d8e-1987-43b1-9682-7614761032a5
2025-08-06 10:25:38 INFO  c.d.f.c.OperationsController - POST /api/operations/calculate - Received 2 calculation items
2025-08-06 10:25:38 INFO  c.d.f.service.OperationsService - Starting calculate() for 2 items
2025-08-06 10:25:38 INFO  c.d.f.service.OperationsService - Calculating percentage for interestRate=0.18, base=360.0, days=56
2025-08-06 10:25:38 INFO  c.d.f.service.OperationsService - Calculating percentage for interestRate=0.18, base=360.0, days=56
2025-08-06 10:25:38 INFO  c.d.f.service.OperationsService - Calculation completed: totals - amountToFinance=29094.06614785992, interests=814.6338521400778, commissions=72.7351653696498, amountToBeDisbursed=29021.33098249027
2025-08-06 10:25:38 INFO  c.d.f.c.OperationsController - Calculation successful for 2 items
2025-08-06 10:26:36 INFO  c.d.f.c.OperationsController - POST /api/operations/calculate - Received 1 calculation items
2025-08-06 10:26:36 INFO  c.d.f.service.OperationsService - Starting calculate() for 1 items
2025-08-06 10:26:36 INFO  c.d.f.service.OperationsService - Calculating percentage for interestRate=0.18, base=360.0, days=56
2025-08-06 10:26:36 INFO  c.d.f.service.OperationsService - Calculation completed: totals - amountToFinance=22812.06225680934, interests=638.7377431906615, commissions=57.030155642023345, amountToBeDisbursed=22755.032101167315
2025-08-06 10:26:36 INFO  c.d.f.c.OperationsController - Calculation successful for 1 items
2025-08-06 10:26:37 INFO  c.d.f.c.OperationsController - POST /api/operations/calculate - Received 2 calculation items
2025-08-06 10:26:37 INFO  c.d.f.service.OperationsService - Starting calculate() for 2 items
2025-08-06 10:26:37 INFO  c.d.f.service.OperationsService - Calculating percentage for interestRate=0.18, base=360.0, days=56
2025-08-06 10:26:37 INFO  c.d.f.service.OperationsService - Calculating percentage for interestRate=0.18, base=360.0, days=56
2025-08-06 10:26:37 INFO  c.d.f.service.OperationsService - Calculation completed: totals - amountToFinance=29094.06614785992, interests=814.6338521400778, commissions=72.7351653696498, amountToBeDisbursed=29021.33098249027
2025-08-06 10:26:37 INFO  c.d.f.c.OperationsController - Calculation successful for 2 items
2025-08-06 10:26:37 INFO  c.d.f.c.OperationsController - POST /api/operations/calculate - Received 1 calculation items
2025-08-06 10:26:37 INFO  c.d.f.service.OperationsService - Starting calculate() for 1 items
2025-08-06 10:26:37 INFO  c.d.f.service.OperationsService - Calculating percentage for interestRate=0.18, base=360.0, days=56
2025-08-06 10:26:37 INFO  c.d.f.service.OperationsService - Calculation completed: totals - amountToFinance=22812.06225680934, interests=638.7377431906615, commissions=57.030155642023345, amountToBeDisbursed=22755.032101167315
2025-08-06 10:26:37 INFO  c.d.f.c.OperationsController - Calculation successful for 1 items
2025-08-06 10:26:39 INFO  c.d.f.c.OperationsController - POST /api/operations/calculate - Received 1 calculation items
2025-08-06 10:26:39 INFO  c.d.f.service.OperationsService - Starting calculate() for 1 items
2025-08-06 10:26:39 INFO  c.d.f.service.OperationsService - Calculating percentage for interestRate=0.18, base=360.0, days=56
2025-08-06 10:26:39 INFO  c.d.f.service.OperationsService - Calculation completed: totals - amountToFinance=22812.06225680934, interests=638.7377431906615, commissions=57.030155642023345, amountToBeDisbursed=22755.032101167315
2025-08-06 10:26:39 INFO  c.d.f.c.OperationsController - Calculation successful for 1 items
2025-08-06 10:28:27 INFO  o.s.b.d.a.LocalDevToolsAutoConfiguration$RestartingClassPathChangeChangedEventListener - Restarting due to 2 class path changes (0 additions, 0 deletions, 2 modifications)
2025-08-06 10:28:27 INFO  o.a.catalina.core.StandardService - Stopping service [Tomcat]
2025-08-06 10:28:27 INFO  o.a.c.c.C.[Tomcat].[localhost].[/] - Destroying Spring FrameworkServlet 'dispatcherServlet'
2025-08-06 10:28:27 INFO  o.s.o.j.LocalContainerEntityManagerFactoryBean - Closing JPA EntityManagerFactory for persistence unit 'default'
2025-08-06 10:28:27 INFO  com.zaxxer.hikari.HikariDataSource - HikariPool-1 - Shutdown initiated...
2025-08-06 10:28:27 INFO  com.zaxxer.hikari.HikariDataSource - HikariPool-1 - Shutdown completed.
2025-08-06 14:25:04 INFO  c.d.factoraje.FactorajeApplication - Starting FactorajeApplication using Java 1.8.0_462 on MacBook-Air-de-Carlos.local with PID 65297 (/Users/ch/Documents/DEV/Davicash/server-davicash/target/classes started by ch in /Users/ch/Documents/DEV/Davicash/server-davicash)
2025-08-06 14:25:04 INFO  c.d.factoraje.FactorajeApplication - No active profile set, falling back to 1 default profile: "default"
2025-08-06 14:25:04 INFO  o.s.b.d.e.DevToolsPropertyDefaultsPostProcessor - Devtools property defaults active! Set 'spring.devtools.add-properties' to 'false' to disable
2025-08-06 14:25:04 INFO  o.s.b.d.e.DevToolsPropertyDefaultsPostProcessor - For additional web related logging consider setting the 'logging.level.web' property to 'DEBUG'
2025-08-06 14:25:05 INFO  o.s.d.r.c.RepositoryConfigurationDelegate - Bootstrapping Spring Data JPA repositories in DEFAULT mode.
2025-08-06 14:25:05 INFO  o.s.d.r.c.RepositoryConfigurationDelegate - Finished Spring Data repository scanning in 27 ms. Found 8 JPA repository interfaces.
2025-08-06 14:25:05 INFO  o.s.b.w.e.tomcat.TomcatWebServer - Tomcat initialized with port(s): 8080 (http)
2025-08-06 14:25:05 INFO  o.a.catalina.core.StandardService - Starting service [Tomcat]
2025-08-06 14:25:05 INFO  o.a.catalina.core.StandardEngine - Starting Servlet engine: [Apache Tomcat/9.0.83]
2025-08-06 14:25:05 INFO  o.a.c.c.C.[Tomcat].[localhost].[/] - Initializing Spring embedded WebApplicationContext
2025-08-06 14:25:05 INFO  o.s.b.w.s.c.ServletWebServerApplicationContext - Root WebApplicationContext: initialization completed in 651 ms
2025-08-06 14:25:05 INFO  o.h.jpa.internal.util.LogHelper - HHH000204: Processing PersistenceUnitInfo [name: default]
2025-08-06 14:25:05 INFO  org.hibernate.Version - HHH000412: Hibernate ORM core version 5.6.15.Final
2025-08-06 14:25:05 INFO  o.h.annotations.common.Version - HCANN000001: Hibernate Commons Annotations {5.1.2.Final}
2025-08-06 14:25:05 INFO  com.zaxxer.hikari.HikariDataSource - HikariPool-1 - Starting...
2025-08-06 14:25:05 INFO  com.zaxxer.hikari.HikariDataSource - HikariPool-1 - Start completed.
2025-08-06 14:25:05 INFO  org.hibernate.dialect.Dialect - HHH000400: Using dialect: org.hibernate.dialect.PostgreSQLDialect
2025-08-06 14:25:06 INFO  o.h.e.t.j.p.i.JtaPlatformInitiator - HHH000490: Using JtaPlatform implementation: [org.hibernate.engine.transaction.jta.platform.internal.NoJtaPlatform]
2025-08-06 14:25:06 INFO  o.s.o.j.LocalContainerEntityManagerFactoryBean - Initialized JPA EntityManagerFactory for persistence unit 'default'
2025-08-06 14:25:06 INFO  c.d.factoraje.service.RoleService - RoleService initialized
2025-08-06 14:25:06 INFO  c.d.factoraje.service.UserService - UserService initialized
2025-08-06 14:25:06 INFO  c.d.factoraje.service.EntityService - EntityService initialized
2025-08-06 14:25:06 INFO  c.d.f.service.DocumentService - DocumentService initialized
2025-08-06 14:25:06 INFO  c.d.f.service.AgreementService - AgreementService initialized
2025-08-06 14:25:06 INFO  c.d.f.controller.AgreementController - AgreementController initialized
2025-08-06 14:25:06 INFO  c.d.f.controller.AuthController - AuthController initialized
2025-08-06 14:25:06 INFO  c.d.f.controller.DocumentController - DocumentController initialized
2025-08-06 14:25:06 INFO  c.d.f.controller.EntityController - EntityController initialized
2025-08-06 14:25:06 INFO  c.d.f.service.OperationsService - Parámetros cargados → interest=0, commission=0, base=1
2025-08-06 14:25:06 INFO  c.d.f.c.OperationsController - OperationsController initialized
2025-08-06 14:25:06 INFO  c.d.f.service.PermissionService - PermissionService initialized
2025-08-06 14:25:06 INFO  c.d.f.c.PermissionController - PermissionController initialized
2025-08-06 14:25:06 INFO  c.d.f.c.ProcessFileController - ProcessFileController initialized
2025-08-06 14:25:06 INFO  c.d.f.controller.RoleController - RoleController initialized
2025-08-06 14:25:06 INFO  c.d.f.controller.DocumentController - UserController initialized
2025-08-06 14:25:06 WARN  o.s.b.a.o.j.JpaBaseConfiguration$JpaWebConfiguration - spring.jpa.open-in-view is enabled by default. Therefore, database queries may be performed during view rendering. Explicitly configure spring.jpa.open-in-view to disable this warning
2025-08-06 14:25:06 INFO  o.s.b.d.a.OptionalLiveReloadServer - LiveReload server is running on port 35729
2025-08-06 14:25:06 INFO  o.s.b.w.e.tomcat.TomcatWebServer - Tomcat started on port(s): 8080 (http) with context path ''
2025-08-06 14:25:06 INFO  c.d.factoraje.FactorajeApplication - Started FactorajeApplication in 2.152 seconds (JVM running for 2.343)
2025-08-06 14:30:53 INFO  o.s.o.j.LocalContainerEntityManagerFactoryBean - Closing JPA EntityManagerFactory for persistence unit 'default'
2025-08-06 14:30:53 INFO  com.zaxxer.hikari.HikariDataSource - HikariPool-1 - Shutdown initiated...
2025-08-06 14:30:53 INFO  com.zaxxer.hikari.HikariDataSource - HikariPool-1 - Shutdown completed.
2025-08-06 14:30:54 INFO  c.d.factoraje.FactorajeApplication - Starting FactorajeApplication using Java 1.8.0_462 on MacBook-Air-de-Carlos.local with PID 65810 (/Users/ch/Documents/DEV/Davicash/server-davicash/target/classes started by ch in /Users/ch/Documents/DEV/Davicash/server-davicash)
2025-08-06 14:30:54 INFO  c.d.factoraje.FactorajeApplication - No active profile set, falling back to 1 default profile: "default"
2025-08-06 14:30:54 INFO  o.s.b.d.e.DevToolsPropertyDefaultsPostProcessor - Devtools property defaults active! Set 'spring.devtools.add-properties' to 'false' to disable
2025-08-06 14:30:54 INFO  o.s.b.d.e.DevToolsPropertyDefaultsPostProcessor - For additional web related logging consider setting the 'logging.level.web' property to 'DEBUG'
2025-08-06 14:30:55 INFO  o.s.d.r.c.RepositoryConfigurationDelegate - Bootstrapping Spring Data JPA repositories in DEFAULT mode.
2025-08-06 14:30:55 INFO  o.s.d.r.c.RepositoryConfigurationDelegate - Finished Spring Data repository scanning in 29 ms. Found 8 JPA repository interfaces.
2025-08-06 14:30:55 INFO  o.s.b.w.e.tomcat.TomcatWebServer - Tomcat initialized with port(s): 8080 (http)
2025-08-06 14:30:55 INFO  o.a.catalina.core.StandardService - Starting service [Tomcat]
2025-08-06 14:30:55 INFO  o.a.catalina.core.StandardEngine - Starting Servlet engine: [Apache Tomcat/9.0.83]
2025-08-06 14:30:55 INFO  o.a.c.c.C.[Tomcat].[localhost].[/] - Initializing Spring embedded WebApplicationContext
2025-08-06 14:30:55 INFO  o.s.b.w.s.c.ServletWebServerApplicationContext - Root WebApplicationContext: initialization completed in 639 ms
2025-08-06 14:30:55 INFO  o.h.jpa.internal.util.LogHelper - HHH000204: Processing PersistenceUnitInfo [name: default]
2025-08-06 14:30:55 INFO  org.hibernate.Version - HHH000412: Hibernate ORM core version 5.6.15.Final
2025-08-06 14:30:55 INFO  o.h.annotations.common.Version - HCANN000001: Hibernate Commons Annotations {5.1.2.Final}
2025-08-06 14:30:55 INFO  com.zaxxer.hikari.HikariDataSource - HikariPool-1 - Starting...
2025-08-06 14:30:55 INFO  com.zaxxer.hikari.HikariDataSource - HikariPool-1 - Start completed.
2025-08-06 14:30:55 INFO  org.hibernate.dialect.Dialect - HHH000400: Using dialect: org.hibernate.dialect.PostgreSQLDialect
2025-08-06 14:30:56 INFO  o.h.e.t.j.p.i.JtaPlatformInitiator - HHH000490: Using JtaPlatform implementation: [org.hibernate.engine.transaction.jta.platform.internal.NoJtaPlatform]
2025-08-06 14:30:56 INFO  o.s.o.j.LocalContainerEntityManagerFactoryBean - Initialized JPA EntityManagerFactory for persistence unit 'default'
2025-08-06 14:30:56 INFO  c.d.factoraje.service.RoleService - RoleService initialized
2025-08-06 14:30:56 INFO  c.d.factoraje.service.UserService - UserService initialized
2025-08-06 14:30:56 INFO  c.d.factoraje.service.EntityService - EntityService initialized
2025-08-06 14:30:56 INFO  c.d.f.service.DocumentService - DocumentService initialized
2025-08-06 14:30:56 INFO  c.d.f.service.AgreementService - AgreementService initialized
2025-08-06 14:30:56 INFO  c.d.f.controller.AgreementController - AgreementController initialized
2025-08-06 14:30:56 INFO  c.d.f.controller.AuthController - AuthController initialized
2025-08-06 14:30:56 INFO  c.d.f.controller.DocumentController - DocumentController initialized
2025-08-06 14:30:56 INFO  c.d.f.controller.EntityController - EntityController initialized
2025-08-06 14:30:56 INFO  c.d.f.service.OperationsService - Parámetros cargados → interest=0, commission=0, base=1
2025-08-06 14:30:56 INFO  c.d.f.c.OperationsController - OperationsController initialized
2025-08-06 14:30:56 INFO  c.d.f.service.PermissionService - PermissionService initialized
2025-08-06 14:30:56 INFO  c.d.f.c.PermissionController - PermissionController initialized
2025-08-06 14:30:56 INFO  c.d.f.c.ProcessFileController - ProcessFileController initialized
2025-08-06 14:30:56 INFO  c.d.f.controller.RoleController - RoleController initialized
2025-08-06 14:30:56 INFO  c.d.f.controller.DocumentController - UserController initialized
2025-08-06 14:30:56 WARN  o.s.b.a.o.j.JpaBaseConfiguration$JpaWebConfiguration - spring.jpa.open-in-view is enabled by default. Therefore, database queries may be performed during view rendering. Explicitly configure spring.jpa.open-in-view to disable this warning
2025-08-06 14:30:56 INFO  o.s.b.d.a.OptionalLiveReloadServer - LiveReload server is running on port 35729
2025-08-06 14:30:56 INFO  o.s.b.w.e.tomcat.TomcatWebServer - Tomcat started on port(s): 8080 (http) with context path ''
2025-08-06 14:30:56 INFO  c.d.factoraje.FactorajeApplication - Started FactorajeApplication in 2.063 seconds (JVM running for 2.216)
2025-08-06 14:33:14 INFO  o.s.o.j.LocalContainerEntityManagerFactoryBean - Closing JPA EntityManagerFactory for persistence unit 'default'
2025-08-06 14:33:14 INFO  com.zaxxer.hikari.HikariDataSource - HikariPool-1 - Shutdown initiated...
2025-08-06 14:33:14 INFO  com.zaxxer.hikari.HikariDataSource - HikariPool-1 - Shutdown completed.
2025-08-06 14:33:15 INFO  c.d.factoraje.FactorajeApplication - Starting FactorajeApplication using Java 1.8.0_462 on MacBook-Air-de-Carlos.local with PID 66282 (/Users/ch/Documents/DEV/Davicash/server-davicash/target/classes started by ch in /Users/ch/Documents/DEV/Davicash/server-davicash)
2025-08-06 14:33:15 INFO  c.d.factoraje.FactorajeApplication - No active profile set, falling back to 1 default profile: "default"
2025-08-06 14:33:15 INFO  o.s.b.d.e.DevToolsPropertyDefaultsPostProcessor - Devtools property defaults active! Set 'spring.devtools.add-properties' to 'false' to disable
2025-08-06 14:33:15 INFO  o.s.b.d.e.DevToolsPropertyDefaultsPostProcessor - For additional web related logging consider setting the 'logging.level.web' property to 'DEBUG'
2025-08-06 14:33:15 INFO  o.s.d.r.c.RepositoryConfigurationDelegate - Bootstrapping Spring Data JPA repositories in DEFAULT mode.
2025-08-06 14:33:15 INFO  o.s.d.r.c.RepositoryConfigurationDelegate - Finished Spring Data repository scanning in 27 ms. Found 8 JPA repository interfaces.
2025-08-06 14:33:16 INFO  o.s.b.w.e.tomcat.TomcatWebServer - Tomcat initialized with port(s): 8080 (http)
2025-08-06 14:33:16 INFO  o.a.catalina.core.StandardService - Starting service [Tomcat]
2025-08-06 14:33:16 INFO  o.a.catalina.core.StandardEngine - Starting Servlet engine: [Apache Tomcat/9.0.83]
2025-08-06 14:33:16 INFO  o.a.c.c.C.[Tomcat].[localhost].[/] - Initializing Spring embedded WebApplicationContext
2025-08-06 14:33:16 INFO  o.s.b.w.s.c.ServletWebServerApplicationContext - Root WebApplicationContext: initialization completed in 615 ms
2025-08-06 14:33:16 INFO  o.h.jpa.internal.util.LogHelper - HHH000204: Processing PersistenceUnitInfo [name: default]
2025-08-06 14:33:16 INFO  org.hibernate.Version - HHH000412: Hibernate ORM core version 5.6.15.Final
2025-08-06 14:33:16 INFO  o.h.annotations.common.Version - HCANN000001: Hibernate Commons Annotations {5.1.2.Final}
2025-08-06 14:33:16 INFO  com.zaxxer.hikari.HikariDataSource - HikariPool-1 - Starting...
2025-08-06 14:33:16 INFO  com.zaxxer.hikari.HikariDataSource - HikariPool-1 - Start completed.
2025-08-06 14:33:16 INFO  org.hibernate.dialect.Dialect - HHH000400: Using dialect: org.hibernate.dialect.PostgreSQLDialect
2025-08-06 14:33:17 INFO  o.h.e.t.j.p.i.JtaPlatformInitiator - HHH000490: Using JtaPlatform implementation: [org.hibernate.engine.transaction.jta.platform.internal.NoJtaPlatform]
2025-08-06 14:33:17 INFO  o.s.o.j.LocalContainerEntityManagerFactoryBean - Initialized JPA EntityManagerFactory for persistence unit 'default'
2025-08-06 14:33:17 INFO  c.d.factoraje.service.RoleService - RoleService initialized
2025-08-06 14:33:17 INFO  c.d.factoraje.service.UserService - UserService initialized
2025-08-06 14:33:17 INFO  c.d.factoraje.service.EntityService - EntityService initialized
2025-08-06 14:33:17 INFO  c.d.f.service.DocumentService - DocumentService initialized
2025-08-06 14:33:17 INFO  c.d.f.service.AgreementService - AgreementService initialized
2025-08-06 14:33:17 INFO  c.d.f.controller.AgreementController - AgreementController initialized
2025-08-06 14:33:17 INFO  c.d.f.controller.AuthController - AuthController initialized
2025-08-06 14:33:17 INFO  c.d.f.controller.DocumentController - DocumentController initialized
2025-08-06 14:33:17 INFO  c.d.f.controller.EntityController - EntityController initialized
2025-08-06 14:33:17 INFO  c.d.f.service.OperationsService - Parámetros cargados → interest=0, commission=0, base=1
2025-08-06 14:33:17 INFO  c.d.f.c.OperationsController - OperationsController initialized
2025-08-06 14:33:17 INFO  c.d.f.service.PermissionService - PermissionService initialized
2025-08-06 14:33:17 INFO  c.d.f.c.PermissionController - PermissionController initialized
2025-08-06 14:33:17 INFO  c.d.f.c.ProcessFileController - ProcessFileController initialized
2025-08-06 14:33:17 INFO  c.d.f.controller.RoleController - RoleController initialized
2025-08-06 14:33:17 INFO  c.d.f.controller.DocumentController - UserController initialized
2025-08-06 14:33:17 WARN  o.s.b.a.o.j.JpaBaseConfiguration$JpaWebConfiguration - spring.jpa.open-in-view is enabled by default. Therefore, database queries may be performed during view rendering. Explicitly configure spring.jpa.open-in-view to disable this warning
2025-08-06 14:33:17 INFO  o.s.b.d.a.OptionalLiveReloadServer - LiveReload server is running on port 35729
2025-08-06 14:33:17 INFO  o.s.b.w.e.tomcat.TomcatWebServer - Tomcat started on port(s): 8080 (http) with context path ''
2025-08-06 14:33:17 INFO  c.d.factoraje.FactorajeApplication - Started FactorajeApplication in 2.051 seconds (JVM running for 2.207)
2025-08-06 14:34:18 INFO  o.a.c.c.C.[Tomcat].[localhost].[/] - Initializing Spring DispatcherServlet 'dispatcherServlet'
2025-08-06 14:34:18 INFO  o.s.web.servlet.DispatcherServlet - Initializing Servlet 'dispatcherServlet'
2025-08-06 14:34:18 INFO  o.s.web.servlet.DispatcherServlet - Completed initialization in 1 ms
2025-08-06 14:34:18 INFO  c.d.f.controller.DocumentController - GET /api/users/user - fetch logged user data
2025-08-06 14:34:18 INFO  c.d.f.controller.DocumentController - User found for DUI 063062814
2025-08-06 14:34:18 INFO  c.d.f.controller.AgreementController - GET /api/agreement/bySupplier/f6629adb-bf45-4143-846c-f77e78e39310 - fetch agreements by supplier
2025-08-06 14:34:18 INFO  c.d.f.controller.AgreementController - Found 1 agreements for supplier f6629adb-bf45-4143-846c-f77e78e39310
2025-08-06 14:34:21 INFO  c.d.f.controller.EntityController - GET /api/entities/f6629adb-bf45-4143-846c-f77e78e39310 - get entity by id
2025-08-06 14:34:21 INFO  c.d.f.controller.EntityController - Entity found for id=f6629adb-bf45-4143-846c-f77e78e39310
2025-08-06 14:34:21 INFO  c.d.f.c.OperationsController - POST /api/operations/calculate - Received 4 calculation items
2025-08-06 14:34:21 INFO  c.d.f.service.OperationsService - Starting calculate() for 4 items
2025-08-06 14:34:21 INFO  c.d.f.service.OperationsService - Totals → finance=42905.39, interests=0.00, commission=0.00, disburse=42905.39
2025-08-06 14:34:21 INFO  c.d.f.c.OperationsController - Calculation successful for 4 items
2025-08-06 14:34:27 INFO  c.d.f.c.OperationsController - POST /api/operations/calculate - Received 3 calculation items
2025-08-06 14:34:27 INFO  c.d.f.service.OperationsService - Starting calculate() for 3 items
2025-08-06 14:34:27 INFO  c.d.f.service.OperationsService - Totals → finance=41615.06, interests=0.00, commission=0.00, disburse=41615.06
2025-08-06 14:34:27 INFO  c.d.f.c.OperationsController - Calculation successful for 3 items
2025-08-06 14:34:28 INFO  c.d.f.c.OperationsController - POST /api/operations/calculate - Received 4 calculation items
2025-08-06 14:34:28 INFO  c.d.f.service.OperationsService - Starting calculate() for 4 items
2025-08-06 14:34:28 INFO  c.d.f.service.OperationsService - Totals → finance=42905.39, interests=0.00, commission=0.00, disburse=42905.39
2025-08-06 14:34:28 INFO  c.d.f.c.OperationsController - Calculation successful for 4 items
2025-08-06 14:34:29 INFO  c.d.f.c.OperationsController - POST /api/operations/calculate - Received 3 calculation items
2025-08-06 14:34:29 INFO  c.d.f.service.OperationsService - Starting calculate() for 3 items
2025-08-06 14:34:29 INFO  c.d.f.service.OperationsService - Totals → finance=41404.61, interests=0.00, commission=0.00, disburse=41404.61
2025-08-06 14:34:29 INFO  c.d.f.c.OperationsController - Calculation successful for 3 items
2025-08-06 14:34:30 INFO  c.d.f.c.OperationsController - POST /api/operations/calculate - Received 4 calculation items
2025-08-06 14:34:30 INFO  c.d.f.service.OperationsService - Starting calculate() for 4 items
2025-08-06 14:34:30 INFO  c.d.f.service.OperationsService - Totals → finance=42905.39, interests=0.00, commission=0.00, disburse=42905.39
2025-08-06 14:34:30 INFO  c.d.f.c.OperationsController - Calculation successful for 4 items
2025-08-06 14:34:30 INFO  c.d.f.c.OperationsController - POST /api/operations/calculate - Received 3 calculation items
2025-08-06 14:34:30 INFO  c.d.f.service.OperationsService - Starting calculate() for 3 items
2025-08-06 14:34:30 INFO  c.d.f.service.OperationsService - Totals → finance=41615.06, interests=0.00, commission=0.00, disburse=41615.06
2025-08-06 14:34:30 INFO  c.d.f.c.OperationsController - Calculation successful for 3 items
2025-08-06 14:34:31 INFO  c.d.f.c.OperationsController - POST /api/operations/calculate - Received 4 calculation items
2025-08-06 14:34:31 INFO  c.d.f.service.OperationsService - Starting calculate() for 4 items
2025-08-06 14:34:31 INFO  c.d.f.service.OperationsService - Totals → finance=42905.39, interests=0.00, commission=0.00, disburse=42905.39
2025-08-06 14:34:31 INFO  c.d.f.c.OperationsController - Calculation successful for 4 items
2025-08-06 14:36:20 INFO  o.s.b.d.a.LocalDevToolsAutoConfiguration$RestartingClassPathChangeChangedEventListener - Restarting due to 1 class path change (0 additions, 0 deletions, 1 modification)
2025-08-06 14:36:20 INFO  o.a.catalina.core.StandardService - Stopping service [Tomcat]
2025-08-06 14:36:20 INFO  o.a.c.c.C.[Tomcat].[localhost].[/] - Destroying Spring FrameworkServlet 'dispatcherServlet'
2025-08-06 14:36:20 INFO  o.s.o.j.LocalContainerEntityManagerFactoryBean - Closing JPA EntityManagerFactory for persistence unit 'default'
2025-08-06 14:36:20 INFO  com.zaxxer.hikari.HikariDataSource - HikariPool-1 - Shutdown initiated...
2025-08-06 14:36:20 INFO  com.zaxxer.hikari.HikariDataSource - HikariPool-1 - Shutdown completed.
2025-08-06 15:01:35 INFO  c.d.factoraje.FactorajeApplication - Starting FactorajeApplication using Java 1.8.0_462 on MacBook-Air-de-Carlos.local with PID 67494 (/Users/ch/Documents/DEV/Davicash/server-davicash/target/classes started by ch in /Users/ch/Documents/DEV/Davicash/server-davicash)
2025-08-06 15:01:35 INFO  c.d.factoraje.FactorajeApplication - No active profile set, falling back to 1 default profile: "default"
2025-08-06 15:01:35 INFO  o.s.b.d.e.DevToolsPropertyDefaultsPostProcessor - Devtools property defaults active! Set 'spring.devtools.add-properties' to 'false' to disable
2025-08-06 15:01:35 INFO  o.s.b.d.e.DevToolsPropertyDefaultsPostProcessor - For additional web related logging consider setting the 'logging.level.web' property to 'DEBUG'
2025-08-06 15:01:35 INFO  o.s.d.r.c.RepositoryConfigurationDelegate - Bootstrapping Spring Data JPA repositories in DEFAULT mode.
2025-08-06 15:01:35 INFO  o.s.d.r.c.RepositoryConfigurationDelegate - Finished Spring Data repository scanning in 25 ms. Found 8 JPA repository interfaces.
2025-08-06 15:01:35 INFO  o.s.b.w.e.tomcat.TomcatWebServer - Tomcat initialized with port(s): 8080 (http)
2025-08-06 15:01:35 INFO  o.a.catalina.core.StandardService - Starting service [Tomcat]
2025-08-06 15:01:35 INFO  o.a.catalina.core.StandardEngine - Starting Servlet engine: [Apache Tomcat/9.0.83]
2025-08-06 15:01:35 INFO  o.a.c.c.C.[Tomcat].[localhost].[/] - Initializing Spring embedded WebApplicationContext
2025-08-06 15:01:35 INFO  o.s.b.w.s.c.ServletWebServerApplicationContext - Root WebApplicationContext: initialization completed in 600 ms
2025-08-06 15:01:35 INFO  o.h.jpa.internal.util.LogHelper - HHH000204: Processing PersistenceUnitInfo [name: default]
2025-08-06 15:01:35 INFO  org.hibernate.Version - HHH000412: Hibernate ORM core version 5.6.15.Final
2025-08-06 15:01:35 INFO  o.h.annotations.common.Version - HCANN000001: Hibernate Commons Annotations {5.1.2.Final}
2025-08-06 15:01:35 INFO  com.zaxxer.hikari.HikariDataSource - HikariPool-1 - Starting...
2025-08-06 15:01:35 INFO  com.zaxxer.hikari.HikariDataSource - HikariPool-1 - Start completed.
2025-08-06 15:01:35 INFO  org.hibernate.dialect.Dialect - HHH000400: Using dialect: org.hibernate.dialect.PostgreSQLDialect
2025-08-06 15:01:36 INFO  o.h.e.t.j.p.i.JtaPlatformInitiator - HHH000490: Using JtaPlatform implementation: [org.hibernate.engine.transaction.jta.platform.internal.NoJtaPlatform]
2025-08-06 15:01:36 INFO  o.s.o.j.LocalContainerEntityManagerFactoryBean - Initialized JPA EntityManagerFactory for persistence unit 'default'
2025-08-06 15:01:36 INFO  c.d.factoraje.service.RoleService - RoleService initialized
2025-08-06 15:01:36 INFO  c.d.factoraje.service.UserService - UserService initialized
2025-08-06 15:01:36 INFO  c.d.factoraje.service.EntityService - EntityService initialized
2025-08-06 15:01:36 INFO  c.d.f.service.DocumentService - DocumentService initialized
2025-08-06 15:01:36 INFO  c.d.f.service.AgreementService - AgreementService initialized
2025-08-06 15:01:36 INFO  c.d.f.controller.AgreementController - AgreementController initialized
2025-08-06 15:01:36 INFO  c.d.f.controller.AuthController - AuthController initialized
2025-08-06 15:01:36 INFO  c.d.f.controller.DocumentController - DocumentController initialized
2025-08-06 15:01:36 INFO  c.d.f.controller.EntityController - EntityController initialized
2025-08-06 15:01:36 INFO  c.d.f.service.OperationsService - OperationsService initialized
2025-08-06 15:01:36 INFO  c.d.f.c.OperationsController - OperationsController initialized
2025-08-06 15:01:36 INFO  c.d.f.service.PermissionService - PermissionService initialized
2025-08-06 15:01:36 INFO  c.d.f.c.PermissionController - PermissionController initialized
2025-08-06 15:01:36 INFO  c.d.f.c.ProcessFileController - ProcessFileController initialized
2025-08-06 15:01:36 INFO  c.d.f.controller.RoleController - RoleController initialized
2025-08-06 15:01:36 INFO  c.d.f.controller.DocumentController - UserController initialized
2025-08-06 15:01:36 WARN  o.s.b.a.o.j.JpaBaseConfiguration$JpaWebConfiguration - spring.jpa.open-in-view is enabled by default. Therefore, database queries may be performed during view rendering. Explicitly configure spring.jpa.open-in-view to disable this warning
2025-08-06 15:01:36 INFO  o.s.b.d.a.OptionalLiveReloadServer - LiveReload server is running on port 35729
2025-08-06 15:01:36 INFO  o.s.b.w.e.tomcat.TomcatWebServer - Tomcat started on port(s): 8080 (http) with context path ''
2025-08-06 15:01:36 INFO  c.d.factoraje.FactorajeApplication - Started FactorajeApplication in 2.06 seconds (JVM running for 2.218)
2025-08-06 15:02:00 INFO  o.a.c.c.C.[Tomcat].[localhost].[/] - Initializing Spring DispatcherServlet 'dispatcherServlet'
2025-08-06 15:02:00 INFO  o.s.web.servlet.DispatcherServlet - Initializing Servlet 'dispatcherServlet'
2025-08-06 15:02:00 INFO  o.s.web.servlet.DispatcherServlet - Completed initialization in 1 ms
2025-08-06 15:02:09 INFO  c.d.f.controller.DocumentController - GET /api/users/user - fetch logged user data
2025-08-06 15:02:09 INFO  c.d.f.controller.DocumentController - User found for DUI 063062814
2025-08-06 15:02:09 INFO  c.d.f.controller.AgreementController - GET /api/agreement/bySupplier/f6629adb-bf45-4143-846c-f77e78e39310 - fetch agreements by supplier
2025-08-06 15:02:09 INFO  c.d.f.controller.AgreementController - Found 1 agreements for supplier f6629adb-bf45-4143-846c-f77e78e39310
2025-08-06 15:02:12 INFO  c.d.f.controller.EntityController - GET /api/entities/f6629adb-bf45-4143-846c-f77e78e39310 - get entity by id
2025-08-06 15:02:12 INFO  c.d.f.controller.EntityController - Entity found for id=f6629adb-bf45-4143-846c-f77e78e39310
2025-08-06 15:02:12 INFO  c.d.f.c.OperationsController - POST /api/operations/calculate - Received 4 calculation items
2025-08-06 15:02:12 INFO  c.d.f.service.OperationsService - Parámetros cargados → interest=0.18, commission=0.0025, base=360
2025-08-06 15:02:12 INFO  c.d.f.service.OperationsService - Starting calculate() for 4 items
2025-08-06 15:02:12 INFO  c.d.f.service.OperationsService - Totals → finance=41716.46, interests=1188.93, commission=104.29, disburse=41612.17
2025-08-06 15:02:12 INFO  c.d.f.c.OperationsController - Calculation successful for 4 items
2025-08-06 15:03:00 INFO  o.s.b.d.a.LocalDevToolsAutoConfiguration$RestartingClassPathChangeChangedEventListener - Restarting due to 1 class path change (0 additions, 0 deletions, 1 modification)
2025-08-06 15:03:00 INFO  o.a.catalina.core.StandardService - Stopping service [Tomcat]
2025-08-06 15:03:00 INFO  o.a.c.c.C.[Tomcat].[localhost].[/] - Destroying Spring FrameworkServlet 'dispatcherServlet'
2025-08-06 15:03:00 INFO  o.s.o.j.LocalContainerEntityManagerFactoryBean - Closing JPA EntityManagerFactory for persistence unit 'default'
2025-08-06 15:03:00 INFO  com.zaxxer.hikari.HikariDataSource - HikariPool-1 - Shutdown initiated...
2025-08-06 15:03:00 INFO  com.zaxxer.hikari.HikariDataSource - HikariPool-1 - Shutdown completed.
