2025-08-01 11:07:41 INFO  c.d.factoraje.FactorajeApplication - Starting FactorajeApplication using Java 21.0.7 on ch-HP-Pavilion-Gaming-Laptop-15-ec1xxx with PID 86667 (/home/ch/Documents/DEV/Entregables Davicash/Server/target/classes started by ch in /home/ch/Documents/DEV/Entregables Davicash/Server)
2025-08-01 11:07:41 INFO  c.d.factoraje.FactorajeApplication - No active profile set, falling back to 1 default profile: "default"
2025-08-01 11:07:41 INFO  o.s.b.d.e.DevToolsPropertyDefaultsPostProcessor - Devtools property defaults active! Set 'spring.devtools.add-properties' to 'false' to disable
2025-08-01 11:07:41 INFO  o.s.b.d.e.DevToolsPropertyDefaultsPostProcessor - For additional web related logging consider setting the 'logging.level.web' property to 'DEBUG'
2025-08-01 11:07:42 INFO  o.s.d.r.c.RepositoryConfigurationDelegate - Bootstrapping Spring Data JPA repositories in DEFAULT mode.
2025-08-01 11:07:42 INFO  o.s.d.r.c.RepositoryConfigurationDelegate - Finished Spring Data repository scanning in 85 ms. Found 8 JPA repository interfaces.
2025-08-01 11:07:43 INFO  o.s.b.w.e.tomcat.TomcatWebServer - Tomcat initialized with port(s): 8080 (http)
2025-08-01 11:07:43 INFO  o.a.catalina.core.StandardService - Starting service [Tomcat]
2025-08-01 11:07:43 INFO  o.a.catalina.core.StandardEngine - Starting Servlet engine: [Apache Tomcat/9.0.83]
2025-08-01 11:07:43 INFO  o.a.c.c.C.[Tomcat].[localhost].[/] - Initializing Spring embedded WebApplicationContext
2025-08-01 11:07:43 INFO  o.s.b.w.s.c.ServletWebServerApplicationContext - Root WebApplicationContext: initialization completed in 1701 ms
2025-08-01 11:07:43 INFO  o.h.jpa.internal.util.LogHelper - HHH000204: Processing PersistenceUnitInfo [name: default]
2025-08-01 11:07:43 INFO  org.hibernate.Version - HHH000412: Hibernate ORM core version 5.6.15.Final
2025-08-01 11:07:43 INFO  o.h.annotations.common.Version - HCANN000001: Hibernate Commons Annotations {5.1.2.Final}
2025-08-01 11:07:43 INFO  com.zaxxer.hikari.HikariDataSource - HikariPool-1 - Starting...
2025-08-01 11:07:44 INFO  com.zaxxer.hikari.HikariDataSource - HikariPool-1 - Start completed.
2025-08-01 11:07:44 INFO  org.hibernate.dialect.Dialect - HHH000400: Using dialect: org.hibernate.dialect.PostgreSQLDialect
2025-08-01 11:07:45 INFO  o.h.e.t.j.p.i.JtaPlatformInitiator - HHH000490: Using JtaPlatform implementation: [org.hibernate.engine.transaction.jta.platform.internal.NoJtaPlatform]
2025-08-01 11:07:45 INFO  o.s.o.j.LocalContainerEntityManagerFactoryBean - Initialized JPA EntityManagerFactory for persistence unit 'default'
2025-08-01 11:07:45 WARN  o.s.b.a.o.j.JpaBaseConfiguration$JpaWebConfiguration - spring.jpa.open-in-view is enabled by default. Therefore, database queries may be performed during view rendering. Explicitly configure spring.jpa.open-in-view to disable this warning
2025-08-01 11:07:45 WARN  o.s.b.a.t.ThymeleafAutoConfiguration$DefaultTemplateResolverConfiguration - Cannot find template location: classpath:/templates/ (please add some templates, check your Thymeleaf configuration, or set spring.thymeleaf.check-template-location=false)
2025-08-01 11:07:46 INFO  o.s.b.d.a.OptionalLiveReloadServer - LiveReload server is running on port 35729
2025-08-01 11:07:46 INFO  o.s.b.w.e.tomcat.TomcatWebServer - Tomcat started on port(s): 8080 (http) with context path ''
2025-08-01 11:07:46 INFO  c.d.factoraje.FactorajeApplication - Started FactorajeApplication in 5.253 seconds (JVM running for 5.903)
2025-08-01 11:14:48 INFO  o.s.b.d.a.LocalDevToolsAutoConfiguration$RestartingClassPathChangeChangedEventListener - Restarting due to 1 class path change (0 additions, 0 deletions, 1 modification)
2025-08-01 11:14:48 INFO  o.a.catalina.core.StandardService - Stopping service [Tomcat]
2025-08-01 11:14:48 INFO  o.s.o.j.LocalContainerEntityManagerFactoryBean - Closing JPA EntityManagerFactory for persistence unit 'default'
2025-08-01 11:14:48 INFO  com.zaxxer.hikari.HikariDataSource - HikariPool-1 - Shutdown initiated...
2025-08-01 11:14:48 INFO  com.zaxxer.hikari.HikariDataSource - HikariPool-1 - Shutdown completed.
2025-08-01 11:14:51 INFO  c.d.factoraje.FactorajeApplication - Starting FactorajeApplication using Java 21.0.7 on ch-HP-Pavilion-Gaming-Laptop-15-ec1xxx with PID 88664 (/home/ch/Documents/DEV/Entregables Davicash/Server/target/classes started by ch in /home/ch/Documents/DEV/Entregables Davicash/Server)
2025-08-01 11:14:51 INFO  c.d.factoraje.FactorajeApplication - No active profile set, falling back to 1 default profile: "default"
2025-08-01 11:14:51 INFO  o.s.b.d.e.DevToolsPropertyDefaultsPostProcessor - Devtools property defaults active! Set 'spring.devtools.add-properties' to 'false' to disable
2025-08-01 11:14:51 INFO  o.s.b.d.e.DevToolsPropertyDefaultsPostProcessor - For additional web related logging consider setting the 'logging.level.web' property to 'DEBUG'
2025-08-01 11:14:52 INFO  o.s.d.r.c.RepositoryConfigurationDelegate - Bootstrapping Spring Data JPA repositories in DEFAULT mode.
2025-08-01 11:14:52 INFO  o.s.d.r.c.RepositoryConfigurationDelegate - Finished Spring Data repository scanning in 74 ms. Found 8 JPA repository interfaces.
2025-08-01 11:14:53 INFO  o.s.b.w.e.tomcat.TomcatWebServer - Tomcat initialized with port(s): 8080 (http)
2025-08-01 11:14:53 INFO  o.a.catalina.core.StandardService - Starting service [Tomcat]
2025-08-01 11:14:53 INFO  o.a.catalina.core.StandardEngine - Starting Servlet engine: [Apache Tomcat/9.0.83]
2025-08-01 11:14:53 INFO  o.a.c.c.C.[Tomcat].[localhost].[/] - Initializing Spring embedded WebApplicationContext
2025-08-01 11:14:53 INFO  o.s.b.w.s.c.ServletWebServerApplicationContext - Root WebApplicationContext: initialization completed in 1731 ms
2025-08-01 11:14:53 INFO  o.h.jpa.internal.util.LogHelper - HHH000204: Processing PersistenceUnitInfo [name: default]
2025-08-01 11:14:53 INFO  org.hibernate.Version - HHH000412: Hibernate ORM core version 5.6.15.Final
2025-08-01 11:14:53 INFO  o.h.annotations.common.Version - HCANN000001: Hibernate Commons Annotations {5.1.2.Final}
2025-08-01 11:14:54 INFO  com.zaxxer.hikari.HikariDataSource - HikariPool-1 - Starting...
2025-08-01 11:14:54 INFO  com.zaxxer.hikari.HikariDataSource - HikariPool-1 - Start completed.
2025-08-01 11:14:54 INFO  org.hibernate.dialect.Dialect - HHH000400: Using dialect: org.hibernate.dialect.PostgreSQLDialect
2025-08-01 11:14:55 INFO  o.h.e.t.j.p.i.JtaPlatformInitiator - HHH000490: Using JtaPlatform implementation: [org.hibernate.engine.transaction.jta.platform.internal.NoJtaPlatform]
2025-08-01 11:14:55 INFO  o.s.o.j.LocalContainerEntityManagerFactoryBean - Initialized JPA EntityManagerFactory for persistence unit 'default'
2025-08-01 11:14:56 WARN  o.s.b.a.o.j.JpaBaseConfiguration$JpaWebConfiguration - spring.jpa.open-in-view is enabled by default. Therefore, database queries may be performed during view rendering. Explicitly configure spring.jpa.open-in-view to disable this warning
2025-08-01 11:14:56 WARN  o.s.b.a.t.ThymeleafAutoConfiguration$DefaultTemplateResolverConfiguration - Cannot find template location: classpath:/templates/ (please add some templates, check your Thymeleaf configuration, or set spring.thymeleaf.check-template-location=false)
2025-08-01 11:14:56 INFO  o.s.b.d.a.OptionalLiveReloadServer - LiveReload server is running on port 35729
2025-08-01 11:14:56 INFO  o.s.b.w.e.tomcat.TomcatWebServer - Tomcat started on port(s): 8080 (http) with context path ''
2025-08-01 11:14:56 INFO  c.d.factoraje.FactorajeApplication - Started FactorajeApplication in 5.624 seconds (JVM running for 6.099)
2025-08-01 11:21:18 INFO  o.s.b.d.a.LocalDevToolsAutoConfiguration$RestartingClassPathChangeChangedEventListener - Restarting due to 94 class path changes (0 additions, 94 deletions, 0 modifications)
2025-08-01 11:21:18 INFO  o.a.catalina.core.StandardService - Stopping service [Tomcat]
2025-08-01 11:21:18 INFO  o.s.o.j.LocalContainerEntityManagerFactoryBean - Closing JPA EntityManagerFactory for persistence unit 'default'
2025-08-01 11:21:18 INFO  com.zaxxer.hikari.HikariDataSource - HikariPool-1 - Shutdown initiated...
2025-08-01 11:21:18 INFO  com.zaxxer.hikari.HikariDataSource - HikariPool-1 - Shutdown completed.
2025-08-01 11:44:28 INFO  c.d.factoraje.FactorajeApplication - Starting FactorajeApplication using Java 21.0.7 on ch-HP-Pavilion-Gaming-Laptop-15-ec1xxx with PID 97411 (/home/ch/Documents/DEV/Entregables Davicash/Server_CL/target/classes started by ch in /home/ch/Documents/DEV/Entregables Davicash/Server_CL)
2025-08-01 11:44:28 INFO  c.d.factoraje.FactorajeApplication - No active profile set, falling back to 1 default profile: "default"
2025-08-01 11:44:28 INFO  o.s.b.d.e.DevToolsPropertyDefaultsPostProcessor - Devtools property defaults active! Set 'spring.devtools.add-properties' to 'false' to disable
2025-08-01 11:44:28 INFO  o.s.b.d.e.DevToolsPropertyDefaultsPostProcessor - For additional web related logging consider setting the 'logging.level.web' property to 'DEBUG'
2025-08-01 11:44:28 INFO  o.s.d.r.c.RepositoryConfigurationDelegate - Bootstrapping Spring Data JPA repositories in DEFAULT mode.
2025-08-01 11:44:29 INFO  o.s.d.r.c.RepositoryConfigurationDelegate - Finished Spring Data repository scanning in 75 ms. Found 8 JPA repository interfaces.
2025-08-01 11:44:29 INFO  o.s.b.w.e.tomcat.TomcatWebServer - Tomcat initialized with port(s): 8080 (http)
2025-08-01 11:44:29 INFO  o.a.catalina.core.StandardService - Starting service [Tomcat]
2025-08-01 11:44:29 INFO  o.a.catalina.core.StandardEngine - Starting Servlet engine: [Apache Tomcat/9.0.83]
2025-08-01 11:44:29 INFO  o.a.c.c.C.[Tomcat].[localhost].[/] - Initializing Spring embedded WebApplicationContext
2025-08-01 11:44:29 INFO  o.s.b.w.s.c.ServletWebServerApplicationContext - Root WebApplicationContext: initialization completed in 1529 ms
2025-08-01 11:44:29 INFO  o.h.jpa.internal.util.LogHelper - HHH000204: Processing PersistenceUnitInfo [name: default]
2025-08-01 11:44:29 INFO  org.hibernate.Version - HHH000412: Hibernate ORM core version 5.6.15.Final
2025-08-01 11:44:30 INFO  o.h.annotations.common.Version - HCANN000001: Hibernate Commons Annotations {5.1.2.Final}
2025-08-01 11:44:30 INFO  com.zaxxer.hikari.HikariDataSource - HikariPool-1 - Starting...
2025-08-01 11:44:30 INFO  com.zaxxer.hikari.HikariDataSource - HikariPool-1 - Start completed.
2025-08-01 11:44:30 INFO  org.hibernate.dialect.Dialect - HHH000400: Using dialect: org.hibernate.dialect.PostgreSQLDialect
2025-08-01 11:44:31 INFO  o.h.e.t.j.p.i.JtaPlatformInitiator - HHH000490: Using JtaPlatform implementation: [org.hibernate.engine.transaction.jta.platform.internal.NoJtaPlatform]
2025-08-01 11:44:31 INFO  o.s.o.j.LocalContainerEntityManagerFactoryBean - Initialized JPA EntityManagerFactory for persistence unit 'default'
2025-08-01 11:44:32 INFO  c.d.f.c.OperationsController - OperationsController initialized
2025-08-01 11:44:32 WARN  o.s.b.a.o.j.JpaBaseConfiguration$JpaWebConfiguration - spring.jpa.open-in-view is enabled by default. Therefore, database queries may be performed during view rendering. Explicitly configure spring.jpa.open-in-view to disable this warning
2025-08-01 11:44:32 INFO  o.s.b.d.a.OptionalLiveReloadServer - LiveReload server is running on port 35729
2025-08-01 11:44:32 INFO  o.s.b.w.e.tomcat.TomcatWebServer - Tomcat started on port(s): 8080 (http) with context path ''
2025-08-01 11:44:32 INFO  c.d.factoraje.FactorajeApplication - Started FactorajeApplication in 5.024 seconds (JVM running for 5.481)
2025-08-01 11:46:22 INFO  o.a.c.c.C.[Tomcat].[localhost].[/] - Initializing Spring DispatcherServlet 'dispatcherServlet'
2025-08-01 11:46:22 INFO  o.s.web.servlet.DispatcherServlet - Initializing Servlet 'dispatcherServlet'
2025-08-01 11:46:22 INFO  o.s.web.servlet.DispatcherServlet - Completed initialization in 1 ms
2025-08-01 11:46:40 WARN  o.h.e.jdbc.spi.SqlExceptionHelper - SQL Error: 0, SQLState: 23505
2025-08-01 11:46:40 ERROR o.h.e.jdbc.spi.SqlExceptionHelper - ERROR: duplicate key value violates unique constraint "uk_7pbljc8fr900j7wbeti1fkmka"
  Detail: Key (document_number)=(4567) already exists.
2025-08-01 11:46:40 INFO  o.h.e.j.b.internal.AbstractBatchImpl - HHH000010: On release of batch it still contained JDBC statements
2025-08-01 11:49:25 INFO  c.d.f.c.OperationsController - POST /api/operations/calculate - Received 2 calculation items
2025-08-01 11:49:25 INFO  c.d.f.c.OperationsController - Calculation successful for 2 items
2025-08-01 11:49:27 INFO  c.d.f.c.OperationsController - POST /api/operations/calculate - Received 1 calculation items
2025-08-01 11:49:27 INFO  c.d.f.c.OperationsController - Calculation successful for 1 items
2025-08-01 11:49:28 INFO  c.d.f.c.OperationsController - POST /api/operations/calculate - Received 2 calculation items
2025-08-01 11:49:28 INFO  c.d.f.c.OperationsController - Calculation successful for 2 items
2025-08-01 11:49:29 INFO  c.d.f.c.OperationsController - POST /api/operations/calculate - Received 1 calculation items
2025-08-01 11:49:29 INFO  c.d.f.c.OperationsController - Calculation successful for 1 items
2025-08-01 11:51:40 INFO  o.s.b.d.a.LocalDevToolsAutoConfiguration$RestartingClassPathChangeChangedEventListener - Restarting due to 1 class path change (0 additions, 0 deletions, 1 modification)
2025-08-01 11:51:40 INFO  o.a.catalina.core.StandardService - Stopping service [Tomcat]
2025-08-01 11:51:40 INFO  o.a.c.c.C.[Tomcat].[localhost].[/] - Destroying Spring FrameworkServlet 'dispatcherServlet'
2025-08-01 11:51:40 INFO  o.s.o.j.LocalContainerEntityManagerFactoryBean - Closing JPA EntityManagerFactory for persistence unit 'default'
2025-08-01 11:51:40 INFO  com.zaxxer.hikari.HikariDataSource - HikariPool-1 - Shutdown initiated...
2025-08-01 11:51:40 INFO  com.zaxxer.hikari.HikariDataSource - HikariPool-1 - Shutdown completed.
2025-08-01 16:34:22 INFO  c.d.factoraje.FactorajeApplication - Starting FactorajeApplication using Java 21.0.7 on ch-HP-Pavilion-Gaming-Laptop-15-ec1xxx with PID 144256 (/home/ch/Documents/DEV/Entregables Davicash/Server_CL/target/classes started by ch in /home/ch/Documents/DEV/Entregables Davicash/Server_CL)
2025-08-01 16:34:22 INFO  c.d.factoraje.FactorajeApplication - No active profile set, falling back to 1 default profile: "default"
2025-08-01 16:34:22 INFO  o.s.b.d.e.DevToolsPropertyDefaultsPostProcessor - Devtools property defaults active! Set 'spring.devtools.add-properties' to 'false' to disable
2025-08-01 16:34:22 INFO  o.s.b.d.e.DevToolsPropertyDefaultsPostProcessor - For additional web related logging consider setting the 'logging.level.web' property to 'DEBUG'
2025-08-01 16:34:23 INFO  o.s.d.r.c.RepositoryConfigurationDelegate - Bootstrapping Spring Data JPA repositories in DEFAULT mode.
2025-08-01 16:34:23 INFO  o.s.d.r.c.RepositoryConfigurationDelegate - Finished Spring Data repository scanning in 81 ms. Found 8 JPA repository interfaces.
2025-08-01 16:34:24 INFO  o.s.b.w.e.tomcat.TomcatWebServer - Tomcat initialized with port(s): 8080 (http)
2025-08-01 16:34:24 INFO  o.a.catalina.core.StandardService - Starting service [Tomcat]
2025-08-01 16:34:24 INFO  o.a.catalina.core.StandardEngine - Starting Servlet engine: [Apache Tomcat/9.0.83]
2025-08-01 16:34:24 INFO  o.a.c.c.C.[Tomcat].[localhost].[/] - Initializing Spring embedded WebApplicationContext
2025-08-01 16:34:24 INFO  o.s.b.w.s.c.ServletWebServerApplicationContext - Root WebApplicationContext: initialization completed in 1719 ms
2025-08-01 16:34:24 INFO  o.h.jpa.internal.util.LogHelper - HHH000204: Processing PersistenceUnitInfo [name: default]
2025-08-01 16:34:24 INFO  org.hibernate.Version - HHH000412: Hibernate ORM core version 5.6.15.Final
2025-08-01 16:34:25 INFO  o.h.annotations.common.Version - HCANN000001: Hibernate Commons Annotations {5.1.2.Final}
2025-08-01 16:34:25 INFO  com.zaxxer.hikari.HikariDataSource - HikariPool-1 - Starting...
2025-08-01 16:34:25 INFO  com.zaxxer.hikari.HikariDataSource - HikariPool-1 - Start completed.
2025-08-01 16:34:25 INFO  org.hibernate.dialect.Dialect - HHH000400: Using dialect: org.hibernate.dialect.PostgreSQLDialect
2025-08-01 16:34:26 INFO  o.h.e.t.j.p.i.JtaPlatformInitiator - HHH000490: Using JtaPlatform implementation: [org.hibernate.engine.transaction.jta.platform.internal.NoJtaPlatform]
2025-08-01 16:34:26 INFO  o.s.o.j.LocalContainerEntityManagerFactoryBean - Initialized JPA EntityManagerFactory for persistence unit 'default'
2025-08-01 16:34:27 INFO  c.d.f.service.AgreementService - AgreementService initialized
2025-08-01 16:34:27 INFO  c.d.f.controller.AgreementController - AgreementController initialized
2025-08-01 16:34:27 INFO  c.d.factoraje.service.RoleService - RoleService initialized
2025-08-01 16:34:27 INFO  c.d.factoraje.service.UserService - UserService initialized
2025-08-01 16:34:27 INFO  c.d.factoraje.service.EntityService - EntityService initialized
2025-08-01 16:34:27 INFO  c.d.f.controller.AuthController - AuthController initialized
2025-08-01 16:34:27 INFO  c.d.f.service.DocumentService - DocumentService initialized
2025-08-01 16:34:27 INFO  c.d.f.controller.DocumentController - DocumentController initialized
2025-08-01 16:34:27 INFO  c.d.f.controller.EntityController - EntityController initialized
2025-08-01 16:34:27 INFO  c.d.f.c.OperationsController - OperationsController initialized
2025-08-01 16:34:27 INFO  c.d.f.service.PermissionService - PermissionService initialized
2025-08-01 16:34:27 INFO  c.d.f.c.PermissionController - PermissionController initialized
2025-08-01 16:34:27 INFO  c.d.f.c.ProcessFileController - ProcessFileController initialized
2025-08-01 16:34:27 INFO  c.d.f.controller.RoleController - RoleController initialized
2025-08-01 16:34:27 INFO  c.d.f.controller.DocumentController - UserController initialized
2025-08-01 16:34:27 WARN  o.s.b.a.o.j.JpaBaseConfiguration$JpaWebConfiguration - spring.jpa.open-in-view is enabled by default. Therefore, database queries may be performed during view rendering. Explicitly configure spring.jpa.open-in-view to disable this warning
2025-08-01 16:34:27 INFO  o.s.b.d.a.OptionalLiveReloadServer - LiveReload server is running on port 35729
2025-08-01 16:34:28 INFO  o.s.b.w.e.tomcat.TomcatWebServer - Tomcat started on port(s): 8080 (http) with context path ''
2025-08-01 16:34:28 INFO  c.d.factoraje.FactorajeApplication - Started FactorajeApplication in 5.658 seconds (JVM running for 6.245)
2025-08-01 16:34:45 INFO  o.a.c.c.C.[Tomcat].[localhost].[/] - Initializing Spring DispatcherServlet 'dispatcherServlet'
2025-08-01 16:34:45 INFO  o.s.web.servlet.DispatcherServlet - Initializing Servlet 'dispatcherServlet'
2025-08-01 16:34:45 INFO  o.s.web.servlet.DispatcherServlet - Completed initialization in 0 ms
2025-08-01 16:34:57 WARN  o.s.w.s.m.m.a.ExceptionHandlerExceptionResolver - Resolved [java.lang.IllegalArgumentException: When allowCredentials is true, allowedOrigins cannot contain the special value "*" since that cannot be set on the "Access-Control-Allow-Origin" response header. To allow credentials to a set of origins, list them explicitly or consider using "allowedOriginPatterns" instead.]
2025-08-01 16:35:09 WARN  o.s.w.s.m.m.a.ExceptionHandlerExceptionResolver - Resolved [java.lang.IllegalArgumentException: When allowCredentials is true, allowedOrigins cannot contain the special value "*" since that cannot be set on the "Access-Control-Allow-Origin" response header. To allow credentials to a set of origins, list them explicitly or consider using "allowedOriginPatterns" instead.]
2025-08-01 16:35:09 WARN  o.s.w.s.m.m.a.ExceptionHandlerExceptionResolver - Resolved [java.lang.IllegalArgumentException: When allowCredentials is true, allowedOrigins cannot contain the special value "*" since that cannot be set on the "Access-Control-Allow-Origin" response header. To allow credentials to a set of origins, list them explicitly or consider using "allowedOriginPatterns" instead.]
2025-08-01 16:35:56 WARN  o.s.w.s.m.m.a.ExceptionHandlerExceptionResolver - Resolved [java.lang.IllegalArgumentException: When allowCredentials is true, allowedOrigins cannot contain the special value "*" since that cannot be set on the "Access-Control-Allow-Origin" response header. To allow credentials to a set of origins, list them explicitly or consider using "allowedOriginPatterns" instead.]
2025-08-01 16:35:56 WARN  o.s.w.s.m.m.a.ExceptionHandlerExceptionResolver - Resolved [java.lang.IllegalArgumentException: When allowCredentials is true, allowedOrigins cannot contain the special value "*" since that cannot be set on the "Access-Control-Allow-Origin" response header. To allow credentials to a set of origins, list them explicitly or consider using "allowedOriginPatterns" instead.]
2025-08-01 16:36:03 WARN  o.s.w.s.m.m.a.ExceptionHandlerExceptionResolver - Resolved [java.lang.IllegalArgumentException: When allowCredentials is true, allowedOrigins cannot contain the special value "*" since that cannot be set on the "Access-Control-Allow-Origin" response header. To allow credentials to a set of origins, list them explicitly or consider using "allowedOriginPatterns" instead.]
2025-08-01 16:36:57 WARN  o.s.w.s.m.m.a.ExceptionHandlerExceptionResolver - Resolved [java.lang.IllegalArgumentException: When allowCredentials is true, allowedOrigins cannot contain the special value "*" since that cannot be set on the "Access-Control-Allow-Origin" response header. To allow credentials to a set of origins, list them explicitly or consider using "allowedOriginPatterns" instead.]
2025-08-01 16:36:57 WARN  o.s.w.s.m.m.a.ExceptionHandlerExceptionResolver - Resolved [java.lang.IllegalArgumentException: When allowCredentials is true, allowedOrigins cannot contain the special value "*" since that cannot be set on the "Access-Control-Allow-Origin" response header. To allow credentials to a set of origins, list them explicitly or consider using "allowedOriginPatterns" instead.]
2025-08-01 16:37:04 WARN  o.s.w.s.m.m.a.ExceptionHandlerExceptionResolver - Resolved [java.lang.IllegalArgumentException: When allowCredentials is true, allowedOrigins cannot contain the special value "*" since that cannot be set on the "Access-Control-Allow-Origin" response header. To allow credentials to a set of origins, list them explicitly or consider using "allowedOriginPatterns" instead.]
2025-08-01 16:37:12 INFO  o.s.o.j.LocalContainerEntityManagerFactoryBean - Closing JPA EntityManagerFactory for persistence unit 'default'
2025-08-01 16:37:12 INFO  com.zaxxer.hikari.HikariDataSource - HikariPool-1 - Shutdown initiated...
2025-08-01 16:37:12 INFO  com.zaxxer.hikari.HikariDataSource - HikariPool-1 - Shutdown completed.
2025-08-01 16:37:13 INFO  c.d.factoraje.FactorajeApplication - Starting FactorajeApplication using Java 21.0.7 on ch-HP-Pavilion-Gaming-Laptop-15-ec1xxx with PID 145417 (/home/ch/Documents/DEV/Entregables Davicash/Server_CL/target/classes started by ch in /home/ch/Documents/DEV/Entregables Davicash/Server_CL)
2025-08-01 16:37:13 INFO  c.d.factoraje.FactorajeApplication - No active profile set, falling back to 1 default profile: "default"
2025-08-01 16:37:13 INFO  o.s.b.d.e.DevToolsPropertyDefaultsPostProcessor - Devtools property defaults active! Set 'spring.devtools.add-properties' to 'false' to disable
2025-08-01 16:37:13 INFO  o.s.b.d.e.DevToolsPropertyDefaultsPostProcessor - For additional web related logging consider setting the 'logging.level.web' property to 'DEBUG'
2025-08-01 16:37:14 INFO  o.s.d.r.c.RepositoryConfigurationDelegate - Bootstrapping Spring Data JPA repositories in DEFAULT mode.
2025-08-01 16:37:14 INFO  o.s.d.r.c.RepositoryConfigurationDelegate - Finished Spring Data repository scanning in 80 ms. Found 8 JPA repository interfaces.
2025-08-01 16:37:15 INFO  o.s.b.w.e.tomcat.TomcatWebServer - Tomcat initialized with port(s): 8080 (http)
2025-08-01 16:37:15 INFO  o.a.catalina.core.StandardService - Starting service [Tomcat]
2025-08-01 16:37:15 INFO  o.a.catalina.core.StandardEngine - Starting Servlet engine: [Apache Tomcat/9.0.83]
2025-08-01 16:37:15 INFO  o.a.c.c.C.[Tomcat].[localhost].[/] - Initializing Spring embedded WebApplicationContext
2025-08-01 16:37:15 INFO  o.s.b.w.s.c.ServletWebServerApplicationContext - Root WebApplicationContext: initialization completed in 1528 ms
2025-08-01 16:37:15 INFO  o.h.jpa.internal.util.LogHelper - HHH000204: Processing PersistenceUnitInfo [name: default]
2025-08-01 16:37:15 INFO  org.hibernate.Version - HHH000412: Hibernate ORM core version 5.6.15.Final
2025-08-01 16:37:15 INFO  o.h.annotations.common.Version - HCANN000001: Hibernate Commons Annotations {5.1.2.Final}
2025-08-01 16:37:15 INFO  com.zaxxer.hikari.HikariDataSource - HikariPool-1 - Starting...
2025-08-01 16:37:15 INFO  com.zaxxer.hikari.HikariDataSource - HikariPool-1 - Start completed.
2025-08-01 16:37:15 INFO  org.hibernate.dialect.Dialect - HHH000400: Using dialect: org.hibernate.dialect.PostgreSQLDialect
2025-08-01 16:37:16 INFO  o.h.e.t.j.p.i.JtaPlatformInitiator - HHH000490: Using JtaPlatform implementation: [org.hibernate.engine.transaction.jta.platform.internal.NoJtaPlatform]
2025-08-01 16:37:16 INFO  o.s.o.j.LocalContainerEntityManagerFactoryBean - Initialized JPA EntityManagerFactory for persistence unit 'default'
2025-08-01 16:37:17 INFO  c.d.f.service.AgreementService - AgreementService initialized
2025-08-01 16:37:17 INFO  c.d.f.controller.AgreementController - AgreementController initialized
2025-08-01 16:37:17 INFO  c.d.factoraje.service.RoleService - RoleService initialized
2025-08-01 16:37:17 INFO  c.d.factoraje.service.UserService - UserService initialized
2025-08-01 16:37:17 INFO  c.d.factoraje.service.EntityService - EntityService initialized
2025-08-01 16:37:17 INFO  c.d.f.controller.AuthController - AuthController initialized
2025-08-01 16:37:17 INFO  c.d.f.service.DocumentService - DocumentService initialized
2025-08-01 16:37:17 INFO  c.d.f.controller.DocumentController - DocumentController initialized
2025-08-01 16:37:17 INFO  c.d.f.controller.EntityController - EntityController initialized
2025-08-01 16:37:17 INFO  c.d.f.c.OperationsController - OperationsController initialized
2025-08-01 16:37:17 INFO  c.d.f.service.PermissionService - PermissionService initialized
2025-08-01 16:37:17 INFO  c.d.f.c.PermissionController - PermissionController initialized
2025-08-01 16:37:17 INFO  c.d.f.c.ProcessFileController - ProcessFileController initialized
2025-08-01 16:37:17 INFO  c.d.f.controller.RoleController - RoleController initialized
2025-08-01 16:37:17 INFO  c.d.f.controller.DocumentController - UserController initialized
2025-08-01 16:37:17 WARN  o.s.b.a.o.j.JpaBaseConfiguration$JpaWebConfiguration - spring.jpa.open-in-view is enabled by default. Therefore, database queries may be performed during view rendering. Explicitly configure spring.jpa.open-in-view to disable this warning
2025-08-01 16:37:17 INFO  o.s.b.d.a.OptionalLiveReloadServer - LiveReload server is running on port 35729
2025-08-01 16:37:17 INFO  o.s.b.w.e.tomcat.TomcatWebServer - Tomcat started on port(s): 8080 (http) with context path ''
2025-08-01 16:37:17 INFO  c.d.factoraje.FactorajeApplication - Started FactorajeApplication in 4.788 seconds (JVM running for 5.191)
2025-08-01 16:37:38 INFO  o.a.c.c.C.[Tomcat].[localhost].[/] - Initializing Spring DispatcherServlet 'dispatcherServlet'
2025-08-01 16:37:38 INFO  o.s.web.servlet.DispatcherServlet - Initializing Servlet 'dispatcherServlet'
2025-08-01 16:37:38 INFO  o.s.web.servlet.DispatcherServlet - Completed initialization in 0 ms
2025-08-01 16:37:38 WARN  o.s.w.s.m.m.a.ExceptionHandlerExceptionResolver - Resolved [java.lang.IllegalArgumentException: When allowCredentials is true, allowedOrigins cannot contain the special value "*" since that cannot be set on the "Access-Control-Allow-Origin" response header. To allow credentials to a set of origins, list them explicitly or consider using "allowedOriginPatterns" instead.]
2025-08-01 16:37:38 WARN  o.s.w.s.m.m.a.ExceptionHandlerExceptionResolver - Resolved [java.lang.IllegalArgumentException: When allowCredentials is true, allowedOrigins cannot contain the special value "*" since that cannot be set on the "Access-Control-Allow-Origin" response header. To allow credentials to a set of origins, list them explicitly or consider using "allowedOriginPatterns" instead.]
2025-08-01 16:37:57 WARN  o.s.w.s.m.m.a.ExceptionHandlerExceptionResolver - Resolved [java.lang.IllegalArgumentException: When allowCredentials is true, allowedOrigins cannot contain the special value "*" since that cannot be set on the "Access-Control-Allow-Origin" response header. To allow credentials to a set of origins, list them explicitly or consider using "allowedOriginPatterns" instead.]
2025-08-01 16:38:47 INFO  o.s.b.d.a.LocalDevToolsAutoConfiguration$RestartingClassPathChangeChangedEventListener - Restarting due to 1 class path change (0 additions, 0 deletions, 1 modification)
2025-08-01 16:38:47 INFO  o.a.catalina.core.StandardService - Stopping service [Tomcat]
2025-08-01 16:38:47 INFO  o.a.c.c.C.[Tomcat].[localhost].[/] - Destroying Spring FrameworkServlet 'dispatcherServlet'
2025-08-01 16:38:47 INFO  o.s.o.j.LocalContainerEntityManagerFactoryBean - Closing JPA EntityManagerFactory for persistence unit 'default'
2025-08-01 16:38:47 INFO  com.zaxxer.hikari.HikariDataSource - HikariPool-1 - Shutdown initiated...
2025-08-01 16:38:47 INFO  com.zaxxer.hikari.HikariDataSource - HikariPool-1 - Shutdown completed.
